<?xml version="1.0" encoding="UTF-8" ?>
<testsuite failures="0" time="2.716" errors="1" skipped="0" tests="1" name="nla.local.AppTest">
  <properties>
[...]
</properties>
  <testcase time="2.716" classname="nla.local.AppTest" name="testApp">
    <error message="Error creating bean with name &apos;subjectService&apos; defined in file [D:\users\beresnev\projects\NKA_NET3\nka_net3\services\target\classes\nla\local\services\SubjectService.class]: Instantiation of bean failed; nested exception is org.springframework.beans.BeanInstantiationException: Could not instantiate bean class [nla.local.services.SubjectService]: No default constructor found; nested exception is java.lang.NoSuchMethodException: nla.local.services.SubjectService.&lt;init&gt;()" type="org.springframework.beans.factory.BeanCreationException">org.springframework.beans.factory.BeanCreationException: Error creating bean with name &apos;subjectService&apos; defined in file [D:\users\beresnev\projects\NKA_NET3\nka_net3\services\target\classes\nla\local\services\SubjectService.class]: Instantiation of bean failed; nested exception is org.springframework.beans.BeanInstantiationException: Could not instantiate bean class [nla.local.services.SubjectService]: No default constructor found; nested exception is java.lang.NoSuchMethodException: nla.local.services.SubjectService.&lt;init&gt;()
	at org.springframework.beans.factory.support.AbstractAutowireCapableBeanFactory.instantiateBean(AbstractAutowireCapableBeanFactory.java:1076)
	at org.springframework.beans.factory.support.AbstractAutowireCapableBeanFactory.createBeanInstance(AbstractAutowireCapableBeanFactory.java:1021)
	at org.springframework.beans.factory.support.AbstractAutowireCapableBeanFactory.doCreateBean(AbstractAutowireCapableBeanFactory.java:504)
	at org.springframework.beans.factory.support.AbstractAutowireCapableBeanFactory.createBean(AbstractAutowireCapableBeanFactory.java:475)
	at org.springframework.beans.factory.support.AbstractBeanFactory$1.getObject(AbstractBeanFactory.java:304)
	at org.springframework.beans.factory.support.DefaultSingletonBeanRegistry.getSingleton(DefaultSingletonBeanRegistry.java:228)
	at org.springframework.beans.factory.support.AbstractBeanFactory.doGetBean(AbstractBeanFactory.java:300)
	at org.springframework.beans.factory.support.AbstractBeanFactory.getBean(AbstractBeanFactory.java:195)
	at org.springframework.beans.factory.support.DefaultListableBeanFactory.preInstantiateSingletons(DefaultListableBeanFactory.java:703)
	at org.springframework.context.support.AbstractApplicationContext.finishBeanFactoryInitialization(AbstractApplicationContext.java:760)
	at org.springframework.context.support.AbstractApplicationContext.refresh(AbstractApplicationContext.java:482)
	at org.springframework.context.support.ClassPathXmlApplicationContext.&lt;init&gt;(ClassPathXmlApplicationContext.java:139)
	at org.springframework.context.support.ClassPathXmlApplicationContext.&lt;init&gt;(ClassPathXmlApplicationContext.java:83)
	at nla.local.AppTest.testApp(AppTest.java:48)
Caused by: org.springframework.beans.BeanInstantiationException: Could not instantiate bean class [nla.local.services.SubjectService]: No default constructor found; nested exception is java.lang.NoSuchMethodException: nla.local.services.SubjectService.&lt;init&gt;()
	at org.springframework.beans.factory.support.SimpleInstantiationStrategy.instantiate(SimpleInstantiationStrategy.java:85)
	at org.springframework.beans.factory.support.AbstractAutowireCapableBeanFactory.instantiateBean(AbstractAutowireCapableBeanFactory.java:1069)
	... 41 more
Caused by: java.lang.NoSuchMethodException: nla.local.services.SubjectService.&lt;init&gt;()
	at java.lang.Class.getConstructor0(Class.java:2892)
	at java.lang.Class.getDeclaredConstructor(Class.java:2058)
	at org.springframework.beans.factory.support.SimpleInstantiationStrategy.instantiate(SimpleInstantiationStrategy.java:80)
	... 42 more
</error>
    <system-err>org.springframework.core.env.MutablePropertySources 2015-01-26 14:01:57,618 DEBUG - Adding [systemProperties] PropertySource with lowest search precedence
org.springframework.core.env.MutablePropertySources 2015-01-26 14:01:57,622 DEBUG - Adding [systemEnvironment] PropertySource with lowest search precedence
org.springframework.core.env.AbstractEnvironment 2015-01-26 14:01:57,622 DEBUG - Initialized StandardEnvironment with PropertySources [systemProperties,systemEnvironment]
org.springframework.context.support.AbstractApplicationContext 2015-01-26 14:01:57,625 INFO  - Refreshing org.springframework.context.support.ClassPathXmlApplicationContext@20ebd7c4: startup date [Mon Jan 26 14:01:57 GMT+03:00 2015]; root of context hierarchy
org.springframework.core.env.MutablePropertySources 2015-01-26 14:01:57,656 DEBUG - Adding [systemProperties] PropertySource with lowest search precedence
org.springframework.core.env.MutablePropertySources 2015-01-26 14:01:57,656 DEBUG - Adding [systemEnvironment] PropertySource with lowest search precedence
org.springframework.core.env.AbstractEnvironment 2015-01-26 14:01:57,656 DEBUG - Initialized StandardEnvironment with PropertySources [systemProperties,systemEnvironment]
org.springframework.beans.factory.xml.XmlBeanDefinitionReader 2015-01-26 14:01:57,665 INFO  - Loading XML bean definitions from class path resource [beans-services.xml]
org.springframework.beans.factory.xml.DefaultDocumentLoader 2015-01-26 14:01:57,678 DEBUG - Using JAXP provider [com.sun.org.apache.xerces.internal.jaxp.DocumentBuilderFactoryImpl]
org.springframework.beans.factory.xml.PluggableSchemaResolver 2015-01-26 14:01:57,699 TRACE - Trying to resolve XML entity with public id [null] and system id [http://www.springframework.org/schema/beans/spring-beans-4.0.xsd]
org.springframework.beans.factory.xml.PluggableSchemaResolver 2015-01-26 14:01:57,700 DEBUG - Loading schema mappings from [META-INF/spring.schemas]
org.springframework.beans.factory.xml.PluggableSchemaResolver 2015-01-26 14:01:57,704 DEBUG - Loaded schema mappings: {http://www.springframework.org/schema/jee/spring-jee-3.2.xsd=org/springframework/ejb/config/spring-jee-3.2.xsd, http://www.springframework.org/schema/util/spring-util.xsd=org/springframework/beans/factory/xml/spring-util-4.0.xsd, http://www.springframework.org/schema/task/spring-task.xsd=org/springframework/scheduling/config/spring-task-4.0.xsd, http://www.springframework.org/schema/beans/spring-beans-3.1.xsd=org/springframework/beans/factory/xml/spring-beans-3.1.xsd, http://www.springframework.org/schema/cache/spring-cache.xsd=org/springframework/cache/config/spring-cache-4.0.xsd, http://www.springframework.org/schema/aop/spring-aop-3.0.xsd=org/springframework/aop/config/spring-aop-3.0.xsd, http://www.springframework.org/schema/aop/spring-aop-2.0.xsd=org/springframework/aop/config/spring-aop-2.0.xsd, http://www.springframework.org/schema/task/spring-task-3.1.xsd=org/springframework/scheduling/config/spring-task-3.1.xsd, http://www.springframework.org/schema/aop/spring-aop-4.0.xsd=org/springframework/aop/config/spring-aop-4.0.xsd, http://www.springframework.org/schema/tool/spring-tool-2.5.xsd=org/springframework/beans/factory/xml/spring-tool-2.5.xsd, http://www.springframework.org/schema/beans/spring-beans.xsd=org/springframework/beans/factory/xml/spring-beans-4.0.xsd, http://www.springframework.org/schema/jee/spring-jee-2.5.xsd=org/springframework/ejb/config/spring-jee-2.5.xsd, http://www.springframework.org/schema/jdbc/spring-jdbc-3.1.xsd=org/springframework/jdbc/config/spring-jdbc-3.1.xsd, http://www.springframework.org/schema/tool/spring-tool-3.1.xsd=org/springframework/beans/factory/xml/spring-tool-3.1.xsd, http://www.springframework.org/schema/aop/spring-aop.xsd=org/springframework/aop/config/spring-aop-4.0.xsd, http://www.springframework.org/schema/jee/spring-jee-3.1.xsd=org/springframework/ejb/config/spring-jee-3.1.xsd, http://www.springframework.org/schema/tx/spring-tx-3.2.xsd=org/springframework/transaction/config/spring-tx-3.2.xsd, http://www.springframework.org/schema/context/spring-context-3.2.xsd=org/springframework/context/config/spring-context-3.2.xsd, http://www.springframework.org/schema/beans/spring-beans-2.0.xsd=org/springframework/beans/factory/xml/spring-beans-2.0.xsd, http://www.springframework.org/schema/util/spring-util-3.2.xsd=org/springframework/beans/factory/xml/spring-util-3.2.xsd, http://www.springframework.org/schema/lang/spring-lang-3.2.xsd=org/springframework/scripting/config/spring-lang-3.2.xsd, http://www.springframework.org/schema/beans/spring-beans-4.0.xsd=org/springframework/beans/factory/xml/spring-beans-4.0.xsd, http://www.springframework.org/schema/beans/spring-beans-3.0.xsd=org/springframework/beans/factory/xml/spring-beans-3.0.xsd, http://www.springframework.org/schema/cache/spring-cache-3.2.xsd=org/springframework/cache/config/spring-cache-3.2.xsd, http://www.springframework.org/schema/task/spring-task-3.0.xsd=org/springframework/scheduling/config/spring-task-3.0.xsd, http://www.springframework.org/schema/task/spring-task-4.0.xsd=org/springframework/scheduling/config/spring-task-4.0.xsd, http://www.springframework.org/schema/tx/spring-tx-2.5.xsd=org/springframework/transaction/config/spring-tx-2.5.xsd, http://www.springframework.org/schema/context/spring-context-2.5.xsd=org/springframework/context/config/spring-context-2.5.xsd, http://www.springframework.org/schema/jdbc/spring-jdbc-4.0.xsd=org/springframework/jdbc/config/spring-jdbc-4.0.xsd, http://www.springframework.org/schema/jdbc/spring-jdbc-3.0.xsd=org/springframework/jdbc/config/spring-jdbc-3.0.xsd, http://www.springframework.org/schema/tool/spring-tool-3.0.xsd=org/springframework/beans/factory/xml/spring-tool-3.0.xsd, http://www.springframework.org/schema/tx/spring-tx.xsd=org/springframework/transaction/config/spring-tx-4.0.xsd, http://www.springframework.org/schema/lang/spring-lang.xsd=org/springframework/scripting/config/spring-lang-4.0.xsd, http://www.springframework.org/schema/tool/spring-tool-2.0.xsd=org/springframework/beans/factory/xml/spring-tool-2.0.xsd, http://www.springframework.org/schema/util/spring-util-2.5.xsd=org/springframework/beans/factory/xml/spring-util-2.5.xsd, http://www.springframework.org/schema/lang/spring-lang-2.5.xsd=org/springframework/scripting/config/spring-lang-2.5.xsd, http://www.springframework.org/schema/tool/spring-tool-4.0.xsd=org/springframework/beans/factory/xml/spring-tool-4.0.xsd, http://www.springframework.org/schema/aop/spring-aop-3.2.xsd=org/springframework/aop/config/spring-aop-3.2.xsd, http://www.springframework.org/schema/jee/spring-jee-3.0.xsd=org/springframework/ejb/config/spring-jee-3.0.xsd, http://www.springframework.org/schema/tx/spring-tx-3.1.xsd=org/springframework/transaction/config/spring-tx-3.1.xsd, http://www.springframework.org/schema/jee/spring-jee-2.0.xsd=org/springframework/ejb/config/spring-jee-2.0.xsd, http://www.springframework.org/schema/context/spring-context-3.1.xsd=org/springframework/context/config/spring-context-3.1.xsd, http://www.springframework.org/schema/jee/spring-jee-4.0.xsd=org/springframework/ejb/config/spring-jee-4.0.xsd, http://www.springframework.org/schema/util/spring-util-3.1.xsd=org/springframework/beans/factory/xml/spring-util-3.1.xsd, http://www.springframework.org/schema/lang/spring-lang-3.1.xsd=org/springframework/scripting/config/spring-lang-3.1.xsd, http://www.springframework.org/schema/cache/spring-cache-3.1.xsd=org/springframework/cache/config/spring-cache-3.1.xsd, http://www.springframework.org/schema/context/spring-context.xsd=org/springframework/context/config/spring-context-4.0.xsd, http://www.springframework.org/schema/jee/spring-jee.xsd=org/springframework/ejb/config/spring-jee-4.0.xsd, http://www.springframework.org/schema/aop/spring-aop-2.5.xsd=org/springframework/aop/config/spring-aop-2.5.xsd, http://www.springframework.org/schema/jdbc/spring-jdbc.xsd=org/springframework/jdbc/config/spring-jdbc-4.0.xsd, http://www.springframework.org/schema/beans/spring-beans-3.2.xsd=org/springframework/beans/factory/xml/spring-beans-3.2.xsd, http://www.springframework.org/schema/tx/spring-tx-2.0.xsd=org/springframework/transaction/config/spring-tx-2.0.xsd, http://www.springframework.org/schema/aop/spring-aop-3.1.xsd=org/springframework/aop/config/spring-aop-3.1.xsd, http://www.springframework.org/schema/tx/spring-tx-4.0.xsd=org/springframework/transaction/config/spring-tx-4.0.xsd, http://www.springframework.org/schema/task/spring-task-3.2.xsd=org/springframework/scheduling/config/spring-task-3.2.xsd, http://www.springframework.org/schema/context/spring-context-4.0.xsd=org/springframework/context/config/spring-context-4.0.xsd, http://www.springframework.org/schema/tx/spring-tx-3.0.xsd=org/springframework/transaction/config/spring-tx-3.0.xsd, http://www.springframework.org/schema/context/spring-context-3.0.xsd=org/springframework/context/config/spring-context-3.0.xsd, http://www.springframework.org/schema/tool/spring-tool.xsd=org/springframework/beans/factory/xml/spring-tool-4.0.xsd, http://www.springframework.org/schema/util/spring-util-3.0.xsd=org/springframework/beans/factory/xml/spring-util-3.0.xsd, http://www.springframework.org/schema/lang/spring-lang-3.0.xsd=org/springframework/scripting/config/spring-lang-3.0.xsd, http://www.springframework.org/schema/util/spring-util-2.0.xsd=org/springframework/beans/factory/xml/spring-util-2.0.xsd, http://www.springframework.org/schema/cache/spring-cache-4.0.xsd=org/springframework/cache/config/spring-cache-4.0.xsd, http://www.springframework.org/schema/lang/spring-lang-2.0.xsd=org/springframework/scripting/config/spring-lang-2.0.xsd, http://www.springframework.org/schema/util/spring-util-4.0.xsd=org/springframework/beans/factory/xml/spring-util-4.0.xsd, http://www.springframework.org/schema/lang/spring-lang-4.0.xsd=org/springframework/scripting/config/spring-lang-4.0.xsd, http://www.springframework.org/schema/jdbc/spring-jdbc-3.2.xsd=org/springframework/jdbc/config/spring-jdbc-3.2.xsd, http://www.springframework.org/schema/tool/spring-tool-3.2.xsd=org/springframework/beans/factory/xml/spring-tool-3.2.xsd, http://www.springframework.org/schema/beans/spring-beans-2.5.xsd=org/springframework/beans/factory/xml/spring-beans-2.5.xsd}
org.springframework.beans.factory.xml.PluggableSchemaResolver 2015-01-26 14:01:57,706 DEBUG - Found XML schema [http://www.springframework.org/schema/beans/spring-beans-4.0.xsd] in classpath: org/springframework/beans/factory/xml/spring-beans-4.0.xsd
org.springframework.beans.factory.xml.PluggableSchemaResolver 2015-01-26 14:01:57,745 TRACE - Trying to resolve XML entity with public id [null] and system id [http://www.springframework.org/schema/context/spring-context-4.0.xsd]
org.springframework.beans.factory.xml.PluggableSchemaResolver 2015-01-26 14:01:57,746 DEBUG - Found XML schema [http://www.springframework.org/schema/context/spring-context-4.0.xsd] in classpath: org/springframework/context/config/spring-context-4.0.xsd
org.springframework.beans.factory.xml.PluggableSchemaResolver 2015-01-26 14:01:57,751 TRACE - Trying to resolve XML entity with public id [null] and system id [http://www.springframework.org/schema/tool/spring-tool-4.0.xsd]
org.springframework.beans.factory.xml.PluggableSchemaResolver 2015-01-26 14:01:57,753 DEBUG - Found XML schema [http://www.springframework.org/schema/tool/spring-tool-4.0.xsd] in classpath: org/springframework/beans/factory/xml/spring-tool-4.0.xsd
org.springframework.beans.factory.xml.PluggableSchemaResolver 2015-01-26 14:01:57,758 TRACE - Trying to resolve XML entity with public id [null] and system id [http://www.springframework.org/schema/tx/spring-tx-4.0.xsd]
org.springframework.beans.factory.xml.PluggableSchemaResolver 2015-01-26 14:01:57,759 DEBUG - Found XML schema [http://www.springframework.org/schema/tx/spring-tx-4.0.xsd] in classpath: org/springframework/transaction/config/spring-tx-4.0.xsd
org.springframework.beans.factory.xml.DefaultBeanDefinitionDocumentReader 2015-01-26 14:01:57,767 DEBUG - Loading bean definitions
org.springframework.beans.factory.xml.XmlBeanDefinitionReader 2015-01-26 14:01:57,775 INFO  - Loading XML bean definitions from URL [jar:file:/D:/users/beresnev/projects/NKA_NET3/nka_net3/dao/target/dao-1.0.jar!/beans-dao.xml]
org.springframework.beans.factory.xml.DefaultDocumentLoader 2015-01-26 14:01:57,777 DEBUG - Using JAXP provider [com.sun.org.apache.xerces.internal.jaxp.DocumentBuilderFactoryImpl]
org.springframework.beans.factory.xml.PluggableSchemaResolver 2015-01-26 14:01:57,778 TRACE - Trying to resolve XML entity with public id [null] and system id [http://www.springframework.org/schema/beans/spring-beans-4.0.xsd]
org.springframework.beans.factory.xml.PluggableSchemaResolver 2015-01-26 14:01:57,779 DEBUG - Found XML schema [http://www.springframework.org/schema/beans/spring-beans-4.0.xsd] in classpath: org/springframework/beans/factory/xml/spring-beans-4.0.xsd
org.springframework.beans.factory.xml.PluggableSchemaResolver 2015-01-26 14:01:57,794 TRACE - Trying to resolve XML entity with public id [null] and system id [http://www.springframework.org/schema/context/spring-context-4.0.xsd]
org.springframework.beans.factory.xml.PluggableSchemaResolver 2015-01-26 14:01:57,795 DEBUG - Found XML schema [http://www.springframework.org/schema/context/spring-context-4.0.xsd] in classpath: org/springframework/context/config/spring-context-4.0.xsd
org.springframework.beans.factory.xml.PluggableSchemaResolver 2015-01-26 14:01:57,798 TRACE - Trying to resolve XML entity with public id [null] and system id [http://www.springframework.org/schema/tool/spring-tool-4.0.xsd]
org.springframework.beans.factory.xml.PluggableSchemaResolver 2015-01-26 14:01:57,799 DEBUG - Found XML schema [http://www.springframework.org/schema/tool/spring-tool-4.0.xsd] in classpath: org/springframework/beans/factory/xml/spring-tool-4.0.xsd
org.springframework.beans.factory.xml.DefaultBeanDefinitionDocumentReader 2015-01-26 14:01:57,805 DEBUG - Loading bean definitions
org.springframework.beans.factory.xml.DefaultNamespaceHandlerResolver 2015-01-26 14:01:57,807 DEBUG - Loaded NamespaceHandler mappings: {http://www.springframework.org/schema/p=org.springframework.beans.factory.xml.SimplePropertyNamespaceHandler, http://www.springframework.org/schema/util=org.springframework.beans.factory.xml.UtilNamespaceHandler, http://www.springframework.org/schema/jee=org.springframework.ejb.config.JeeNamespaceHandler, http://www.springframework.org/schema/aop=org.springframework.aop.config.AopNamespaceHandler, http://www.springframework.org/schema/jdbc=org.springframework.jdbc.config.JdbcNamespaceHandler, http://www.springframework.org/schema/cache=org.springframework.cache.config.CacheNamespaceHandler, http://www.springframework.org/schema/c=org.springframework.beans.factory.xml.SimpleConstructorNamespaceHandler, http://www.springframework.org/schema/tx=org.springframework.transaction.config.TxNamespaceHandler, http://www.springframework.org/schema/task=org.springframework.scheduling.config.TaskNamespaceHandler, http://www.springframework.org/schema/lang=org.springframework.scripting.config.LangNamespaceHandler, http://www.springframework.org/schema/context=org.springframework.context.config.ContextNamespaceHandler}
org.springframework.core.env.MutablePropertySources 2015-01-26 14:01:57,832 DEBUG - Adding [systemProperties] PropertySource with lowest search precedence
org.springframework.core.env.MutablePropertySources 2015-01-26 14:01:57,832 DEBUG - Adding [systemEnvironment] PropertySource with lowest search precedence
org.springframework.core.env.AbstractEnvironment 2015-01-26 14:01:57,833 DEBUG - Initialized StandardEnvironment with PropertySources [systemProperties,systemEnvironment]
org.springframework.core.io.support.PathMatchingResourcePatternResolver 2015-01-26 14:01:57,841 DEBUG - Looking for matching resources in directory tree [D:\users\beresnev\projects\NKA_NET3\nka_net3\services\target\test-classes\nla\local]
org.springframework.core.io.support.PathMatchingResourcePatternResolver 2015-01-26 14:01:57,842 DEBUG - Searching directory [D:\users\beresnev\projects\NKA_NET3\nka_net3\services\target\test-classes\nla\local] for files matching pattern [D:/users/beresnev/projects/NKA_NET3/nka_net3/services/target/test-classes/nla/local/**/*.class]
org.springframework.core.io.support.PathMatchingResourcePatternResolver 2015-01-26 14:01:57,844 DEBUG - Looking for matching resources in directory tree [D:\users\beresnev\projects\NKA_NET3\nka_net3\services\target\classes\nla\local]
org.springframework.core.io.support.PathMatchingResourcePatternResolver 2015-01-26 14:01:57,844 DEBUG - Searching directory [D:\users\beresnev\projects\NKA_NET3\nka_net3\services\target\classes\nla\local] for files matching pattern [D:/users/beresnev/projects/NKA_NET3/nka_net3/services/target/classes/nla/local/**/*.class]
org.springframework.core.io.support.PathMatchingResourcePatternResolver 2015-01-26 14:01:57,845 DEBUG - Searching directory [D:\users\beresnev\projects\NKA_NET3\nka_net3\services\target\classes\nla\local\services] for files matching pattern [D:/users/beresnev/projects/NKA_NET3/nka_net3/services/target/classes/nla/local/**/*.class]
org.springframework.core.io.support.PathMatchingResourcePatternResolver 2015-01-26 14:01:57,846 DEBUG - Looking for matching resources in jar file [file:/D:/users/beresnev/projects/NKA_NET3/nka_net3/dao/target/dao-1.0.jar]
org.springframework.core.io.support.PathMatchingResourcePatternResolver 2015-01-26 14:01:57,847 DEBUG - Resolved location pattern [classpath*:nla/local/**/*.class] to resources [file [D:\users\beresnev\projects\NKA_NET3\nka_net3\services\target\test-classes\nla\local\AppTest.class], file [D:\users\beresnev\projects\NKA_NET3\nka_net3\services\target\classes\nla\local\services\BaseService.class], file [D:\users\beresnev\projects\NKA_NET3\nka_net3\services\target\classes\nla\local\services\IService.class], file [D:\users\beresnev\projects\NKA_NET3\nka_net3\services\target\classes\nla\local\services\SubjectService.class], URL [jar:file:/D:/users/beresnev/projects/NKA_NET3/nka_net3/dao/target/dao-1.0.jar!/nla/local/dao/BaseDao.class], URL [jar:file:/D:/users/beresnev/projects/NKA_NET3/nka_net3/dao/target/dao-1.0.jar!/nla/local/dao/Dao.class], URL [jar:file:/D:/users/beresnev/projects/NKA_NET3/nka_net3/dao/target/dao-1.0.jar!/nla/local/dao/exceptions/DaoErrorCode.class], URL [jar:file:/D:/users/beresnev/projects/NKA_NET3/nka_net3/dao/target/dao-1.0.jar!/nla/local/dao/exceptions/DaoException.class], URL [jar:file:/D:/users/beresnev/projects/NKA_NET3/nka_net3/dao/target/dao-1.0.jar!/nla/local/pojos/Address.class], URL [jar:file:/D:/users/beresnev/projects/NKA_NET3/nka_net3/dao/target/dao-1.0.jar!/nla/local/pojos/JPerson.class], URL [jar:file:/D:/users/beresnev/projects/NKA_NET3/nka_net3/dao/target/dao-1.0.jar!/nla/local/pojos/Order.class], URL [jar:file:/D:/users/beresnev/projects/NKA_NET3/nka_net3/dao/target/dao-1.0.jar!/nla/local/pojos/Person.class], URL [jar:file:/D:/users/beresnev/projects/NKA_NET3/nka_net3/dao/target/dao-1.0.jar!/nla/local/pojos/PPerson.class], URL [jar:file:/D:/users/beresnev/projects/NKA_NET3/nka_net3/dao/target/dao-1.0.jar!/nla/local/pojos/Status.class], URL [jar:file:/D:/users/beresnev/projects/NKA_NET3/nka_net3/dao/target/dao-1.0.jar!/nla/local/pojos/User.class], URL [jar:file:/D:/users/beresnev/projects/NKA_NET3/nka_net3/dao/target/dao-1.0.jar!/nla/local/util/CustomNamingStrategy.class]]
org.springframework.context.annotation.ClassPathScanningCandidateComponentProvider 2015-01-26 14:01:57,848 TRACE - Scanning file [D:\users\beresnev\projects\NKA_NET3\nka_net3\services\target\test-classes\nla\local\AppTest.class]
org.springframework.context.annotation.ClassPathScanningCandidateComponentProvider 2015-01-26 14:01:57,860 TRACE - Ignored because not matching any filter: file [D:\users\beresnev\projects\NKA_NET3\nka_net3\services\target\test-classes\nla\local\AppTest.class]
org.springframework.context.annotation.ClassPathScanningCandidateComponentProvider 2015-01-26 14:01:57,860 TRACE - Scanning file [D:\users\beresnev\projects\NKA_NET3\nka_net3\services\target\classes\nla\local\services\BaseService.class]
org.springframework.context.annotation.ClassPathScanningCandidateComponentProvider 2015-01-26 14:01:57,869 DEBUG - Identified candidate component class: file [D:\users\beresnev\projects\NKA_NET3\nka_net3\services\target\classes\nla\local\services\BaseService.class]
org.springframework.context.annotation.ClassPathScanningCandidateComponentProvider 2015-01-26 14:01:57,870 TRACE - Scanning file [D:\users\beresnev\projects\NKA_NET3\nka_net3\services\target\classes\nla\local\services\IService.class]
org.springframework.context.annotation.ClassPathScanningCandidateComponentProvider 2015-01-26 14:01:57,870 TRACE - Ignored because not matching any filter: file [D:\users\beresnev\projects\NKA_NET3\nka_net3\services\target\classes\nla\local\services\IService.class]
org.springframework.context.annotation.ClassPathScanningCandidateComponentProvider 2015-01-26 14:01:57,870 TRACE - Scanning file [D:\users\beresnev\projects\NKA_NET3\nka_net3\services\target\classes\nla\local\services\SubjectService.class]
org.springframework.context.annotation.ClassPathScanningCandidateComponentProvider 2015-01-26 14:01:57,871 DEBUG - Identified candidate component class: file [D:\users\beresnev\projects\NKA_NET3\nka_net3\services\target\classes\nla\local\services\SubjectService.class]
org.springframework.context.annotation.ClassPathScanningCandidateComponentProvider 2015-01-26 14:01:57,871 TRACE - Scanning URL [jar:file:/D:/users/beresnev/projects/NKA_NET3/nka_net3/dao/target/dao-1.0.jar!/nla/local/dao/BaseDao.class]
org.springframework.context.annotation.ClassPathScanningCandidateComponentProvider 2015-01-26 14:01:57,872 DEBUG - Identified candidate component class: URL [jar:file:/D:/users/beresnev/projects/NKA_NET3/nka_net3/dao/target/dao-1.0.jar!/nla/local/dao/BaseDao.class]
org.springframework.context.annotation.ClassPathScanningCandidateComponentProvider 2015-01-26 14:01:57,872 TRACE - Scanning URL [jar:file:/D:/users/beresnev/projects/NKA_NET3/nka_net3/dao/target/dao-1.0.jar!/nla/local/dao/Dao.class]
org.springframework.context.annotation.ClassPathScanningCandidateComponentProvider 2015-01-26 14:01:57,873 TRACE - Ignored because not matching any filter: URL [jar:file:/D:/users/beresnev/projects/NKA_NET3/nka_net3/dao/target/dao-1.0.jar!/nla/local/dao/Dao.class]
org.springframework.context.annotation.ClassPathScanningCandidateComponentProvider 2015-01-26 14:01:57,873 TRACE - Scanning URL [jar:file:/D:/users/beresnev/projects/NKA_NET3/nka_net3/dao/target/dao-1.0.jar!/nla/local/dao/exceptions/DaoErrorCode.class]
org.springframework.context.annotation.ClassPathScanningCandidateComponentProvider 2015-01-26 14:01:57,874 TRACE - Ignored because not matching any filter: URL [jar:file:/D:/users/beresnev/projects/NKA_NET3/nka_net3/dao/target/dao-1.0.jar!/nla/local/dao/exceptions/DaoErrorCode.class]
org.springframework.context.annotation.ClassPathScanningCandidateComponentProvider 2015-01-26 14:01:57,874 TRACE - Scanning URL [jar:file:/D:/users/beresnev/projects/NKA_NET3/nka_net3/dao/target/dao-1.0.jar!/nla/local/dao/exceptions/DaoException.class]
org.springframework.context.annotation.ClassPathScanningCandidateComponentProvider 2015-01-26 14:01:57,874 TRACE - Ignored because not matching any filter: URL [jar:file:/D:/users/beresnev/projects/NKA_NET3/nka_net3/dao/target/dao-1.0.jar!/nla/local/dao/exceptions/DaoException.class]
org.springframework.context.annotation.ClassPathScanningCandidateComponentProvider 2015-01-26 14:01:57,874 TRACE - Scanning URL [jar:file:/D:/users/beresnev/projects/NKA_NET3/nka_net3/dao/target/dao-1.0.jar!/nla/local/pojos/Address.class]
org.springframework.context.annotation.ClassPathScanningCandidateComponentProvider 2015-01-26 14:01:57,876 TRACE - Ignored because not matching any filter: URL [jar:file:/D:/users/beresnev/projects/NKA_NET3/nka_net3/dao/target/dao-1.0.jar!/nla/local/pojos/Address.class]
org.springframework.context.annotation.ClassPathScanningCandidateComponentProvider 2015-01-26 14:01:57,876 TRACE - Scanning URL [jar:file:/D:/users/beresnev/projects/NKA_NET3/nka_net3/dao/target/dao-1.0.jar!/nla/local/pojos/JPerson.class]
org.springframework.context.annotation.ClassPathScanningCandidateComponentProvider 2015-01-26 14:01:57,879 TRACE - Ignored because not matching any filter: URL [jar:file:/D:/users/beresnev/projects/NKA_NET3/nka_net3/dao/target/dao-1.0.jar!/nla/local/pojos/JPerson.class]
org.springframework.context.annotation.ClassPathScanningCandidateComponentProvider 2015-01-26 14:01:57,880 TRACE - Scanning URL [jar:file:/D:/users/beresnev/projects/NKA_NET3/nka_net3/dao/target/dao-1.0.jar!/nla/local/pojos/Order.class]
org.springframework.context.annotation.ClassPathScanningCandidateComponentProvider 2015-01-26 14:01:57,880 TRACE - Ignored because not matching any filter: URL [jar:file:/D:/users/beresnev/projects/NKA_NET3/nka_net3/dao/target/dao-1.0.jar!/nla/local/pojos/Order.class]
org.springframework.context.annotation.ClassPathScanningCandidateComponentProvider 2015-01-26 14:01:57,880 TRACE - Scanning URL [jar:file:/D:/users/beresnev/projects/NKA_NET3/nka_net3/dao/target/dao-1.0.jar!/nla/local/pojos/Person.class]
org.springframework.context.annotation.ClassPathScanningCandidateComponentProvider 2015-01-26 14:01:57,882 TRACE - Ignored because not matching any filter: URL [jar:file:/D:/users/beresnev/projects/NKA_NET3/nka_net3/dao/target/dao-1.0.jar!/nla/local/pojos/Person.class]
org.springframework.context.annotation.ClassPathScanningCandidateComponentProvider 2015-01-26 14:01:57,886 TRACE - Scanning URL [jar:file:/D:/users/beresnev/projects/NKA_NET3/nka_net3/dao/target/dao-1.0.jar!/nla/local/pojos/PPerson.class]
org.springframework.context.annotation.ClassPathScanningCandidateComponentProvider 2015-01-26 14:01:57,887 TRACE - Ignored because not matching any filter: URL [jar:file:/D:/users/beresnev/projects/NKA_NET3/nka_net3/dao/target/dao-1.0.jar!/nla/local/pojos/PPerson.class]
org.springframework.context.annotation.ClassPathScanningCandidateComponentProvider 2015-01-26 14:01:57,887 TRACE - Scanning URL [jar:file:/D:/users/beresnev/projects/NKA_NET3/nka_net3/dao/target/dao-1.0.jar!/nla/local/pojos/Status.class]
org.springframework.context.annotation.ClassPathScanningCandidateComponentProvider 2015-01-26 14:01:57,889 TRACE - Ignored because not matching any filter: URL [jar:file:/D:/users/beresnev/projects/NKA_NET3/nka_net3/dao/target/dao-1.0.jar!/nla/local/pojos/Status.class]
org.springframework.context.annotation.ClassPathScanningCandidateComponentProvider 2015-01-26 14:01:57,889 TRACE - Scanning URL [jar:file:/D:/users/beresnev/projects/NKA_NET3/nka_net3/dao/target/dao-1.0.jar!/nla/local/pojos/User.class]
org.springframework.context.annotation.ClassPathScanningCandidateComponentProvider 2015-01-26 14:01:57,890 TRACE - Ignored because not matching any filter: URL [jar:file:/D:/users/beresnev/projects/NKA_NET3/nka_net3/dao/target/dao-1.0.jar!/nla/local/pojos/User.class]
org.springframework.context.annotation.ClassPathScanningCandidateComponentProvider 2015-01-26 14:01:57,890 TRACE - Scanning URL [jar:file:/D:/users/beresnev/projects/NKA_NET3/nka_net3/dao/target/dao-1.0.jar!/nla/local/util/CustomNamingStrategy.class]
org.springframework.context.annotation.ClassPathScanningCandidateComponentProvider 2015-01-26 14:01:57,890 TRACE - Ignored because not matching any filter: URL [jar:file:/D:/users/beresnev/projects/NKA_NET3/nka_net3/dao/target/dao-1.0.jar!/nla/local/util/CustomNamingStrategy.class]
org.springframework.beans.factory.support.AbstractBeanDefinitionReader 2015-01-26 14:01:57,897 DEBUG - Loaded 14 bean definitions from location pattern [classpath*:beans-dao.xml]
org.springframework.beans.factory.xml.DefaultBeanDefinitionDocumentReader 2015-01-26 14:01:57,898 DEBUG - Imported 14 bean definitions from URL location [classpath*:beans-dao.xml]
org.springframework.core.env.MutablePropertySources 2015-01-26 14:01:57,899 DEBUG - Adding [systemProperties] PropertySource with lowest search precedence
org.springframework.core.env.MutablePropertySources 2015-01-26 14:01:57,899 DEBUG - Adding [systemEnvironment] PropertySource with lowest search precedence
org.springframework.core.env.AbstractEnvironment 2015-01-26 14:01:57,899 DEBUG - Initialized StandardEnvironment with PropertySources [systemProperties,systemEnvironment]
org.springframework.core.io.support.PathMatchingResourcePatternResolver 2015-01-26 14:01:57,900 DEBUG - Looking for matching resources in directory tree [D:\users\beresnev\projects\NKA_NET3\nka_net3\services\target\classes\nla\local\services]
org.springframework.core.io.support.PathMatchingResourcePatternResolver 2015-01-26 14:01:57,900 DEBUG - Searching directory [D:\users\beresnev\projects\NKA_NET3\nka_net3\services\target\classes\nla\local\services] for files matching pattern [D:/users/beresnev/projects/NKA_NET3/nka_net3/services/target/classes/nla/local/services/**/*.class]
org.springframework.core.io.support.PathMatchingResourcePatternResolver 2015-01-26 14:01:57,901 DEBUG - Resolved location pattern [classpath*:nla/local/services/**/*.class] to resources [file [D:\users\beresnev\projects\NKA_NET3\nka_net3\services\target\classes\nla\local\services\BaseService.class], file [D:\users\beresnev\projects\NKA_NET3\nka_net3\services\target\classes\nla\local\services\IService.class], file [D:\users\beresnev\projects\NKA_NET3\nka_net3\services\target\classes\nla\local\services\SubjectService.class]]
org.springframework.context.annotation.ClassPathScanningCandidateComponentProvider 2015-01-26 14:01:57,901 TRACE - Scanning file [D:\users\beresnev\projects\NKA_NET3\nka_net3\services\target\classes\nla\local\services\BaseService.class]
org.springframework.context.annotation.ClassPathScanningCandidateComponentProvider 2015-01-26 14:01:57,902 DEBUG - Identified candidate component class: file [D:\users\beresnev\projects\NKA_NET3\nka_net3\services\target\classes\nla\local\services\BaseService.class]
org.springframework.context.annotation.ClassPathScanningCandidateComponentProvider 2015-01-26 14:01:57,902 TRACE - Scanning file [D:\users\beresnev\projects\NKA_NET3\nka_net3\services\target\classes\nla\local\services\IService.class]
org.springframework.context.annotation.ClassPathScanningCandidateComponentProvider 2015-01-26 14:01:57,902 TRACE - Ignored because not matching any filter: file [D:\users\beresnev\projects\NKA_NET3\nka_net3\services\target\classes\nla\local\services\IService.class]
org.springframework.context.annotation.ClassPathScanningCandidateComponentProvider 2015-01-26 14:01:57,903 TRACE - Scanning file [D:\users\beresnev\projects\NKA_NET3\nka_net3\services\target\classes\nla\local\services\SubjectService.class]
org.springframework.context.annotation.ClassPathScanningCandidateComponentProvider 2015-01-26 14:01:57,903 DEBUG - Identified candidate component class: file [D:\users\beresnev\projects\NKA_NET3\nka_net3\services\target\classes\nla\local\services\SubjectService.class]
org.springframework.beans.factory.support.AbstractBeanDefinitionReader 2015-01-26 14:01:57,912 DEBUG - Loaded 19 bean definitions from location pattern [beans-services.xml]
org.springframework.context.support.AbstractApplicationContext 2015-01-26 14:01:57,913 DEBUG - Bean factory for org.springframework.context.support.ClassPathXmlApplicationContext@20ebd7c4: org.springframework.beans.factory.support.DefaultListableBeanFactory@10aae61b: defining beans [org.springframework.context.annotation.internalConfigurationAnnotationProcessor,org.springframework.context.annotation.internalAutowiredAnnotationProcessor,org.springframework.context.annotation.internalRequiredAnnotationProcessor,org.springframework.context.annotation.internalCommonAnnotationProcessor,org.springframework.context.annotation.internalPersistenceAnnotationProcessor,baseService,subjectService,baseDao,dataSource,person,jperson,pperson,address,sessionFactory,transactionManager,org.springframework.aop.config.internalAutoProxyCreator,org.springframework.transaction.annotation.AnnotationTransactionAttributeSource#0,org.springframework.transaction.interceptor.TransactionInterceptor#0,org.springframework.transaction.config.internalTransactionAdvisor]; root of factory hierarchy
org.springframework.beans.factory.support.DefaultSingletonBeanRegistry 2015-01-26 14:01:57,930 DEBUG - Creating shared instance of singleton bean &apos;org.springframework.context.annotation.internalConfigurationAnnotationProcessor&apos;
org.springframework.beans.factory.support.AbstractAutowireCapableBeanFactory 2015-01-26 14:01:57,930 DEBUG - Creating instance of bean &apos;org.springframework.context.annotation.internalConfigurationAnnotationProcessor&apos;
org.springframework.beans.factory.support.AbstractAutowireCapableBeanFactory 2015-01-26 14:01:57,940 DEBUG - Eagerly caching bean &apos;org.springframework.context.annotation.internalConfigurationAnnotationProcessor&apos; to allow for resolving potential circular references
org.springframework.beans.factory.support.AbstractAutowireCapableBeanFactory 2015-01-26 14:01:57,941 DEBUG - Finished creating instance of bean &apos;org.springframework.context.annotation.internalConfigurationAnnotationProcessor&apos;
org.springframework.beans.factory.support.DefaultSingletonBeanRegistry 2015-01-26 14:01:57,979 DEBUG - Creating shared instance of singleton bean &apos;org.springframework.context.annotation.internalAutowiredAnnotationProcessor&apos;
org.springframework.beans.factory.support.AbstractAutowireCapableBeanFactory 2015-01-26 14:01:57,979 DEBUG - Creating instance of bean &apos;org.springframework.context.annotation.internalAutowiredAnnotationProcessor&apos;
org.springframework.beans.factory.support.AbstractAutowireCapableBeanFactory 2015-01-26 14:01:57,980 DEBUG - Eagerly caching bean &apos;org.springframework.context.annotation.internalAutowiredAnnotationProcessor&apos; to allow for resolving potential circular references
org.springframework.beans.factory.support.AbstractAutowireCapableBeanFactory 2015-01-26 14:01:57,980 DEBUG - Finished creating instance of bean &apos;org.springframework.context.annotation.internalAutowiredAnnotationProcessor&apos;
org.springframework.beans.factory.support.DefaultSingletonBeanRegistry 2015-01-26 14:01:57,980 DEBUG - Creating shared instance of singleton bean &apos;org.springframework.context.annotation.internalRequiredAnnotationProcessor&apos;
org.springframework.beans.factory.support.AbstractAutowireCapableBeanFactory 2015-01-26 14:01:57,980 DEBUG - Creating instance of bean &apos;org.springframework.context.annotation.internalRequiredAnnotationProcessor&apos;
org.springframework.beans.factory.support.AbstractAutowireCapableBeanFactory 2015-01-26 14:01:57,981 DEBUG - Eagerly caching bean &apos;org.springframework.context.annotation.internalRequiredAnnotationProcessor&apos; to allow for resolving potential circular references
org.springframework.beans.factory.support.AbstractAutowireCapableBeanFactory 2015-01-26 14:01:57,981 DEBUG - Finished creating instance of bean &apos;org.springframework.context.annotation.internalRequiredAnnotationProcessor&apos;
org.springframework.beans.factory.support.DefaultSingletonBeanRegistry 2015-01-26 14:01:57,981 DEBUG - Creating shared instance of singleton bean &apos;org.springframework.context.annotation.internalCommonAnnotationProcessor&apos;
org.springframework.beans.factory.support.AbstractAutowireCapableBeanFactory 2015-01-26 14:01:57,981 DEBUG - Creating instance of bean &apos;org.springframework.context.annotation.internalCommonAnnotationProcessor&apos;
org.springframework.beans.factory.support.AbstractAutowireCapableBeanFactory 2015-01-26 14:01:57,985 DEBUG - Eagerly caching bean &apos;org.springframework.context.annotation.internalCommonAnnotationProcessor&apos; to allow for resolving potential circular references
org.springframework.beans.factory.support.AbstractAutowireCapableBeanFactory 2015-01-26 14:01:57,985 DEBUG - Finished creating instance of bean &apos;org.springframework.context.annotation.internalCommonAnnotationProcessor&apos;
org.springframework.beans.factory.support.DefaultSingletonBeanRegistry 2015-01-26 14:01:57,985 DEBUG - Creating shared instance of singleton bean &apos;org.springframework.context.annotation.internalPersistenceAnnotationProcessor&apos;
org.springframework.beans.factory.support.AbstractAutowireCapableBeanFactory 2015-01-26 14:01:57,985 DEBUG - Creating instance of bean &apos;org.springframework.context.annotation.internalPersistenceAnnotationProcessor&apos;
org.springframework.beans.factory.support.AbstractAutowireCapableBeanFactory 2015-01-26 14:01:57,987 DEBUG - Eagerly caching bean &apos;org.springframework.context.annotation.internalPersistenceAnnotationProcessor&apos; to allow for resolving potential circular references
org.springframework.beans.factory.support.AbstractAutowireCapableBeanFactory 2015-01-26 14:01:57,987 DEBUG - Finished creating instance of bean &apos;org.springframework.context.annotation.internalPersistenceAnnotationProcessor&apos;
org.springframework.beans.factory.support.DefaultSingletonBeanRegistry 2015-01-26 14:01:57,987 DEBUG - Creating shared instance of singleton bean &apos;org.springframework.context.annotation.ConfigurationClassPostProcessor.importAwareProcessor&apos;
org.springframework.beans.factory.support.AbstractAutowireCapableBeanFactory 2015-01-26 14:01:57,987 DEBUG - Creating instance of bean &apos;org.springframework.context.annotation.ConfigurationClassPostProcessor.importAwareProcessor&apos;
org.springframework.beans.factory.support.AbstractAutowireCapableBeanFactory 2015-01-26 14:01:57,988 DEBUG - Eagerly caching bean &apos;org.springframework.context.annotation.ConfigurationClassPostProcessor.importAwareProcessor&apos; to allow for resolving potential circular references
org.springframework.beans.factory.support.AbstractAutowireCapableBeanFactory 2015-01-26 14:01:57,988 DEBUG - Finished creating instance of bean &apos;org.springframework.context.annotation.ConfigurationClassPostProcessor.importAwareProcessor&apos;
org.springframework.beans.factory.support.DefaultSingletonBeanRegistry 2015-01-26 14:01:57,988 DEBUG - Creating shared instance of singleton bean &apos;org.springframework.context.annotation.ConfigurationClassPostProcessor.enhancedConfigurationProcessor&apos;
org.springframework.beans.factory.support.AbstractAutowireCapableBeanFactory 2015-01-26 14:01:57,988 DEBUG - Creating instance of bean &apos;org.springframework.context.annotation.ConfigurationClassPostProcessor.enhancedConfigurationProcessor&apos;
org.springframework.beans.factory.support.AbstractAutowireCapableBeanFactory 2015-01-26 14:01:57,988 DEBUG - Eagerly caching bean &apos;org.springframework.context.annotation.ConfigurationClassPostProcessor.enhancedConfigurationProcessor&apos; to allow for resolving potential circular references
org.springframework.beans.factory.support.AbstractAutowireCapableBeanFactory 2015-01-26 14:01:57,988 DEBUG - Finished creating instance of bean &apos;org.springframework.context.annotation.ConfigurationClassPostProcessor.enhancedConfigurationProcessor&apos;
org.springframework.beans.factory.support.DefaultSingletonBeanRegistry 2015-01-26 14:01:57,989 DEBUG - Creating shared instance of singleton bean &apos;org.springframework.aop.config.internalAutoProxyCreator&apos;
org.springframework.beans.factory.support.AbstractAutowireCapableBeanFactory 2015-01-26 14:01:57,989 DEBUG - Creating instance of bean &apos;org.springframework.aop.config.internalAutoProxyCreator&apos;
org.springframework.beans.factory.support.AbstractAutowireCapableBeanFactory 2015-01-26 14:01:57,997 DEBUG - Eagerly caching bean &apos;org.springframework.aop.config.internalAutoProxyCreator&apos; to allow for resolving potential circular references
org.springframework.core.io.support.SpringFactoriesLoader 2015-01-26 14:01:58,000 TRACE - Loaded [org.springframework.beans.BeanInfoFactory] names: [org.springframework.beans.ExtendedBeanInfoFactory]
org.springframework.beans.CachedIntrospectionResults 2015-01-26 14:01:58,001 TRACE - Getting BeanInfo for class [org.springframework.aop.framework.autoproxy.InfrastructureAdvisorAutoProxyCreator]
org.springframework.beans.CachedIntrospectionResults 2015-01-26 14:01:58,006 TRACE - Caching PropertyDescriptors for class [org.springframework.aop.framework.autoproxy.InfrastructureAdvisorAutoProxyCreator]
org.springframework.beans.CachedIntrospectionResults 2015-01-26 14:01:58,006 TRACE - Found bean property &apos;advisorAdapterRegistry&apos; of type [org.springframework.aop.framework.adapter.AdvisorAdapterRegistry]
org.springframework.beans.CachedIntrospectionResults 2015-01-26 14:01:58,007 TRACE - Found bean property &apos;applyCommonInterceptorsFirst&apos; of type [boolean]
org.springframework.beans.CachedIntrospectionResults 2015-01-26 14:01:58,007 TRACE - Found bean property &apos;beanClassLoader&apos; of type [java.lang.ClassLoader]
org.springframework.beans.CachedIntrospectionResults 2015-01-26 14:01:58,007 TRACE - Found bean property &apos;beanFactory&apos; of type [org.springframework.beans.factory.BeanFactory]
org.springframework.beans.CachedIntrospectionResults 2015-01-26 14:01:58,007 TRACE - Found bean property &apos;class&apos; of type [java.lang.Class]
org.springframework.beans.CachedIntrospectionResults 2015-01-26 14:01:58,008 TRACE - Found bean property &apos;customTargetSourceCreators&apos; of type [[Lorg.springframework.aop.framework.autoproxy.TargetSourceCreator;]
org.springframework.beans.CachedIntrospectionResults 2015-01-26 14:01:58,008 TRACE - Found bean property &apos;exposeProxy&apos; of type [boolean]
org.springframework.beans.CachedIntrospectionResults 2015-01-26 14:01:58,008 TRACE - Found bean property &apos;frozen&apos; of type [boolean]
org.springframework.beans.CachedIntrospectionResults 2015-01-26 14:01:58,008 TRACE - Found bean property &apos;interceptorNames&apos; of type [[Ljava.lang.String;]
org.springframework.beans.CachedIntrospectionResults 2015-01-26 14:01:58,008 TRACE - Found bean property &apos;opaque&apos; of type [boolean]
org.springframework.beans.CachedIntrospectionResults 2015-01-26 14:01:58,008 TRACE - Found bean property &apos;optimize&apos; of type [boolean]
org.springframework.beans.CachedIntrospectionResults 2015-01-26 14:01:58,008 TRACE - Found bean property &apos;order&apos; of type [int]
org.springframework.beans.CachedIntrospectionResults 2015-01-26 14:01:58,008 TRACE - Found bean property &apos;proxyClassLoader&apos; of type [java.lang.ClassLoader]
org.springframework.beans.CachedIntrospectionResults 2015-01-26 14:01:58,009 TRACE - Found bean property &apos;proxyTargetClass&apos; of type [boolean]
org.springframework.beans.factory.support.AbstractAutowireCapableBeanFactory 2015-01-26 14:01:58,016 DEBUG - Finished creating instance of bean &apos;org.springframework.aop.config.internalAutoProxyCreator&apos;
org.springframework.context.support.AbstractApplicationContext 2015-01-26 14:01:58,018 DEBUG - Unable to locate MessageSource with name &apos;messageSource&apos;: using default [org.springframework.context.support.DelegatingMessageSource@717e0e74]
org.springframework.context.support.AbstractApplicationContext 2015-01-26 14:01:58,020 DEBUG - Unable to locate ApplicationEventMulticaster with name &apos;applicationEventMulticaster&apos;: using default [org.springframework.context.event.SimpleApplicationEventMulticaster@49dc730d]
org.springframework.beans.factory.support.DefaultListableBeanFactory 2015-01-26 14:01:58,022 DEBUG - Pre-instantiating singletons in org.springframework.beans.factory.support.DefaultListableBeanFactory@10aae61b: defining beans [org.springframework.context.annotation.internalConfigurationAnnotationProcessor,org.springframework.context.annotation.internalAutowiredAnnotationProcessor,org.springframework.context.annotation.internalRequiredAnnotationProcessor,org.springframework.context.annotation.internalCommonAnnotationProcessor,org.springframework.context.annotation.internalPersistenceAnnotationProcessor,baseService,subjectService,baseDao,dataSource,person,jperson,pperson,address,sessionFactory,transactionManager,org.springframework.aop.config.internalAutoProxyCreator,org.springframework.transaction.annotation.AnnotationTransactionAttributeSource#0,org.springframework.transaction.interceptor.TransactionInterceptor#0,org.springframework.transaction.config.internalTransactionAdvisor,org.springframework.context.annotation.ConfigurationClassPostProcessor.importAwareProcessor,org.springframework.context.annotation.ConfigurationClassPostProcessor.enhancedConfigurationProcessor]; root of factory hierarchy
org.springframework.beans.factory.support.AbstractBeanFactory 2015-01-26 14:01:58,023 DEBUG - Returning cached instance of singleton bean &apos;org.springframework.context.annotation.internalConfigurationAnnotationProcessor&apos;
org.springframework.beans.factory.support.AbstractBeanFactory 2015-01-26 14:01:58,023 DEBUG - Returning cached instance of singleton bean &apos;org.springframework.context.annotation.internalAutowiredAnnotationProcessor&apos;
org.springframework.beans.factory.support.AbstractBeanFactory 2015-01-26 14:01:58,023 DEBUG - Returning cached instance of singleton bean &apos;org.springframework.context.annotation.internalRequiredAnnotationProcessor&apos;
org.springframework.beans.factory.support.AbstractBeanFactory 2015-01-26 14:01:58,023 DEBUG - Returning cached instance of singleton bean &apos;org.springframework.context.annotation.internalCommonAnnotationProcessor&apos;
org.springframework.beans.factory.support.AbstractBeanFactory 2015-01-26 14:01:58,023 DEBUG - Returning cached instance of singleton bean &apos;org.springframework.context.annotation.internalPersistenceAnnotationProcessor&apos;
org.springframework.beans.factory.support.DefaultSingletonBeanRegistry 2015-01-26 14:01:58,023 DEBUG - Creating shared instance of singleton bean &apos;baseService&apos;
org.springframework.beans.factory.support.AbstractAutowireCapableBeanFactory 2015-01-26 14:01:58,023 DEBUG - Creating instance of bean &apos;baseService&apos;
org.springframework.beans.factory.support.DefaultSingletonBeanRegistry 2015-01-26 14:01:58,038 DEBUG - Creating shared instance of singleton bean &apos;baseDao&apos;
org.springframework.beans.factory.support.AbstractAutowireCapableBeanFactory 2015-01-26 14:01:58,039 DEBUG - Creating instance of bean &apos;baseDao&apos;
org.springframework.beans.factory.support.DefaultSingletonBeanRegistry 2015-01-26 14:01:58,041 DEBUG - Creating shared instance of singleton bean &apos;sessionFactory&apos;
org.springframework.beans.factory.support.AbstractAutowireCapableBeanFactory 2015-01-26 14:01:58,041 DEBUG - Creating instance of bean &apos;sessionFactory&apos;
org.springframework.beans.factory.support.AbstractAutowireCapableBeanFactory 2015-01-26 14:01:58,047 DEBUG - Eagerly caching bean &apos;sessionFactory&apos; to allow for resolving potential circular references
org.springframework.beans.CachedIntrospectionResults 2015-01-26 14:01:58,047 TRACE - Getting BeanInfo for class [org.springframework.orm.hibernate3.annotation.AnnotationSessionFactoryBean]
org.springframework.beans.CachedIntrospectionResults 2015-01-26 14:01:58,051 TRACE - Caching PropertyDescriptors for class [org.springframework.orm.hibernate3.annotation.AnnotationSessionFactoryBean]
org.springframework.beans.CachedIntrospectionResults 2015-01-26 14:01:58,051 TRACE - Found bean property &apos;annotatedClasses&apos; of type [[Ljava.lang.Class;]
org.springframework.beans.CachedIntrospectionResults 2015-01-26 14:01:58,052 TRACE - Found bean property &apos;annotatedPackages&apos; of type [[Ljava.lang.String;]
org.springframework.beans.CachedIntrospectionResults 2015-01-26 14:01:58,052 TRACE - Found bean property &apos;beanClassLoader&apos; of type [java.lang.ClassLoader]
org.springframework.beans.CachedIntrospectionResults 2015-01-26 14:01:58,052 TRACE - Found bean property &apos;cacheRegionFactory&apos; of type [org.hibernate.cache.RegionFactory]
org.springframework.beans.CachedIntrospectionResults 2015-01-26 14:01:58,052 TRACE - Found bean property &apos;cacheableMappingLocations&apos; of type [[Lorg.springframework.core.io.Resource;]
org.springframework.beans.CachedIntrospectionResults 2015-01-26 14:01:58,052 TRACE - Found bean property &apos;class&apos; of type [java.lang.Class]
org.springframework.beans.CachedIntrospectionResults 2015-01-26 14:01:58,053 TRACE - Found bean property &apos;collectionCacheStrategies&apos; of type [java.util.Properties]
org.springframework.beans.CachedIntrospectionResults 2015-01-26 14:01:58,053 TRACE - Found bean property &apos;configLocation&apos; of type [org.springframework.core.io.Resource]
org.springframework.beans.CachedIntrospectionResults 2015-01-26 14:01:58,053 TRACE - Found bean property &apos;configLocations&apos; of type [[Lorg.springframework.core.io.Resource;]
org.springframework.beans.CachedIntrospectionResults 2015-01-26 14:01:58,053 TRACE - Found bean property &apos;configuration&apos; of type [org.hibernate.cfg.Configuration]
org.springframework.beans.CachedIntrospectionResults 2015-01-26 14:01:58,053 TRACE - Found bean property &apos;configurationClass&apos; of type [java.lang.Class]
org.springframework.beans.CachedIntrospectionResults 2015-01-26 14:01:58,054 TRACE - Found bean property &apos;dataSource&apos; of type [javax.sql.DataSource]
org.springframework.beans.CachedIntrospectionResults 2015-01-26 14:01:58,054 TRACE - Found bean property &apos;entityCacheStrategies&apos; of type [java.util.Properties]
org.springframework.beans.CachedIntrospectionResults 2015-01-26 14:01:58,054 TRACE - Found bean property &apos;entityInterceptor&apos; of type [org.hibernate.Interceptor]
org.springframework.beans.CachedIntrospectionResults 2015-01-26 14:01:58,054 TRACE - Found bean property &apos;entityTypeFilters&apos; of type [[Lorg.springframework.core.type.filter.TypeFilter;]
org.springframework.beans.CachedIntrospectionResults 2015-01-26 14:01:58,054 TRACE - Found bean property &apos;eventListeners&apos; of type [java.util.Map]
org.springframework.beans.CachedIntrospectionResults 2015-01-26 14:01:58,054 TRACE - Found bean property &apos;exposeTransactionAwareSessionFactory&apos; of type [boolean]
org.springframework.beans.CachedIntrospectionResults 2015-01-26 14:01:58,055 TRACE - Found bean property &apos;filterDefinitions&apos; of type [[Lorg.hibernate.engine.FilterDefinition;]
org.springframework.beans.CachedIntrospectionResults 2015-01-26 14:01:58,055 TRACE - Found bean property &apos;hibernateProperties&apos; of type [java.util.Properties]
org.springframework.beans.CachedIntrospectionResults 2015-01-26 14:01:58,055 TRACE - Found bean property &apos;jdbcExceptionTranslator&apos; of type [org.springframework.jdbc.support.SQLExceptionTranslator]
org.springframework.beans.CachedIntrospectionResults 2015-01-26 14:01:58,055 TRACE - Found bean property &apos;jtaTransactionManager&apos; of type [javax.transaction.TransactionManager]
org.springframework.beans.CachedIntrospectionResults 2015-01-26 14:01:58,055 TRACE - Found bean property &apos;lobHandler&apos; of type [org.springframework.jdbc.support.lob.LobHandler]
org.springframework.beans.CachedIntrospectionResults 2015-01-26 14:01:58,055 TRACE - Found bean property &apos;mappingDirectoryLocations&apos; of type [[Lorg.springframework.core.io.Resource;]
org.springframework.beans.CachedIntrospectionResults 2015-01-26 14:01:58,056 TRACE - Found bean property &apos;mappingJarLocations&apos; of type [[Lorg.springframework.core.io.Resource;]
org.springframework.beans.CachedIntrospectionResults 2015-01-26 14:01:58,056 TRACE - Found bean property &apos;mappingLocations&apos; of type [[Lorg.springframework.core.io.Resource;]
org.springframework.beans.CachedIntrospectionResults 2015-01-26 14:01:58,056 TRACE - Found bean property &apos;mappingResources&apos; of type [[Ljava.lang.String;]
org.springframework.beans.CachedIntrospectionResults 2015-01-26 14:01:58,056 TRACE - Found bean property &apos;namingStrategy&apos; of type [org.hibernate.cfg.NamingStrategy]
org.springframework.beans.CachedIntrospectionResults 2015-01-26 14:01:58,056 TRACE - Found bean property &apos;object&apos; of type [org.hibernate.SessionFactory]
org.springframework.beans.CachedIntrospectionResults 2015-01-26 14:01:58,056 TRACE - Found bean property &apos;objectType&apos; of type [java.lang.Class]
org.springframework.beans.CachedIntrospectionResults 2015-01-26 14:01:58,057 TRACE - Found bean property &apos;packagesToScan&apos; of type [[Ljava.lang.String;]
org.springframework.beans.CachedIntrospectionResults 2015-01-26 14:01:58,057 TRACE - Found bean property &apos;resourceLoader&apos; of type [org.springframework.core.io.ResourceLoader]
org.springframework.beans.CachedIntrospectionResults 2015-01-26 14:01:58,057 TRACE - Found bean property &apos;schemaUpdate&apos; of type [boolean]
org.springframework.beans.CachedIntrospectionResults 2015-01-26 14:01:58,057 TRACE - Found bean property &apos;singleton&apos; of type [boolean]
org.springframework.beans.CachedIntrospectionResults 2015-01-26 14:01:58,057 TRACE - Found bean property &apos;typeDefinitions&apos; of type [[Lorg.springframework.orm.hibernate3.TypeDefinitionBean;]
org.springframework.beans.CachedIntrospectionResults 2015-01-26 14:01:58,057 TRACE - Found bean property &apos;useTransactionAwareDataSource&apos; of type [boolean]
org.springframework.beans.factory.support.DefaultSingletonBeanRegistry 2015-01-26 14:01:58,067 DEBUG - Creating shared instance of singleton bean &apos;dataSource&apos;
org.springframework.beans.factory.support.AbstractAutowireCapableBeanFactory 2015-01-26 14:01:58,067 DEBUG - Creating instance of bean &apos;dataSource&apos;
org.springframework.beans.factory.support.AbstractAutowireCapableBeanFactory 2015-01-26 14:01:58,136 DEBUG - Eagerly caching bean &apos;dataSource&apos; to allow for resolving potential circular references
org.springframework.beans.CachedIntrospectionResults 2015-01-26 14:01:58,136 TRACE - Getting BeanInfo for class [org.apache.commons.dbcp.BasicDataSource]
org.springframework.beans.CachedIntrospectionResults 2015-01-26 14:01:58,138 TRACE - Caching PropertyDescriptors for class [org.apache.commons.dbcp.BasicDataSource]
org.springframework.beans.CachedIntrospectionResults 2015-01-26 14:01:58,139 TRACE - Found bean property &apos;accessToUnderlyingConnectionAllowed&apos; of type [boolean]
org.springframework.beans.CachedIntrospectionResults 2015-01-26 14:01:58,139 TRACE - Found bean property &apos;class&apos; of type [java.lang.Class]
org.springframework.beans.CachedIntrospectionResults 2015-01-26 14:01:58,139 TRACE - Found bean property &apos;closed&apos; of type [boolean]
org.springframework.beans.CachedIntrospectionResults 2015-01-26 14:01:58,139 TRACE - Found bean property &apos;connection&apos; of type [java.sql.Connection]
org.springframework.beans.CachedIntrospectionResults 2015-01-26 14:01:58,139 TRACE - Found bean property &apos;connectionInitSqls&apos; of type [java.util.Collection]
org.springframework.beans.CachedIntrospectionResults 2015-01-26 14:01:58,139 TRACE - Found bean property &apos;connectionProperties&apos; of type [java.lang.String]
org.springframework.beans.CachedIntrospectionResults 2015-01-26 14:01:58,140 TRACE - Found bean property &apos;defaultAutoCommit&apos; of type [boolean]
org.springframework.beans.CachedIntrospectionResults 2015-01-26 14:01:58,140 TRACE - Found bean property &apos;defaultCatalog&apos; of type [java.lang.String]
org.springframework.beans.CachedIntrospectionResults 2015-01-26 14:01:58,140 TRACE - Found bean property &apos;defaultReadOnly&apos; of type [boolean]
org.springframework.beans.CachedIntrospectionResults 2015-01-26 14:01:58,140 TRACE - Found bean property &apos;defaultTransactionIsolation&apos; of type [int]
org.springframework.beans.CachedIntrospectionResults 2015-01-26 14:01:58,140 TRACE - Found bean property &apos;driverClassLoader&apos; of type [java.lang.ClassLoader]
org.springframework.beans.CachedIntrospectionResults 2015-01-26 14:01:58,140 TRACE - Found bean property &apos;driverClassName&apos; of type [java.lang.String]
org.springframework.beans.CachedIntrospectionResults 2015-01-26 14:01:58,140 TRACE - Found bean property &apos;initialSize&apos; of type [int]
org.springframework.beans.CachedIntrospectionResults 2015-01-26 14:01:58,141 TRACE - Found bean property &apos;logAbandoned&apos; of type [boolean]
org.springframework.beans.CachedIntrospectionResults 2015-01-26 14:01:58,141 TRACE - Found bean property &apos;logWriter&apos; of type [java.io.PrintWriter]
org.springframework.beans.CachedIntrospectionResults 2015-01-26 14:01:58,141 TRACE - Found bean property &apos;loginTimeout&apos; of type [int]
org.springframework.beans.CachedIntrospectionResults 2015-01-26 14:01:58,141 TRACE - Found bean property &apos;maxActive&apos; of type [int]
org.springframework.beans.CachedIntrospectionResults 2015-01-26 14:01:58,141 TRACE - Found bean property &apos;maxIdle&apos; of type [int]
org.springframework.beans.CachedIntrospectionResults 2015-01-26 14:01:58,141 TRACE - Found bean property &apos;maxOpenPreparedStatements&apos; of type [int]
org.springframework.beans.CachedIntrospectionResults 2015-01-26 14:01:58,141 TRACE - Found bean property &apos;maxWait&apos; of type [long]
org.springframework.beans.CachedIntrospectionResults 2015-01-26 14:01:58,142 TRACE - Found bean property &apos;minEvictableIdleTimeMillis&apos; of type [long]
org.springframework.beans.CachedIntrospectionResults 2015-01-26 14:01:58,142 TRACE - Found bean property &apos;minIdle&apos; of type [int]
org.springframework.beans.CachedIntrospectionResults 2015-01-26 14:01:58,142 TRACE - Found bean property &apos;numActive&apos; of type [int]
org.springframework.beans.CachedIntrospectionResults 2015-01-26 14:01:58,142 TRACE - Found bean property &apos;numIdle&apos; of type [int]
org.springframework.beans.CachedIntrospectionResults 2015-01-26 14:01:58,142 TRACE - Found bean property &apos;numTestsPerEvictionRun&apos; of type [int]
org.springframework.beans.CachedIntrospectionResults 2015-01-26 14:01:58,143 TRACE - Found bean property &apos;password&apos; of type [java.lang.String]
org.springframework.beans.CachedIntrospectionResults 2015-01-26 14:01:58,143 TRACE - Found bean property &apos;poolPreparedStatements&apos; of type [boolean]
org.springframework.beans.CachedIntrospectionResults 2015-01-26 14:01:58,143 TRACE - Found bean property &apos;removeAbandoned&apos; of type [boolean]
org.springframework.beans.CachedIntrospectionResults 2015-01-26 14:01:58,143 TRACE - Found bean property &apos;removeAbandonedTimeout&apos; of type [int]
org.springframework.beans.CachedIntrospectionResults 2015-01-26 14:01:58,143 TRACE - Found bean property &apos;testOnBorrow&apos; of type [boolean]
org.springframework.beans.CachedIntrospectionResults 2015-01-26 14:01:58,143 TRACE - Found bean property &apos;testOnReturn&apos; of type [boolean]
org.springframework.beans.CachedIntrospectionResults 2015-01-26 14:01:58,143 TRACE - Found bean property &apos;testWhileIdle&apos; of type [boolean]
org.springframework.beans.CachedIntrospectionResults 2015-01-26 14:01:58,144 TRACE - Found bean property &apos;timeBetweenEvictionRunsMillis&apos; of type [long]
org.springframework.beans.CachedIntrospectionResults 2015-01-26 14:01:58,144 TRACE - Found bean property &apos;url&apos; of type [java.lang.String]
org.springframework.beans.CachedIntrospectionResults 2015-01-26 14:01:58,144 TRACE - Found bean property &apos;username&apos; of type [java.lang.String]
org.springframework.beans.CachedIntrospectionResults 2015-01-26 14:01:58,144 TRACE - Found bean property &apos;validationQuery&apos; of type [java.lang.String]
org.springframework.beans.CachedIntrospectionResults 2015-01-26 14:01:58,144 TRACE - Found bean property &apos;validationQueryTimeout&apos; of type [int]
org.springframework.beans.TypeConverterDelegate 2015-01-26 14:01:58,151 TRACE - Converting String to [int] using property editor [org.springframework.beans.propertyeditors.CustomNumberEditor@3fe40c9f]
org.springframework.beans.TypeConverterDelegate 2015-01-26 14:01:58,152 TRACE - Converting String to [int] using property editor [org.springframework.beans.propertyeditors.CustomNumberEditor@3fe40c9f]
org.springframework.beans.factory.support.DefaultSingletonBeanRegistry 2015-01-26 14:01:58,153 DEBUG - Creating shared instance of singleton bean &apos;org.springframework.transaction.config.internalTransactionAdvisor&apos;
org.springframework.beans.factory.support.AbstractAutowireCapableBeanFactory 2015-01-26 14:01:58,153 DEBUG - Creating instance of bean &apos;org.springframework.transaction.config.internalTransactionAdvisor&apos;
org.springframework.aop.framework.autoproxy.AbstractAutoProxyCreator 2015-01-26 14:01:58,153 TRACE - Did not attempt to auto-proxy infrastructure class [org.springframework.transaction.interceptor.BeanFactoryTransactionAttributeSourceAdvisor]
org.springframework.beans.factory.support.AbstractAutowireCapableBeanFactory 2015-01-26 14:01:58,154 DEBUG - Eagerly caching bean &apos;org.springframework.transaction.config.internalTransactionAdvisor&apos; to allow for resolving potential circular references
org.springframework.beans.CachedIntrospectionResults 2015-01-26 14:01:58,155 TRACE - Getting BeanInfo for class [org.springframework.transaction.interceptor.BeanFactoryTransactionAttributeSourceAdvisor]
org.springframework.beans.CachedIntrospectionResults 2015-01-26 14:01:58,157 TRACE - Caching PropertyDescriptors for class [org.springframework.transaction.interceptor.BeanFactoryTransactionAttributeSourceAdvisor]
org.springframework.beans.CachedIntrospectionResults 2015-01-26 14:01:58,157 TRACE - Found bean property &apos;advice&apos; of type [org.aopalliance.aop.Advice]
org.springframework.beans.CachedIntrospectionResults 2015-01-26 14:01:58,157 TRACE - Found bean property &apos;adviceBeanName&apos; of type [java.lang.String]
org.springframework.beans.CachedIntrospectionResults 2015-01-26 14:01:58,158 TRACE - Found bean property &apos;beanFactory&apos; of type [org.springframework.beans.factory.BeanFactory]
org.springframework.beans.CachedIntrospectionResults 2015-01-26 14:01:58,158 TRACE - Found bean property &apos;class&apos; of type [java.lang.Class]
org.springframework.beans.CachedIntrospectionResults 2015-01-26 14:01:58,158 TRACE - Found bean property &apos;classFilter&apos; of type [org.springframework.aop.ClassFilter]
org.springframework.beans.CachedIntrospectionResults 2015-01-26 14:01:58,158 TRACE - Found bean property &apos;order&apos; of type [int]
org.springframework.beans.CachedIntrospectionResults 2015-01-26 14:01:58,158 TRACE - Found bean property &apos;perInstance&apos; of type [boolean]
org.springframework.beans.CachedIntrospectionResults 2015-01-26 14:01:58,158 TRACE - Found bean property &apos;pointcut&apos; of type [org.springframework.aop.Pointcut]
org.springframework.beans.CachedIntrospectionResults 2015-01-26 14:01:58,159 TRACE - Found bean property &apos;transactionAttributeSource&apos; of type [org.springframework.transaction.interceptor.TransactionAttributeSource]
org.springframework.beans.factory.support.DefaultSingletonBeanRegistry 2015-01-26 14:01:58,160 DEBUG - Creating shared instance of singleton bean &apos;org.springframework.transaction.annotation.AnnotationTransactionAttributeSource#0&apos;
org.springframework.beans.factory.support.AbstractAutowireCapableBeanFactory 2015-01-26 14:01:58,160 DEBUG - Creating instance of bean &apos;org.springframework.transaction.annotation.AnnotationTransactionAttributeSource#0&apos;
org.springframework.beans.factory.support.AbstractAutowireCapableBeanFactory 2015-01-26 14:01:58,163 DEBUG - Eagerly caching bean &apos;org.springframework.transaction.annotation.AnnotationTransactionAttributeSource#0&apos; to allow for resolving potential circular references
org.springframework.beans.CachedIntrospectionResults 2015-01-26 14:01:58,163 TRACE - Getting BeanInfo for class [org.springframework.transaction.annotation.AnnotationTransactionAttributeSource]
org.springframework.beans.CachedIntrospectionResults 2015-01-26 14:01:58,165 TRACE - Caching PropertyDescriptors for class [org.springframework.transaction.annotation.AnnotationTransactionAttributeSource]
org.springframework.beans.CachedIntrospectionResults 2015-01-26 14:01:58,165 TRACE - Found bean property &apos;class&apos; of type [java.lang.Class]
org.springframework.aop.framework.autoproxy.BeanFactoryAdvisorRetrievalHelper 2015-01-26 14:01:58,165 DEBUG - Skipping currently created advisor &apos;org.springframework.transaction.config.internalTransactionAdvisor&apos;
org.springframework.beans.factory.support.AbstractAutowireCapableBeanFactory 2015-01-26 14:01:58,166 DEBUG - Finished creating instance of bean &apos;org.springframework.transaction.annotation.AnnotationTransactionAttributeSource#0&apos;
org.springframework.beans.factory.support.AbstractAutowireCapableBeanFactory 2015-01-26 14:01:58,167 DEBUG - Finished creating instance of bean &apos;org.springframework.transaction.config.internalTransactionAdvisor&apos;
org.springframework.beans.factory.support.AbstractAutowireCapableBeanFactory 2015-01-26 14:01:58,170 DEBUG - Finished creating instance of bean &apos;dataSource&apos;
org.springframework.beans.TypeConverterDelegate 2015-01-26 14:01:58,176 TRACE - Converting String to [class java.lang.Class] using property editor [org.springframework.beans.propertyeditors.ClassEditor@402425cb]
org.springframework.beans.TypeConverterDelegate 2015-01-26 14:01:58,176 TRACE - Converting String to [class java.lang.Class] using property editor [org.springframework.beans.propertyeditors.ClassEditor@402425cb]
org.springframework.beans.TypeConverterDelegate 2015-01-26 14:01:58,176 TRACE - Converting String to [class java.lang.Class] using property editor [org.springframework.beans.propertyeditors.ClassEditor@402425cb]
org.springframework.beans.TypeConverterDelegate 2015-01-26 14:01:58,176 TRACE - Converting String to [class java.lang.Class] using property editor [org.springframework.beans.propertyeditors.ClassEditor@402425cb]
org.springframework.beans.factory.support.AbstractAutowireCapableBeanFactory 2015-01-26 14:01:58,178 DEBUG - Invoking afterPropertiesSet() on bean with name &apos;sessionFactory&apos;
org.hibernate.type.BasicTypeRegistry 2015-01-26 14:01:58,205 DEBUG - Adding type registration boolean -&gt; org.hibernate.type.BooleanType@29bb22a0
org.hibernate.type.BasicTypeRegistry 2015-01-26 14:01:58,205 DEBUG - Adding type registration boolean -&gt; org.hibernate.type.BooleanType@29bb22a0
org.hibernate.type.BasicTypeRegistry 2015-01-26 14:01:58,205 DEBUG - Adding type registration java.lang.Boolean -&gt; org.hibernate.type.BooleanType@29bb22a0
org.hibernate.type.BasicTypeRegistry 2015-01-26 14:01:58,206 DEBUG - Adding type registration numeric_boolean -&gt; org.hibernate.type.NumericBooleanType@45d1122c
org.hibernate.type.BasicTypeRegistry 2015-01-26 14:01:58,207 DEBUG - Adding type registration true_false -&gt; org.hibernate.type.TrueFalseType@1c58f805
org.hibernate.type.BasicTypeRegistry 2015-01-26 14:01:58,208 DEBUG - Adding type registration yes_no -&gt; org.hibernate.type.YesNoType@4b0900c8
org.hibernate.type.BasicTypeRegistry 2015-01-26 14:01:58,209 DEBUG - Adding type registration byte -&gt; org.hibernate.type.ByteType@44945113
org.hibernate.type.BasicTypeRegistry 2015-01-26 14:01:58,209 DEBUG - Adding type registration byte -&gt; org.hibernate.type.ByteType@44945113
org.hibernate.type.BasicTypeRegistry 2015-01-26 14:01:58,209 DEBUG - Adding type registration java.lang.Byte -&gt; org.hibernate.type.ByteType@44945113
org.hibernate.type.BasicTypeRegistry 2015-01-26 14:01:58,210 DEBUG - Adding type registration character -&gt; org.hibernate.type.CharacterType@41bdd094
org.hibernate.type.BasicTypeRegistry 2015-01-26 14:01:58,210 DEBUG - Adding type registration char -&gt; org.hibernate.type.CharacterType@41bdd094
org.hibernate.type.BasicTypeRegistry 2015-01-26 14:01:58,211 DEBUG - Adding type registration java.lang.Character -&gt; org.hibernate.type.CharacterType@41bdd094
org.hibernate.type.BasicTypeRegistry 2015-01-26 14:01:58,212 DEBUG - Adding type registration short -&gt; org.hibernate.type.ShortType@3c90cbce
org.hibernate.type.BasicTypeRegistry 2015-01-26 14:01:58,212 DEBUG - Adding type registration short -&gt; org.hibernate.type.ShortType@3c90cbce
org.hibernate.type.BasicTypeRegistry 2015-01-26 14:01:58,213 DEBUG - Adding type registration java.lang.Short -&gt; org.hibernate.type.ShortType@3c90cbce
org.hibernate.type.BasicTypeRegistry 2015-01-26 14:01:58,214 DEBUG - Adding type registration integer -&gt; org.hibernate.type.IntegerType@66b9b45f
org.hibernate.type.BasicTypeRegistry 2015-01-26 14:01:58,214 DEBUG - Adding type registration int -&gt; org.hibernate.type.IntegerType@66b9b45f
org.hibernate.type.BasicTypeRegistry 2015-01-26 14:01:58,214 DEBUG - Adding type registration java.lang.Integer -&gt; org.hibernate.type.IntegerType@66b9b45f
org.hibernate.type.BasicTypeRegistry 2015-01-26 14:01:58,216 DEBUG - Adding type registration long -&gt; org.hibernate.type.LongType@71749bbd
org.hibernate.type.BasicTypeRegistry 2015-01-26 14:01:58,216 DEBUG - Adding type registration long -&gt; org.hibernate.type.LongType@71749bbd
org.hibernate.type.BasicTypeRegistry 2015-01-26 14:01:58,216 DEBUG - Adding type registration java.lang.Long -&gt; org.hibernate.type.LongType@71749bbd
org.hibernate.type.BasicTypeRegistry 2015-01-26 14:01:58,217 DEBUG - Adding type registration float -&gt; org.hibernate.type.FloatType@7000f98d
org.hibernate.type.BasicTypeRegistry 2015-01-26 14:01:58,217 DEBUG - Adding type registration float -&gt; org.hibernate.type.FloatType@7000f98d
org.hibernate.type.BasicTypeRegistry 2015-01-26 14:01:58,218 DEBUG - Adding type registration java.lang.Float -&gt; org.hibernate.type.FloatType@7000f98d
org.hibernate.type.BasicTypeRegistry 2015-01-26 14:01:58,219 DEBUG - Adding type registration double -&gt; org.hibernate.type.DoubleType@e5c71af
org.hibernate.type.BasicTypeRegistry 2015-01-26 14:01:58,219 DEBUG - Adding type registration double -&gt; org.hibernate.type.DoubleType@e5c71af
org.hibernate.type.BasicTypeRegistry 2015-01-26 14:01:58,219 DEBUG - Adding type registration java.lang.Double -&gt; org.hibernate.type.DoubleType@e5c71af
org.hibernate.type.BasicTypeRegistry 2015-01-26 14:01:58,221 DEBUG - Adding type registration big_decimal -&gt; org.hibernate.type.BigDecimalType@b5b0f7e
org.hibernate.type.BasicTypeRegistry 2015-01-26 14:01:58,221 DEBUG - Adding type registration java.math.BigDecimal -&gt; org.hibernate.type.BigDecimalType@b5b0f7e
org.hibernate.type.BasicTypeRegistry 2015-01-26 14:01:58,222 DEBUG - Adding type registration big_integer -&gt; org.hibernate.type.BigIntegerType@2019666a
org.hibernate.type.BasicTypeRegistry 2015-01-26 14:01:58,222 DEBUG - Adding type registration java.math.BigInteger -&gt; org.hibernate.type.BigIntegerType@2019666a
org.hibernate.type.BasicTypeRegistry 2015-01-26 14:01:58,223 DEBUG - Adding type registration string -&gt; org.hibernate.type.StringType@425ef7f2
org.hibernate.type.BasicTypeRegistry 2015-01-26 14:01:58,223 DEBUG - Adding type registration java.lang.String -&gt; org.hibernate.type.StringType@425ef7f2
org.hibernate.type.BasicTypeRegistry 2015-01-26 14:01:58,224 DEBUG - Adding type registration url -&gt; org.hibernate.type.UrlType@17fdb5c7
org.hibernate.type.BasicTypeRegistry 2015-01-26 14:01:58,224 DEBUG - Adding type registration java.net.URL -&gt; org.hibernate.type.UrlType@17fdb5c7
org.hibernate.type.BasicTypeRegistry 2015-01-26 14:01:58,226 DEBUG - Adding type registration date -&gt; org.hibernate.type.DateType@64ec8b80
org.hibernate.type.BasicTypeRegistry 2015-01-26 14:01:58,226 DEBUG - Adding type registration java.sql.Date -&gt; org.hibernate.type.DateType@64ec8b80
org.hibernate.type.BasicTypeRegistry 2015-01-26 14:01:58,227 DEBUG - Adding type registration time -&gt; org.hibernate.type.TimeType@79243ef3
org.hibernate.type.BasicTypeRegistry 2015-01-26 14:01:58,228 DEBUG - Adding type registration java.sql.Time -&gt; org.hibernate.type.TimeType@79243ef3
org.hibernate.type.BasicTypeRegistry 2015-01-26 14:01:58,229 DEBUG - Adding type registration timestamp -&gt; org.hibernate.type.TimestampType@5893efc3
org.hibernate.type.BasicTypeRegistry 2015-01-26 14:01:58,229 DEBUG - Adding type registration java.sql.Timestamp -&gt; org.hibernate.type.TimestampType@5893efc3
org.hibernate.type.BasicTypeRegistry 2015-01-26 14:01:58,229 DEBUG - Adding type registration java.util.Date -&gt; org.hibernate.type.TimestampType@5893efc3
org.hibernate.type.BasicTypeRegistry 2015-01-26 14:01:58,230 DEBUG - Adding type registration dbtimestamp -&gt; org.hibernate.type.DbTimestampType@899cd30
org.hibernate.type.BasicTypeRegistry 2015-01-26 14:01:58,231 DEBUG - Adding type registration calendar -&gt; org.hibernate.type.CalendarType@41eab4e0
org.hibernate.type.BasicTypeRegistry 2015-01-26 14:01:58,231 DEBUG - Adding type registration java.util.Calendar -&gt; org.hibernate.type.CalendarType@41eab4e0
org.hibernate.type.BasicTypeRegistry 2015-01-26 14:01:58,231 DEBUG - Adding type registration java.util.GregorianCalendar -&gt; org.hibernate.type.CalendarType@41eab4e0
org.hibernate.type.BasicTypeRegistry 2015-01-26 14:01:58,232 DEBUG - Adding type registration calendar_date -&gt; org.hibernate.type.CalendarDateType@1197c2dd
org.hibernate.type.BasicTypeRegistry 2015-01-26 14:01:58,233 DEBUG - Adding type registration locale -&gt; org.hibernate.type.LocaleType@8e8be66
org.hibernate.type.BasicTypeRegistry 2015-01-26 14:01:58,233 DEBUG - Adding type registration java.util.Locale -&gt; org.hibernate.type.LocaleType@8e8be66
org.hibernate.type.BasicTypeRegistry 2015-01-26 14:01:58,234 DEBUG - Adding type registration currency -&gt; org.hibernate.type.CurrencyType@fb8896c
org.hibernate.type.BasicTypeRegistry 2015-01-26 14:01:58,234 DEBUG - Adding type registration java.util.Currency -&gt; org.hibernate.type.CurrencyType@fb8896c
org.hibernate.type.BasicTypeRegistry 2015-01-26 14:01:58,235 DEBUG - Adding type registration timezone -&gt; org.hibernate.type.TimeZoneType@d62d2df
org.hibernate.type.BasicTypeRegistry 2015-01-26 14:01:58,235 DEBUG - Adding type registration java.util.TimeZone -&gt; org.hibernate.type.TimeZoneType@d62d2df
org.hibernate.type.BasicTypeRegistry 2015-01-26 14:01:58,236 DEBUG - Adding type registration class -&gt; org.hibernate.type.ClassType@32609547
org.hibernate.type.BasicTypeRegistry 2015-01-26 14:01:58,236 DEBUG - Adding type registration java.lang.Class -&gt; org.hibernate.type.ClassType@32609547
org.hibernate.type.BasicTypeRegistry 2015-01-26 14:01:58,237 DEBUG - Adding type registration uuid-binary -&gt; org.hibernate.type.UUIDBinaryType@17df3aeb
org.hibernate.type.BasicTypeRegistry 2015-01-26 14:01:58,237 DEBUG - Adding type registration java.util.UUID -&gt; org.hibernate.type.UUIDBinaryType@17df3aeb
org.hibernate.type.BasicTypeRegistry 2015-01-26 14:01:58,238 DEBUG - Adding type registration uuid-char -&gt; org.hibernate.type.UUIDCharType@20be9067
org.hibernate.type.BasicTypeRegistry 2015-01-26 14:01:58,238 DEBUG - Adding type registration pg-uuid -&gt; org.hibernate.type.PostgresUUIDType@4fed51d
org.hibernate.type.BasicTypeRegistry 2015-01-26 14:01:58,239 DEBUG - Adding type registration binary -&gt; org.hibernate.type.BinaryType@1660707
org.hibernate.type.BasicTypeRegistry 2015-01-26 14:01:58,239 DEBUG - Adding type registration byte[] -&gt; org.hibernate.type.BinaryType@1660707
org.hibernate.type.BasicTypeRegistry 2015-01-26 14:01:58,240 DEBUG - Adding type registration [B -&gt; org.hibernate.type.BinaryType@1660707
[...]
org.springframework.beans.factory.support.AbstractAutowireCapableBeanFactory 2015-01-26 14:02:00,096 DEBUG - Eagerly caching bean &apos;baseDao&apos; to allow for resolving potential circular references
org.springframework.beans.CachedIntrospectionResults 2015-01-26 14:02:00,096 TRACE - Getting BeanInfo for class [nla.local.dao.BaseDao]
org.springframework.beans.CachedIntrospectionResults 2015-01-26 14:02:00,097 TRACE - Caching PropertyDescriptors for class [nla.local.dao.BaseDao]
org.springframework.beans.CachedIntrospectionResults 2015-01-26 14:02:00,097 TRACE - Found bean property &apos;all&apos; of type [java.util.List]
org.springframework.beans.CachedIntrospectionResults 2015-01-26 14:02:00,098 TRACE - Found bean property &apos;class&apos; of type [java.lang.Class]
org.springframework.beans.CachedIntrospectionResults 2015-01-26 14:02:00,098 TRACE - Found bean property &apos;session&apos; of type [org.hibernate.Session]
org.springframework.beans.CachedIntrospectionResults 2015-01-26 14:02:00,098 TRACE - Found bean property &apos;type&apos; of type [java.lang.Class]
org.springframework.beans.factory.support.AbstractBeanFactory 2015-01-26 14:02:00,099 DEBUG - Returning cached instance of singleton bean &apos;org.springframework.transaction.config.internalTransactionAdvisor&apos;
org.springframework.beans.factory.support.AbstractAutowireCapableBeanFactory 2015-01-26 14:02:00,101 DEBUG - Finished creating instance of bean &apos;baseDao&apos;
org.springframework.beans.factory.support.ConstructorResolver 2015-01-26 14:02:00,101 DEBUG - Autowiring by type from bean name &apos;baseService&apos; via constructor to bean named &apos;baseDao&apos;
org.springframework.beans.factory.support.AbstractAutowireCapableBeanFactory 2015-01-26 14:02:00,103 DEBUG - Eagerly caching bean &apos;baseService&apos; to allow for resolving potential circular references
org.springframework.beans.CachedIntrospectionResults 2015-01-26 14:02:00,103 TRACE - Getting BeanInfo for class [nla.local.services.BaseService]
org.springframework.beans.CachedIntrospectionResults 2015-01-26 14:02:00,104 TRACE - Caching PropertyDescriptors for class [nla.local.services.BaseService]
org.springframework.beans.CachedIntrospectionResults 2015-01-26 14:02:00,105 TRACE - Found bean property &apos;class&apos; of type [java.lang.Class]
org.springframework.beans.CachedIntrospectionResults 2015-01-26 14:02:00,105 TRACE - Found bean property &apos;query&apos; of type [org.hibernate.criterion.DetachedCriteria]
org.springframework.beans.CachedIntrospectionResults 2015-01-26 14:02:00,105 TRACE - Found bean property &apos;type&apos; of type [java.lang.Class]
org.springframework.beans.factory.support.AbstractBeanFactory 2015-01-26 14:02:00,105 DEBUG - Returning cached instance of singleton bean &apos;org.springframework.transaction.config.internalTransactionAdvisor&apos;
org.springframework.transaction.interceptor.AbstractFallbackTransactionAttributeSource 2015-01-26 14:02:00,107 DEBUG - Adding transactional method &apos;BaseService.add&apos; with attribute: PROPAGATION_REQUIRED,ISOLATION_DEFAULT; &apos;&apos;
org.springframework.aop.framework.autoproxy.AbstractAutoProxyCreator 2015-01-26 14:02:00,110 DEBUG - Creating implicit proxy for bean &apos;baseService&apos; with 0 common interceptors and 1 specific interceptors
org.springframework.aop.framework.CglibAopProxy 2015-01-26 14:02:00,114 DEBUG - Creating CGLIB proxy: target source is SingletonTargetSource for target object [nla.local.services.BaseService@5aff0e4c]
org.springframework.beans.factory.support.DefaultSingletonBeanRegistry 2015-01-26 14:02:00,151 DEBUG - Creating shared instance of singleton bean &apos;org.springframework.transaction.interceptor.TransactionInterceptor#0&apos;
org.springframework.beans.factory.support.AbstractAutowireCapableBeanFactory 2015-01-26 14:02:00,151 DEBUG - Creating instance of bean &apos;org.springframework.transaction.interceptor.TransactionInterceptor#0&apos;
org.springframework.aop.framework.autoproxy.AbstractAutoProxyCreator 2015-01-26 14:02:00,151 TRACE - Did not attempt to auto-proxy infrastructure class [org.springframework.transaction.interceptor.TransactionInterceptor]
org.springframework.beans.factory.support.AbstractAutowireCapableBeanFactory 2015-01-26 14:02:00,154 DEBUG - Eagerly caching bean &apos;org.springframework.transaction.interceptor.TransactionInterceptor#0&apos; to allow for resolving potential circular references
org.springframework.beans.CachedIntrospectionResults 2015-01-26 14:02:00,154 TRACE - Getting BeanInfo for class [org.springframework.transaction.interceptor.TransactionInterceptor]
org.springframework.beans.CachedIntrospectionResults 2015-01-26 14:02:00,156 TRACE - Caching PropertyDescriptors for class [org.springframework.transaction.interceptor.TransactionInterceptor]
org.springframework.beans.CachedIntrospectionResults 2015-01-26 14:02:00,156 TRACE - Found bean property &apos;beanFactory&apos; of type [org.springframework.beans.factory.BeanFactory]
org.springframework.beans.CachedIntrospectionResults 2015-01-26 14:02:00,156 TRACE - Found bean property &apos;class&apos; of type [java.lang.Class]
org.springframework.beans.CachedIntrospectionResults 2015-01-26 14:02:00,156 TRACE - Found bean property &apos;transactionAttributeSource&apos; of type [org.springframework.transaction.interceptor.TransactionAttributeSource]
org.springframework.beans.CachedIntrospectionResults 2015-01-26 14:02:00,156 TRACE - Found bean property &apos;transactionAttributeSources&apos; of type [[Lorg.springframework.transaction.interceptor.TransactionAttributeSource;]
org.springframework.beans.CachedIntrospectionResults 2015-01-26 14:02:00,156 TRACE - Found bean property &apos;transactionAttributes&apos; of type [java.util.Properties]
org.springframework.beans.CachedIntrospectionResults 2015-01-26 14:02:00,157 TRACE - Found bean property &apos;transactionManager&apos; of type [org.springframework.transaction.PlatformTransactionManager]
org.springframework.beans.CachedIntrospectionResults 2015-01-26 14:02:00,157 TRACE - Found bean property &apos;transactionManagerBeanName&apos; of type [java.lang.String]
org.springframework.beans.factory.support.AbstractBeanFactory 2015-01-26 14:02:00,158 DEBUG - Returning cached instance of singleton bean &apos;org.springframework.transaction.annotation.AnnotationTransactionAttributeSource#0&apos;
org.springframework.beans.factory.support.AbstractAutowireCapableBeanFactory 2015-01-26 14:02:00,158 DEBUG - Invoking afterPropertiesSet() on bean with name &apos;org.springframework.transaction.interceptor.TransactionInterceptor#0&apos;
org.springframework.beans.factory.support.AbstractAutowireCapableBeanFactory 2015-01-26 14:02:00,158 DEBUG - Finished creating instance of bean &apos;org.springframework.transaction.interceptor.TransactionInterceptor#0&apos;
org.springframework.aop.framework.CglibAopProxy$ProxyCallbackFilter 2015-01-26 14:02:00,160 DEBUG - Unable to apply any optimisations to advised method: public void nla.local.services.BaseService.add(java.lang.Object)
org.springframework.transaction.interceptor.AbstractFallbackTransactionAttributeSource 2015-01-26 14:02:00,161 DEBUG - Adding transactional method &apos;BaseService.get&apos; with attribute: PROPAGATION_SUPPORTS,ISOLATION_DEFAULT,readOnly; &apos;&apos;
org.springframework.aop.framework.CglibAopProxy$ProxyCallbackFilter 2015-01-26 14:02:00,161 DEBUG - Unable to apply any optimisations to advised method: public java.lang.Object nla.local.services.BaseService.get(java.lang.Class,java.io.Serializable)
org.springframework.transaction.interceptor.AbstractFallbackTransactionAttributeSource 2015-01-26 14:02:00,162 DEBUG - Adding transactional method &apos;BaseService.getType&apos; with attribute: PROPAGATION_REQUIRED,ISOLATION_DEFAULT; &apos;&apos;
org.springframework.aop.framework.CglibAopProxy$ProxyCallbackFilter 2015-01-26 14:02:00,162 DEBUG - Unable to apply any optimisations to advised method: public java.lang.Class nla.local.services.BaseService.getType()
org.springframework.transaction.interceptor.AbstractFallbackTransactionAttributeSource 2015-01-26 14:02:00,163 DEBUG - Adding transactional method &apos;BaseService.delete&apos; with attribute: PROPAGATION_REQUIRED,ISOLATION_DEFAULT; &apos;&apos;
org.springframework.aop.framework.CglibAopProxy$ProxyCallbackFilter 2015-01-26 14:02:00,163 DEBUG - Unable to apply any optimisations to advised method: public void nla.local.services.BaseService.delete(java.lang.Object)
org.springframework.transaction.interceptor.AbstractFallbackTransactionAttributeSource 2015-01-26 14:02:00,163 DEBUG - Adding transactional method &apos;BaseService.getQuery&apos; with attribute: PROPAGATION_REQUIRED,ISOLATION_DEFAULT; &apos;&apos;
org.springframework.aop.framework.CglibAopProxy$ProxyCallbackFilter 2015-01-26 14:02:00,164 DEBUG - Unable to apply any optimisations to advised method: public org.hibernate.criterion.DetachedCriteria nla.local.services.BaseService.getQuery()
org.springframework.transaction.interceptor.AbstractFallbackTransactionAttributeSource 2015-01-26 14:02:00,164 DEBUG - Adding transactional method &apos;BaseService.update&apos; with attribute: PROPAGATION_REQUIRED,ISOLATION_DEFAULT; &apos;&apos;
org.springframework.aop.framework.CglibAopProxy$ProxyCallbackFilter 2015-01-26 14:02:00,164 DEBUG - Unable to apply any optimisations to advised method: public void nla.local.services.BaseService.update(java.lang.Object)
org.springframework.transaction.interceptor.AbstractFallbackTransactionAttributeSource 2015-01-26 14:02:00,165 DEBUG - Adding transactional method &apos;BaseService.refresh&apos; with attribute: PROPAGATION_REQUIRED,ISOLATION_DEFAULT; &apos;&apos;
org.springframework.aop.framework.CglibAopProxy$ProxyCallbackFilter 2015-01-26 14:02:00,165 DEBUG - Unable to apply any optimisations to advised method: public void nla.local.services.BaseService.refresh(java.lang.Object)
org.springframework.transaction.interceptor.AbstractFallbackTransactionAttributeSource 2015-01-26 14:02:00,166 DEBUG - Adding transactional method &apos;BaseService.getCriterion&apos; with attribute: PROPAGATION_SUPPORTS,ISOLATION_DEFAULT,readOnly; &apos;&apos;
org.springframework.aop.framework.CglibAopProxy$ProxyCallbackFilter 2015-01-26 14:02:00,166 DEBUG - Unable to apply any optimisations to advised method: public java.util.List nla.local.services.BaseService.getCriterion(org.hibernate.criterion.DetachedCriteria)
org.springframework.transaction.interceptor.AbstractFallbackTransactionAttributeSource 2015-01-26 14:02:00,166 DEBUG - Adding transactional method &apos;BaseService.setQuery&apos; with attribute: PROPAGATION_REQUIRED,ISOLATION_DEFAULT; &apos;&apos;
org.springframework.aop.framework.CglibAopProxy$ProxyCallbackFilter 2015-01-26 14:02:00,166 DEBUG - Unable to apply any optimisations to advised method: public void nla.local.services.BaseService.setQuery(org.hibernate.criterion.DetachedCriteria)
org.springframework.aop.framework.CglibAopProxy$ProxyCallbackFilter 2015-01-26 14:02:00,167 DEBUG - Found finalize() method - using NO_OVERRIDE
org.springframework.aop.framework.CglibAopProxy$ProxyCallbackFilter 2015-01-26 14:02:00,167 DEBUG - Found &apos;equals&apos; method: public boolean java.lang.Object.equals(java.lang.Object)
org.springframework.aop.framework.CglibAopProxy$ProxyCallbackFilter 2015-01-26 14:02:00,167 DEBUG - Unable to apply any optimisations to advised method: public java.lang.String java.lang.Object.toString()
org.springframework.aop.framework.CglibAopProxy$ProxyCallbackFilter 2015-01-26 14:02:00,167 DEBUG - Found &apos;hashCode&apos; method: public native int java.lang.Object.hashCode()
org.springframework.aop.framework.CglibAopProxy$ProxyCallbackFilter 2015-01-26 14:02:00,167 DEBUG - Unable to apply any optimisations to advised method: protected native java.lang.Object java.lang.Object.clone() throws java.lang.CloneNotSupportedException
org.springframework.aop.framework.CglibAopProxy$ProxyCallbackFilter 2015-01-26 14:02:00,167 DEBUG - Method is declared on Advised interface: public abstract int org.springframework.aop.framework.Advised.indexOf(org.aopalliance.aop.Advice)
org.springframework.aop.framework.CglibAopProxy$ProxyCallbackFilter 2015-01-26 14:02:00,167 DEBUG - Method is declared on Advised interface: public abstract int org.springframework.aop.framework.Advised.indexOf(org.springframework.aop.Advisor)
org.springframework.aop.framework.CglibAopProxy$ProxyCallbackFilter 2015-01-26 14:02:00,168 DEBUG - Method is declared on Advised interface: public abstract boolean org.springframework.aop.framework.Advised.isFrozen()
org.springframework.aop.framework.CglibAopProxy$ProxyCallbackFilter 2015-01-26 14:02:00,168 DEBUG - Method is declared on Advised interface: public abstract boolean org.springframework.aop.framework.Advised.isProxyTargetClass()
org.springframework.aop.framework.CglibAopProxy$ProxyCallbackFilter 2015-01-26 14:02:00,168 DEBUG - Method is declared on Advised interface: public abstract void org.springframework.aop.framework.Advised.setPreFiltered(boolean)
org.springframework.aop.framework.CglibAopProxy$ProxyCallbackFilter 2015-01-26 14:02:00,168 DEBUG - Method is declared on Advised interface: public abstract void org.springframework.aop.framework.Advised.setExposeProxy(boolean)
org.springframework.aop.framework.CglibAopProxy$ProxyCallbackFilter 2015-01-26 14:02:00,168 DEBUG - Method is declared on Advised interface: public abstract void org.springframework.aop.framework.Advised.setTargetSource(org.springframework.aop.TargetSource)
org.springframework.aop.framework.CglibAopProxy$ProxyCallbackFilter 2015-01-26 14:02:00,168 DEBUG - Method is declared on Advised interface: public abstract org.springframework.aop.TargetSource org.springframework.aop.framework.Advised.getTargetSource()
org.springframework.aop.framework.CglibAopProxy$ProxyCallbackFilter 2015-01-26 14:02:00,168 DEBUG - Method is declared on Advised interface: public abstract void org.springframework.aop.framework.Advised.addAdvice(int,org.aopalliance.aop.Advice) throws org.springframework.aop.framework.AopConfigException
org.springframework.aop.framework.CglibAopProxy$ProxyCallbackFilter 2015-01-26 14:02:00,169 DEBUG - Method is declared on Advised interface: public abstract void org.springframework.aop.framework.Advised.addAdvice(org.aopalliance.aop.Advice) throws org.springframework.aop.framework.AopConfigException
org.springframework.aop.framework.CglibAopProxy$ProxyCallbackFilter 2015-01-26 14:02:00,169 DEBUG - Method is declared on Advised interface: public abstract boolean org.springframework.aop.framework.Advised.isPreFiltered()
org.springframework.aop.framework.CglibAopProxy$ProxyCallbackFilter 2015-01-26 14:02:00,169 DEBUG - Method is declared on Advised interface: public abstract org.springframework.aop.Advisor[] org.springframework.aop.framework.Advised.getAdvisors()
org.springframework.aop.framework.CglibAopProxy$ProxyCallbackFilter 2015-01-26 14:02:00,169 DEBUG - Method is declared on Advised interface: public abstract void org.springframework.aop.framework.Advised.removeAdvisor(int) throws org.springframework.aop.framework.AopConfigException
org.springframework.aop.framework.CglibAopProxy$ProxyCallbackFilter 2015-01-26 14:02:00,169 DEBUG - Method is declared on Advised interface: public abstract boolean org.springframework.aop.framework.Advised.removeAdvisor(org.springframework.aop.Advisor)
org.springframework.aop.framework.CglibAopProxy$ProxyCallbackFilter 2015-01-26 14:02:00,169 DEBUG - Method is declared on Advised interface: public abstract boolean org.springframework.aop.framework.Advised.removeAdvice(org.aopalliance.aop.Advice)
org.springframework.aop.framework.CglibAopProxy$ProxyCallbackFilter 2015-01-26 14:02:00,169 DEBUG - Method is declared on Advised interface: public abstract java.lang.Class[] org.springframework.aop.framework.Advised.getProxiedInterfaces()
org.springframework.aop.framework.CglibAopProxy$ProxyCallbackFilter 2015-01-26 14:02:00,170 DEBUG - Method is declared on Advised interface: public abstract boolean org.springframework.aop.framework.Advised.isInterfaceProxied(java.lang.Class)
org.springframework.aop.framework.CglibAopProxy$ProxyCallbackFilter 2015-01-26 14:02:00,170 DEBUG - Method is declared on Advised interface: public abstract boolean org.springframework.aop.framework.Advised.replaceAdvisor(org.springframework.aop.Advisor,org.springframework.aop.Advisor) throws org.springframework.aop.framework.AopConfigException
org.springframework.aop.framework.CglibAopProxy$ProxyCallbackFilter 2015-01-26 14:02:00,170 DEBUG - Method is declared on Advised interface: public abstract java.lang.String org.springframework.aop.framework.Advised.toProxyConfigString()
org.springframework.aop.framework.CglibAopProxy$ProxyCallbackFilter 2015-01-26 14:02:00,170 DEBUG - Method is declared on Advised interface: public abstract void org.springframework.aop.framework.Advised.addAdvisor(org.springframework.aop.Advisor) throws org.springframework.aop.framework.AopConfigException
org.springframework.aop.framework.CglibAopProxy$ProxyCallbackFilter 2015-01-26 14:02:00,170 DEBUG - Method is declared on Advised interface: public abstract void org.springframework.aop.framework.Advised.addAdvisor(int,org.springframework.aop.Advisor) throws org.springframework.aop.framework.AopConfigException
org.springframework.aop.framework.CglibAopProxy$ProxyCallbackFilter 2015-01-26 14:02:00,170 DEBUG - Method is declared on Advised interface: public abstract boolean org.springframework.aop.framework.Advised.isExposeProxy()
org.springframework.aop.framework.CglibAopProxy$ProxyCallbackFilter 2015-01-26 14:02:00,170 DEBUG - Method is declared on Advised interface: public abstract java.lang.Class org.springframework.aop.TargetClassAware.getTargetClass()
org.springframework.beans.factory.support.AbstractAutowireCapableBeanFactory 2015-01-26 14:02:00,184 DEBUG - Finished creating instance of bean &apos;baseService&apos;
org.springframework.beans.factory.support.DefaultSingletonBeanRegistry 2015-01-26 14:02:00,185 DEBUG - Creating shared instance of singleton bean &apos;subjectService&apos;
org.springframework.beans.factory.support.AbstractAutowireCapableBeanFactory 2015-01-26 14:02:00,185 DEBUG - Creating instance of bean &apos;subjectService&apos;
org.springframework.beans.factory.support.DefaultSingletonBeanRegistry 2015-01-26 14:02:00,186 DEBUG - Destroying singletons in org.springframework.beans.factory.support.DefaultListableBeanFactory@10aae61b: defining beans [org.springframework.context.annotation.internalConfigurationAnnotationProcessor,org.springframework.context.annotation.internalAutowiredAnnotationProcessor,org.springframework.context.annotation.internalRequiredAnnotationProcessor,org.springframework.context.annotation.internalCommonAnnotationProcessor,org.springframework.context.annotation.internalPersistenceAnnotationProcessor,baseService,subjectService,baseDao,dataSource,person,jperson,pperson,address,sessionFactory,transactionManager,org.springframework.aop.config.internalAutoProxyCreator,org.springframework.transaction.annotation.AnnotationTransactionAttributeSource#0,org.springframework.transaction.interceptor.TransactionInterceptor#0,org.springframework.transaction.config.internalTransactionAdvisor,org.springframework.context.annotation.ConfigurationClassPostProcessor.importAwareProcessor,org.springframework.context.annotation.ConfigurationClassPostProcessor.enhancedConfigurationProcessor]; root of factory hierarchy
org.springframework.beans.factory.support.DisposableBeanAdapter 2015-01-26 14:02:00,192 DEBUG - Invoking destroy() on bean with name &apos;sessionFactory&apos;
org.springframework.orm.hibernate3.AbstractSessionFactoryBean 2015-01-26 14:02:00,192 INFO  - Closing Hibernate SessionFactory
org.hibernate.impl.SessionFactoryImpl 2015-01-26 14:02:00,192 INFO  - closing
</system-err>
  </testcase>
</testsuite>