<?xml version="1.0" encoding="UTF-8" ?>
<testsuite failures="0" time="2.853" errors="1" skipped="0" tests="1" name="nla.local.AppTest">
  <properties>
[...]
</properties>
  <testcase time="2.853" classname="nla.local.AppTest" name="testApp">
    <error message="Named query not known: SUBJECT_LT" type="org.hibernate.MappingException">org.hibernate.MappingException: Named query not known: SUBJECT_LT
	at org.hibernate.impl.AbstractSessionImpl.getNamedQuery(AbstractSessionImpl.java:93)
	at org.hibernate.impl.SessionImpl.getNamedQuery(SessionImpl.java:1407)
	at nla.local.dao.BaseDao.getNamedQuery(BaseDao.java:81)
	at nla.local.services.BaseService.getNamedQuery(BaseService.java:74)
	at nla.local.services.BaseService$$FastClassBySpringCGLIB$$25979e02.invoke(&lt;generated&gt;)
	at org.springframework.cglib.proxy.MethodProxy.invoke(MethodProxy.java:204)
	at org.springframework.aop.framework.CglibAopProxy$CglibMethodInvocation.invokeJoinpoint(CglibAopProxy.java:708)
	at org.springframework.aop.framework.ReflectiveMethodInvocation.proceed(ReflectiveMethodInvocation.java:157)
	at org.springframework.transaction.interceptor.TransactionInterceptor$1.proceedWithInvocation(TransactionInterceptor.java:98)
	at org.springframework.transaction.interceptor.TransactionAspectSupport.invokeWithinTransaction(TransactionAspectSupport.java:262)
	at org.springframework.transaction.interceptor.TransactionInterceptor.invoke(TransactionInterceptor.java:95)
	at org.springframework.aop.framework.ReflectiveMethodInvocation.proceed(ReflectiveMethodInvocation.java:179)
	at org.springframework.aop.framework.CglibAopProxy$DynamicAdvisedInterceptor.intercept(CglibAopProxy.java:644)
	at nla.local.services.BaseService$$EnhancerBySpringCGLIB$$d722c193.getNamedQuery(&lt;generated&gt;)
	at nla.local.AppTest.testApp(AppTest.java:53)
</error>
    <system-err>org.springframework.core.env.MutablePropertySources 2015-01-23 09:56:20,143 DEBUG - Adding [systemProperties] PropertySource with lowest search precedence
org.springframework.core.env.MutablePropertySources 2015-01-23 09:56:20,147 DEBUG - Adding [systemEnvironment] PropertySource with lowest search precedence
org.springframework.core.env.AbstractEnvironment 2015-01-23 09:56:20,148 DEBUG - Initialized StandardEnvironment with PropertySources [systemProperties,systemEnvironment]
org.springframework.context.support.AbstractApplicationContext 2015-01-23 09:56:20,151 INFO  - Refreshing org.springframework.context.support.ClassPathXmlApplicationContext@752dc320: startup date [Fri Jan 23 09:56:20 GMT+03:00 2015]; root of context hierarchy
org.springframework.core.env.MutablePropertySources 2015-01-23 09:56:20,183 DEBUG - Adding [systemProperties] PropertySource with lowest search precedence
org.springframework.core.env.MutablePropertySources 2015-01-23 09:56:20,184 DEBUG - Adding [systemEnvironment] PropertySource with lowest search precedence
org.springframework.core.env.AbstractEnvironment 2015-01-23 09:56:20,184 DEBUG - Initialized StandardEnvironment with PropertySources [systemProperties,systemEnvironment]
org.springframework.beans.factory.xml.XmlBeanDefinitionReader 2015-01-23 09:56:20,193 INFO  - Loading XML bean definitions from class path resource [beans-services.xml]
org.springframework.beans.factory.xml.DefaultDocumentLoader 2015-01-23 09:56:20,208 DEBUG - Using JAXP provider [com.sun.org.apache.xerces.internal.jaxp.DocumentBuilderFactoryImpl]
org.springframework.beans.factory.xml.PluggableSchemaResolver 2015-01-23 09:56:20,230 TRACE - Trying to resolve XML entity with public id [null] and system id [http://www.springframework.org/schema/beans/spring-beans-4.0.xsd]
org.springframework.beans.factory.xml.PluggableSchemaResolver 2015-01-23 09:56:20,230 DEBUG - Loading schema mappings from [META-INF/spring.schemas]
org.springframework.beans.factory.xml.PluggableSchemaResolver 2015-01-23 09:56:20,235 DEBUG - Loaded schema mappings: {http://www.springframework.org/schema/jee/spring-jee-3.2.xsd=org/springframework/ejb/config/spring-jee-3.2.xsd, http://www.springframework.org/schema/util/spring-util.xsd=org/springframework/beans/factory/xml/spring-util-4.0.xsd, http://www.springframework.org/schema/task/spring-task.xsd=org/springframework/scheduling/config/spring-task-4.0.xsd, http://www.springframework.org/schema/beans/spring-beans-3.1.xsd=org/springframework/beans/factory/xml/spring-beans-3.1.xsd, http://www.springframework.org/schema/cache/spring-cache.xsd=org/springframework/cache/config/spring-cache-4.0.xsd, http://www.springframework.org/schema/aop/spring-aop-3.0.xsd=org/springframework/aop/config/spring-aop-3.0.xsd, http://www.springframework.org/schema/aop/spring-aop-2.0.xsd=org/springframework/aop/config/spring-aop-2.0.xsd, http://www.springframework.org/schema/task/spring-task-3.1.xsd=org/springframework/scheduling/config/spring-task-3.1.xsd, http://www.springframework.org/schema/aop/spring-aop-4.0.xsd=org/springframework/aop/config/spring-aop-4.0.xsd, http://www.springframework.org/schema/tool/spring-tool-2.5.xsd=org/springframework/beans/factory/xml/spring-tool-2.5.xsd, http://www.springframework.org/schema/beans/spring-beans.xsd=org/springframework/beans/factory/xml/spring-beans-4.0.xsd, http://www.springframework.org/schema/jee/spring-jee-2.5.xsd=org/springframework/ejb/config/spring-jee-2.5.xsd, http://www.springframework.org/schema/jdbc/spring-jdbc-3.1.xsd=org/springframework/jdbc/config/spring-jdbc-3.1.xsd, http://www.springframework.org/schema/tool/spring-tool-3.1.xsd=org/springframework/beans/factory/xml/spring-tool-3.1.xsd, http://www.springframework.org/schema/aop/spring-aop.xsd=org/springframework/aop/config/spring-aop-4.0.xsd, http://www.springframework.org/schema/jee/spring-jee-3.1.xsd=org/springframework/ejb/config/spring-jee-3.1.xsd, http://www.springframework.org/schema/tx/spring-tx-3.2.xsd=org/springframework/transaction/config/spring-tx-3.2.xsd, http://www.springframework.org/schema/context/spring-context-3.2.xsd=org/springframework/context/config/spring-context-3.2.xsd, http://www.springframework.org/schema/beans/spring-beans-2.0.xsd=org/springframework/beans/factory/xml/spring-beans-2.0.xsd, http://www.springframework.org/schema/util/spring-util-3.2.xsd=org/springframework/beans/factory/xml/spring-util-3.2.xsd, http://www.springframework.org/schema/lang/spring-lang-3.2.xsd=org/springframework/scripting/config/spring-lang-3.2.xsd, http://www.springframework.org/schema/beans/spring-beans-4.0.xsd=org/springframework/beans/factory/xml/spring-beans-4.0.xsd, http://www.springframework.org/schema/beans/spring-beans-3.0.xsd=org/springframework/beans/factory/xml/spring-beans-3.0.xsd, http://www.springframework.org/schema/cache/spring-cache-3.2.xsd=org/springframework/cache/config/spring-cache-3.2.xsd, http://www.springframework.org/schema/task/spring-task-3.0.xsd=org/springframework/scheduling/config/spring-task-3.0.xsd, http://www.springframework.org/schema/task/spring-task-4.0.xsd=org/springframework/scheduling/config/spring-task-4.0.xsd, http://www.springframework.org/schema/tx/spring-tx-2.5.xsd=org/springframework/transaction/config/spring-tx-2.5.xsd, http://www.springframework.org/schema/context/spring-context-2.5.xsd=org/springframework/context/config/spring-context-2.5.xsd, http://www.springframework.org/schema/jdbc/spring-jdbc-4.0.xsd=org/springframework/jdbc/config/spring-jdbc-4.0.xsd, http://www.springframework.org/schema/jdbc/spring-jdbc-3.0.xsd=org/springframework/jdbc/config/spring-jdbc-3.0.xsd, http://www.springframework.org/schema/tool/spring-tool-3.0.xsd=org/springframework/beans/factory/xml/spring-tool-3.0.xsd, http://www.springframework.org/schema/tx/spring-tx.xsd=org/springframework/transaction/config/spring-tx-4.0.xsd, http://www.springframework.org/schema/lang/spring-lang.xsd=org/springframework/scripting/config/spring-lang-4.0.xsd, http://www.springframework.org/schema/tool/spring-tool-2.0.xsd=org/springframework/beans/factory/xml/spring-tool-2.0.xsd, http://www.springframework.org/schema/util/spring-util-2.5.xsd=org/springframework/beans/factory/xml/spring-util-2.5.xsd, http://www.springframework.org/schema/lang/spring-lang-2.5.xsd=org/springframework/scripting/config/spring-lang-2.5.xsd, http://www.springframework.org/schema/tool/spring-tool-4.0.xsd=org/springframework/beans/factory/xml/spring-tool-4.0.xsd, http://www.springframework.org/schema/aop/spring-aop-3.2.xsd=org/springframework/aop/config/spring-aop-3.2.xsd, http://www.springframework.org/schema/jee/spring-jee-3.0.xsd=org/springframework/ejb/config/spring-jee-3.0.xsd, http://www.springframework.org/schema/tx/spring-tx-3.1.xsd=org/springframework/transaction/config/spring-tx-3.1.xsd, http://www.springframework.org/schema/jee/spring-jee-2.0.xsd=org/springframework/ejb/config/spring-jee-2.0.xsd, http://www.springframework.org/schema/context/spring-context-3.1.xsd=org/springframework/context/config/spring-context-3.1.xsd, http://www.springframework.org/schema/jee/spring-jee-4.0.xsd=org/springframework/ejb/config/spring-jee-4.0.xsd, http://www.springframework.org/schema/util/spring-util-3.1.xsd=org/springframework/beans/factory/xml/spring-util-3.1.xsd, http://www.springframework.org/schema/lang/spring-lang-3.1.xsd=org/springframework/scripting/config/spring-lang-3.1.xsd, http://www.springframework.org/schema/cache/spring-cache-3.1.xsd=org/springframework/cache/config/spring-cache-3.1.xsd, http://www.springframework.org/schema/context/spring-context.xsd=org/springframework/context/config/spring-context-4.0.xsd, http://www.springframework.org/schema/jee/spring-jee.xsd=org/springframework/ejb/config/spring-jee-4.0.xsd, http://www.springframework.org/schema/aop/spring-aop-2.5.xsd=org/springframework/aop/config/spring-aop-2.5.xsd, http://www.springframework.org/schema/jdbc/spring-jdbc.xsd=org/springframework/jdbc/config/spring-jdbc-4.0.xsd, http://www.springframework.org/schema/beans/spring-beans-3.2.xsd=org/springframework/beans/factory/xml/spring-beans-3.2.xsd, http://www.springframework.org/schema/tx/spring-tx-2.0.xsd=org/springframework/transaction/config/spring-tx-2.0.xsd, http://www.springframework.org/schema/aop/spring-aop-3.1.xsd=org/springframework/aop/config/spring-aop-3.1.xsd, http://www.springframework.org/schema/tx/spring-tx-4.0.xsd=org/springframework/transaction/config/spring-tx-4.0.xsd, http://www.springframework.org/schema/task/spring-task-3.2.xsd=org/springframework/scheduling/config/spring-task-3.2.xsd, http://www.springframework.org/schema/context/spring-context-4.0.xsd=org/springframework/context/config/spring-context-4.0.xsd, http://www.springframework.org/schema/tx/spring-tx-3.0.xsd=org/springframework/transaction/config/spring-tx-3.0.xsd, http://www.springframework.org/schema/context/spring-context-3.0.xsd=org/springframework/context/config/spring-context-3.0.xsd, http://www.springframework.org/schema/tool/spring-tool.xsd=org/springframework/beans/factory/xml/spring-tool-4.0.xsd, http://www.springframework.org/schema/util/spring-util-3.0.xsd=org/springframework/beans/factory/xml/spring-util-3.0.xsd, http://www.springframework.org/schema/lang/spring-lang-3.0.xsd=org/springframework/scripting/config/spring-lang-3.0.xsd, http://www.springframework.org/schema/util/spring-util-2.0.xsd=org/springframework/beans/factory/xml/spring-util-2.0.xsd, http://www.springframework.org/schema/cache/spring-cache-4.0.xsd=org/springframework/cache/config/spring-cache-4.0.xsd, http://www.springframework.org/schema/lang/spring-lang-2.0.xsd=org/springframework/scripting/config/spring-lang-2.0.xsd, http://www.springframework.org/schema/util/spring-util-4.0.xsd=org/springframework/beans/factory/xml/spring-util-4.0.xsd, http://www.springframework.org/schema/lang/spring-lang-4.0.xsd=org/springframework/scripting/config/spring-lang-4.0.xsd, http://www.springframework.org/schema/jdbc/spring-jdbc-3.2.xsd=org/springframework/jdbc/config/spring-jdbc-3.2.xsd, http://www.springframework.org/schema/tool/spring-tool-3.2.xsd=org/springframework/beans/factory/xml/spring-tool-3.2.xsd, http://www.springframework.org/schema/beans/spring-beans-2.5.xsd=org/springframework/beans/factory/xml/spring-beans-2.5.xsd}
org.springframework.beans.factory.xml.PluggableSchemaResolver 2015-01-23 09:56:20,236 DEBUG - Found XML schema [http://www.springframework.org/schema/beans/spring-beans-4.0.xsd] in classpath: org/springframework/beans/factory/xml/spring-beans-4.0.xsd
org.springframework.beans.factory.xml.PluggableSchemaResolver 2015-01-23 09:56:20,272 TRACE - Trying to resolve XML entity with public id [null] and system id [http://www.springframework.org/schema/context/spring-context-4.0.xsd]
org.springframework.beans.factory.xml.PluggableSchemaResolver 2015-01-23 09:56:20,272 DEBUG - Found XML schema [http://www.springframework.org/schema/context/spring-context-4.0.xsd] in classpath: org/springframework/context/config/spring-context-4.0.xsd
org.springframework.beans.factory.xml.PluggableSchemaResolver 2015-01-23 09:56:20,278 TRACE - Trying to resolve XML entity with public id [null] and system id [http://www.springframework.org/schema/tool/spring-tool-4.0.xsd]
org.springframework.beans.factory.xml.PluggableSchemaResolver 2015-01-23 09:56:20,280 DEBUG - Found XML schema [http://www.springframework.org/schema/tool/spring-tool-4.0.xsd] in classpath: org/springframework/beans/factory/xml/spring-tool-4.0.xsd
org.springframework.beans.factory.xml.PluggableSchemaResolver 2015-01-23 09:56:20,285 TRACE - Trying to resolve XML entity with public id [null] and system id [http://www.springframework.org/schema/tx/spring-tx-4.0.xsd]
org.springframework.beans.factory.xml.PluggableSchemaResolver 2015-01-23 09:56:20,286 DEBUG - Found XML schema [http://www.springframework.org/schema/tx/spring-tx-4.0.xsd] in classpath: org/springframework/transaction/config/spring-tx-4.0.xsd
org.springframework.beans.factory.xml.DefaultBeanDefinitionDocumentReader 2015-01-23 09:56:20,294 DEBUG - Loading bean definitions
org.springframework.beans.factory.xml.XmlBeanDefinitionReader 2015-01-23 09:56:20,304 INFO  - Loading XML bean definitions from URL [jar:file:/D:/users/beresnev/projects/NKA_NET3/nka_net3/dao/target/dao-1.0.jar!/beans-dao.xml]
org.springframework.beans.factory.xml.DefaultDocumentLoader 2015-01-23 09:56:20,305 DEBUG - Using JAXP provider [com.sun.org.apache.xerces.internal.jaxp.DocumentBuilderFactoryImpl]
org.springframework.beans.factory.xml.PluggableSchemaResolver 2015-01-23 09:56:20,306 TRACE - Trying to resolve XML entity with public id [null] and system id [http://www.springframework.org/schema/beans/spring-beans-4.0.xsd]
org.springframework.beans.factory.xml.PluggableSchemaResolver 2015-01-23 09:56:20,307 DEBUG - Found XML schema [http://www.springframework.org/schema/beans/spring-beans-4.0.xsd] in classpath: org/springframework/beans/factory/xml/spring-beans-4.0.xsd
org.springframework.beans.factory.xml.PluggableSchemaResolver 2015-01-23 09:56:20,322 TRACE - Trying to resolve XML entity with public id [null] and system id [http://www.springframework.org/schema/context/spring-context-4.0.xsd]
org.springframework.beans.factory.xml.PluggableSchemaResolver 2015-01-23 09:56:20,323 DEBUG - Found XML schema [http://www.springframework.org/schema/context/spring-context-4.0.xsd] in classpath: org/springframework/context/config/spring-context-4.0.xsd
org.springframework.beans.factory.xml.PluggableSchemaResolver 2015-01-23 09:56:20,327 TRACE - Trying to resolve XML entity with public id [null] and system id [http://www.springframework.org/schema/tool/spring-tool-4.0.xsd]
org.springframework.beans.factory.xml.PluggableSchemaResolver 2015-01-23 09:56:20,328 DEBUG - Found XML schema [http://www.springframework.org/schema/tool/spring-tool-4.0.xsd] in classpath: org/springframework/beans/factory/xml/spring-tool-4.0.xsd
org.springframework.beans.factory.xml.DefaultBeanDefinitionDocumentReader 2015-01-23 09:56:20,334 DEBUG - Loading bean definitions
org.springframework.beans.factory.xml.DefaultNamespaceHandlerResolver 2015-01-23 09:56:20,336 DEBUG - Loaded NamespaceHandler mappings: {http://www.springframework.org/schema/p=org.springframework.beans.factory.xml.SimplePropertyNamespaceHandler, http://www.springframework.org/schema/util=org.springframework.beans.factory.xml.UtilNamespaceHandler, http://www.springframework.org/schema/jee=org.springframework.ejb.config.JeeNamespaceHandler, http://www.springframework.org/schema/aop=org.springframework.aop.config.AopNamespaceHandler, http://www.springframework.org/schema/jdbc=org.springframework.jdbc.config.JdbcNamespaceHandler, http://www.springframework.org/schema/cache=org.springframework.cache.config.CacheNamespaceHandler, http://www.springframework.org/schema/c=org.springframework.beans.factory.xml.SimpleConstructorNamespaceHandler, http://www.springframework.org/schema/tx=org.springframework.transaction.config.TxNamespaceHandler, http://www.springframework.org/schema/task=org.springframework.scheduling.config.TaskNamespaceHandler, http://www.springframework.org/schema/lang=org.springframework.scripting.config.LangNamespaceHandler, http://www.springframework.org/schema/context=org.springframework.context.config.ContextNamespaceHandler}
org.springframework.core.env.MutablePropertySources 2015-01-23 09:56:20,362 DEBUG - Adding [systemProperties] PropertySource with lowest search precedence
org.springframework.core.env.MutablePropertySources 2015-01-23 09:56:20,363 DEBUG - Adding [systemEnvironment] PropertySource with lowest search precedence
org.springframework.core.env.AbstractEnvironment 2015-01-23 09:56:20,363 DEBUG - Initialized StandardEnvironment with PropertySources [systemProperties,systemEnvironment]
org.springframework.core.io.support.PathMatchingResourcePatternResolver 2015-01-23 09:56:20,372 DEBUG - Looking for matching resources in directory tree [D:\users\beresnev\projects\NKA_NET3\nka_net3\services\target\test-classes\nla\local]
org.springframework.core.io.support.PathMatchingResourcePatternResolver 2015-01-23 09:56:20,372 DEBUG - Searching directory [D:\users\beresnev\projects\NKA_NET3\nka_net3\services\target\test-classes\nla\local] for files matching pattern [D:/users/beresnev/projects/NKA_NET3/nka_net3/services/target/test-classes/nla/local/**/*.class]
org.springframework.core.io.support.PathMatchingResourcePatternResolver 2015-01-23 09:56:20,375 DEBUG - Looking for matching resources in directory tree [D:\users\beresnev\projects\NKA_NET3\nka_net3\services\target\classes\nla\local]
org.springframework.core.io.support.PathMatchingResourcePatternResolver 2015-01-23 09:56:20,375 DEBUG - Searching directory [D:\users\beresnev\projects\NKA_NET3\nka_net3\services\target\classes\nla\local] for files matching pattern [D:/users/beresnev/projects/NKA_NET3/nka_net3/services/target/classes/nla/local/**/*.class]
org.springframework.core.io.support.PathMatchingResourcePatternResolver 2015-01-23 09:56:20,375 DEBUG - Searching directory [D:\users\beresnev\projects\NKA_NET3\nka_net3\services\target\classes\nla\local\services] for files matching pattern [D:/users/beresnev/projects/NKA_NET3/nka_net3/services/target/classes/nla/local/**/*.class]
org.springframework.core.io.support.PathMatchingResourcePatternResolver 2015-01-23 09:56:20,376 DEBUG - Looking for matching resources in jar file [file:/D:/users/beresnev/projects/NKA_NET3/nka_net3/dao/target/dao-1.0.jar]
org.springframework.core.io.support.PathMatchingResourcePatternResolver 2015-01-23 09:56:20,378 DEBUG - Resolved location pattern [classpath*:nla/local/**/*.class] to resources [file [D:\users\beresnev\projects\NKA_NET3\nka_net3\services\target\test-classes\nla\local\AppTest.class], file [D:\users\beresnev\projects\NKA_NET3\nka_net3\services\target\classes\nla\local\services\BaseService.class], file [D:\users\beresnev\projects\NKA_NET3\nka_net3\services\target\classes\nla\local\services\IService.class], URL [jar:file:/D:/users/beresnev/projects/NKA_NET3/nka_net3/dao/target/dao-1.0.jar!/nla/local/dao/BaseDao.class], URL [jar:file:/D:/users/beresnev/projects/NKA_NET3/nka_net3/dao/target/dao-1.0.jar!/nla/local/dao/IDao.class], URL [jar:file:/D:/users/beresnev/projects/NKA_NET3/nka_net3/dao/target/dao-1.0.jar!/nla/local/pojos/Address.class], URL [jar:file:/D:/users/beresnev/projects/NKA_NET3/nka_net3/dao/target/dao-1.0.jar!/nla/local/pojos/JPerson.class], URL [jar:file:/D:/users/beresnev/projects/NKA_NET3/nka_net3/dao/target/dao-1.0.jar!/nla/local/pojos/Order.class], URL [jar:file:/D:/users/beresnev/projects/NKA_NET3/nka_net3/dao/target/dao-1.0.jar!/nla/local/pojos/Person.class], URL [jar:file:/D:/users/beresnev/projects/NKA_NET3/nka_net3/dao/target/dao-1.0.jar!/nla/local/pojos/PPerson.class], URL [jar:file:/D:/users/beresnev/projects/NKA_NET3/nka_net3/dao/target/dao-1.0.jar!/nla/local/pojos/Status.class], URL [jar:file:/D:/users/beresnev/projects/NKA_NET3/nka_net3/dao/target/dao-1.0.jar!/nla/local/pojos/User.class], URL [jar:file:/D:/users/beresnev/projects/NKA_NET3/nka_net3/dao/target/dao-1.0.jar!/nla/local/util/CustomNamingStrategy.class]]
org.springframework.context.annotation.ClassPathScanningCandidateComponentProvider 2015-01-23 09:56:20,378 TRACE - Scanning file [D:\users\beresnev\projects\NKA_NET3\nka_net3\services\target\test-classes\nla\local\AppTest.class]
org.springframework.context.annotation.ClassPathScanningCandidateComponentProvider 2015-01-23 09:56:20,390 TRACE - Ignored because not matching any filter: file [D:\users\beresnev\projects\NKA_NET3\nka_net3\services\target\test-classes\nla\local\AppTest.class]
org.springframework.context.annotation.ClassPathScanningCandidateComponentProvider 2015-01-23 09:56:20,391 TRACE - Scanning file [D:\users\beresnev\projects\NKA_NET3\nka_net3\services\target\classes\nla\local\services\BaseService.class]
org.springframework.context.annotation.ClassPathScanningCandidateComponentProvider 2015-01-23 09:56:20,401 DEBUG - Identified candidate component class: file [D:\users\beresnev\projects\NKA_NET3\nka_net3\services\target\classes\nla\local\services\BaseService.class]
org.springframework.context.annotation.ClassPathScanningCandidateComponentProvider 2015-01-23 09:56:20,401 TRACE - Scanning file [D:\users\beresnev\projects\NKA_NET3\nka_net3\services\target\classes\nla\local\services\IService.class]
org.springframework.context.annotation.ClassPathScanningCandidateComponentProvider 2015-01-23 09:56:20,401 TRACE - Ignored because not matching any filter: file [D:\users\beresnev\projects\NKA_NET3\nka_net3\services\target\classes\nla\local\services\IService.class]
org.springframework.context.annotation.ClassPathScanningCandidateComponentProvider 2015-01-23 09:56:20,401 TRACE - Scanning URL [jar:file:/D:/users/beresnev/projects/NKA_NET3/nka_net3/dao/target/dao-1.0.jar!/nla/local/dao/BaseDao.class]
org.springframework.context.annotation.ClassPathScanningCandidateComponentProvider 2015-01-23 09:56:20,402 DEBUG - Identified candidate component class: URL [jar:file:/D:/users/beresnev/projects/NKA_NET3/nka_net3/dao/target/dao-1.0.jar!/nla/local/dao/BaseDao.class]
org.springframework.context.annotation.ClassPathScanningCandidateComponentProvider 2015-01-23 09:56:20,403 TRACE - Scanning URL [jar:file:/D:/users/beresnev/projects/NKA_NET3/nka_net3/dao/target/dao-1.0.jar!/nla/local/dao/IDao.class]
org.springframework.context.annotation.ClassPathScanningCandidateComponentProvider 2015-01-23 09:56:20,403 TRACE - Ignored because not matching any filter: URL [jar:file:/D:/users/beresnev/projects/NKA_NET3/nka_net3/dao/target/dao-1.0.jar!/nla/local/dao/IDao.class]
org.springframework.context.annotation.ClassPathScanningCandidateComponentProvider 2015-01-23 09:56:20,403 TRACE - Scanning URL [jar:file:/D:/users/beresnev/projects/NKA_NET3/nka_net3/dao/target/dao-1.0.jar!/nla/local/pojos/Address.class]
org.springframework.context.annotation.ClassPathScanningCandidateComponentProvider 2015-01-23 09:56:20,405 TRACE - Ignored because not matching any filter: URL [jar:file:/D:/users/beresnev/projects/NKA_NET3/nka_net3/dao/target/dao-1.0.jar!/nla/local/pojos/Address.class]
org.springframework.context.annotation.ClassPathScanningCandidateComponentProvider 2015-01-23 09:56:20,405 TRACE - Scanning URL [jar:file:/D:/users/beresnev/projects/NKA_NET3/nka_net3/dao/target/dao-1.0.jar!/nla/local/pojos/JPerson.class]
org.springframework.context.annotation.ClassPathScanningCandidateComponentProvider 2015-01-23 09:56:20,409 TRACE - Ignored because not matching any filter: URL [jar:file:/D:/users/beresnev/projects/NKA_NET3/nka_net3/dao/target/dao-1.0.jar!/nla/local/pojos/JPerson.class]
org.springframework.context.annotation.ClassPathScanningCandidateComponentProvider 2015-01-23 09:56:20,409 TRACE - Scanning URL [jar:file:/D:/users/beresnev/projects/NKA_NET3/nka_net3/dao/target/dao-1.0.jar!/nla/local/pojos/Order.class]
org.springframework.context.annotation.ClassPathScanningCandidateComponentProvider 2015-01-23 09:56:20,410 TRACE - Ignored because not matching any filter: URL [jar:file:/D:/users/beresnev/projects/NKA_NET3/nka_net3/dao/target/dao-1.0.jar!/nla/local/pojos/Order.class]
org.springframework.context.annotation.ClassPathScanningCandidateComponentProvider 2015-01-23 09:56:20,410 TRACE - Scanning URL [jar:file:/D:/users/beresnev/projects/NKA_NET3/nka_net3/dao/target/dao-1.0.jar!/nla/local/pojos/Person.class]
org.springframework.context.annotation.ClassPathScanningCandidateComponentProvider 2015-01-23 09:56:20,411 TRACE - Ignored because not matching any filter: URL [jar:file:/D:/users/beresnev/projects/NKA_NET3/nka_net3/dao/target/dao-1.0.jar!/nla/local/pojos/Person.class]
org.springframework.context.annotation.ClassPathScanningCandidateComponentProvider 2015-01-23 09:56:20,411 TRACE - Scanning URL [jar:file:/D:/users/beresnev/projects/NKA_NET3/nka_net3/dao/target/dao-1.0.jar!/nla/local/pojos/PPerson.class]
org.springframework.context.annotation.ClassPathScanningCandidateComponentProvider 2015-01-23 09:56:20,412 TRACE - Ignored because not matching any filter: URL [jar:file:/D:/users/beresnev/projects/NKA_NET3/nka_net3/dao/target/dao-1.0.jar!/nla/local/pojos/PPerson.class]
org.springframework.context.annotation.ClassPathScanningCandidateComponentProvider 2015-01-23 09:56:20,412 TRACE - Scanning URL [jar:file:/D:/users/beresnev/projects/NKA_NET3/nka_net3/dao/target/dao-1.0.jar!/nla/local/pojos/Status.class]
org.springframework.context.annotation.ClassPathScanningCandidateComponentProvider 2015-01-23 09:56:20,414 TRACE - Ignored because not matching any filter: URL [jar:file:/D:/users/beresnev/projects/NKA_NET3/nka_net3/dao/target/dao-1.0.jar!/nla/local/pojos/Status.class]
org.springframework.context.annotation.ClassPathScanningCandidateComponentProvider 2015-01-23 09:56:20,414 TRACE - Scanning URL [jar:file:/D:/users/beresnev/projects/NKA_NET3/nka_net3/dao/target/dao-1.0.jar!/nla/local/pojos/User.class]
org.springframework.context.annotation.ClassPathScanningCandidateComponentProvider 2015-01-23 09:56:20,432 TRACE - Ignored because not matching any filter: URL [jar:file:/D:/users/beresnev/projects/NKA_NET3/nka_net3/dao/target/dao-1.0.jar!/nla/local/pojos/User.class]
org.springframework.context.annotation.ClassPathScanningCandidateComponentProvider 2015-01-23 09:56:20,432 TRACE - Scanning URL [jar:file:/D:/users/beresnev/projects/NKA_NET3/nka_net3/dao/target/dao-1.0.jar!/nla/local/util/CustomNamingStrategy.class]
org.springframework.context.annotation.ClassPathScanningCandidateComponentProvider 2015-01-23 09:56:20,433 TRACE - Ignored because not matching any filter: URL [jar:file:/D:/users/beresnev/projects/NKA_NET3/nka_net3/dao/target/dao-1.0.jar!/nla/local/util/CustomNamingStrategy.class]
org.springframework.beans.factory.support.AbstractBeanDefinitionReader 2015-01-23 09:56:20,440 DEBUG - Loaded 13 bean definitions from location pattern [classpath*:beans-dao.xml]
org.springframework.beans.factory.xml.DefaultBeanDefinitionDocumentReader 2015-01-23 09:56:20,440 DEBUG - Imported 13 bean definitions from URL location [classpath*:beans-dao.xml]
org.springframework.core.env.MutablePropertySources 2015-01-23 09:56:20,442 DEBUG - Adding [systemProperties] PropertySource with lowest search precedence
org.springframework.core.env.MutablePropertySources 2015-01-23 09:56:20,442 DEBUG - Adding [systemEnvironment] PropertySource with lowest search precedence
org.springframework.core.env.AbstractEnvironment 2015-01-23 09:56:20,442 DEBUG - Initialized StandardEnvironment with PropertySources [systemProperties,systemEnvironment]
org.springframework.core.io.support.PathMatchingResourcePatternResolver 2015-01-23 09:56:20,443 DEBUG - Looking for matching resources in directory tree [D:\users\beresnev\projects\NKA_NET3\nka_net3\services\target\classes\nla\local\services]
org.springframework.core.io.support.PathMatchingResourcePatternResolver 2015-01-23 09:56:20,443 DEBUG - Searching directory [D:\users\beresnev\projects\NKA_NET3\nka_net3\services\target\classes\nla\local\services] for files matching pattern [D:/users/beresnev/projects/NKA_NET3/nka_net3/services/target/classes/nla/local/services/**/*.class]
org.springframework.core.io.support.PathMatchingResourcePatternResolver 2015-01-23 09:56:20,444 DEBUG - Resolved location pattern [classpath*:nla/local/services/**/*.class] to resources [file [D:\users\beresnev\projects\NKA_NET3\nka_net3\services\target\classes\nla\local\services\BaseService.class], file [D:\users\beresnev\projects\NKA_NET3\nka_net3\services\target\classes\nla\local\services\IService.class]]
org.springframework.context.annotation.ClassPathScanningCandidateComponentProvider 2015-01-23 09:56:20,444 TRACE - Scanning file [D:\users\beresnev\projects\NKA_NET3\nka_net3\services\target\classes\nla\local\services\BaseService.class]
org.springframework.context.annotation.ClassPathScanningCandidateComponentProvider 2015-01-23 09:56:20,445 DEBUG - Identified candidate component class: file [D:\users\beresnev\projects\NKA_NET3\nka_net3\services\target\classes\nla\local\services\BaseService.class]
org.springframework.context.annotation.ClassPathScanningCandidateComponentProvider 2015-01-23 09:56:20,445 TRACE - Scanning file [D:\users\beresnev\projects\NKA_NET3\nka_net3\services\target\classes\nla\local\services\IService.class]
org.springframework.context.annotation.ClassPathScanningCandidateComponentProvider 2015-01-23 09:56:20,446 TRACE - Ignored because not matching any filter: file [D:\users\beresnev\projects\NKA_NET3\nka_net3\services\target\classes\nla\local\services\IService.class]
org.springframework.beans.factory.support.AbstractBeanDefinitionReader 2015-01-23 09:56:20,455 DEBUG - Loaded 18 bean definitions from location pattern [beans-services.xml]
org.springframework.context.support.AbstractApplicationContext 2015-01-23 09:56:20,455 DEBUG - Bean factory for org.springframework.context.support.ClassPathXmlApplicationContext@752dc320: org.springframework.beans.factory.support.DefaultListableBeanFactory@75897d53: defining beans [org.springframework.context.annotation.internalConfigurationAnnotationProcessor,org.springframework.context.annotation.internalAutowiredAnnotationProcessor,org.springframework.context.annotation.internalRequiredAnnotationProcessor,org.springframework.context.annotation.internalCommonAnnotationProcessor,org.springframework.context.annotation.internalPersistenceAnnotationProcessor,baseService,baseDao,dataSource,person,jperson,pperson,address,sessionFactory,transactionManager,org.springframework.aop.config.internalAutoProxyCreator,org.springframework.transaction.annotation.AnnotationTransactionAttributeSource#0,org.springframework.transaction.interceptor.TransactionInterceptor#0,org.springframework.transaction.config.internalTransactionAdvisor]; root of factory hierarchy
org.springframework.beans.factory.support.DefaultSingletonBeanRegistry 2015-01-23 09:56:20,472 DEBUG - Creating shared instance of singleton bean &apos;org.springframework.context.annotation.internalConfigurationAnnotationProcessor&apos;
org.springframework.beans.factory.support.AbstractAutowireCapableBeanFactory 2015-01-23 09:56:20,473 DEBUG - Creating instance of bean &apos;org.springframework.context.annotation.internalConfigurationAnnotationProcessor&apos;
org.springframework.beans.factory.support.AbstractAutowireCapableBeanFactory 2015-01-23 09:56:20,483 DEBUG - Eagerly caching bean &apos;org.springframework.context.annotation.internalConfigurationAnnotationProcessor&apos; to allow for resolving potential circular references
org.springframework.beans.factory.support.AbstractAutowireCapableBeanFactory 2015-01-23 09:56:20,484 DEBUG - Finished creating instance of bean &apos;org.springframework.context.annotation.internalConfigurationAnnotationProcessor&apos;
org.springframework.beans.factory.support.DefaultSingletonBeanRegistry 2015-01-23 09:56:20,522 DEBUG - Creating shared instance of singleton bean &apos;org.springframework.context.annotation.internalAutowiredAnnotationProcessor&apos;
org.springframework.beans.factory.support.AbstractAutowireCapableBeanFactory 2015-01-23 09:56:20,522 DEBUG - Creating instance of bean &apos;org.springframework.context.annotation.internalAutowiredAnnotationProcessor&apos;
org.springframework.beans.factory.support.AbstractAutowireCapableBeanFactory 2015-01-23 09:56:20,523 DEBUG - Eagerly caching bean &apos;org.springframework.context.annotation.internalAutowiredAnnotationProcessor&apos; to allow for resolving potential circular references
org.springframework.beans.factory.support.AbstractAutowireCapableBeanFactory 2015-01-23 09:56:20,523 DEBUG - Finished creating instance of bean &apos;org.springframework.context.annotation.internalAutowiredAnnotationProcessor&apos;
org.springframework.beans.factory.support.DefaultSingletonBeanRegistry 2015-01-23 09:56:20,523 DEBUG - Creating shared instance of singleton bean &apos;org.springframework.context.annotation.internalRequiredAnnotationProcessor&apos;
org.springframework.beans.factory.support.AbstractAutowireCapableBeanFactory 2015-01-23 09:56:20,523 DEBUG - Creating instance of bean &apos;org.springframework.context.annotation.internalRequiredAnnotationProcessor&apos;
org.springframework.beans.factory.support.AbstractAutowireCapableBeanFactory 2015-01-23 09:56:20,524 DEBUG - Eagerly caching bean &apos;org.springframework.context.annotation.internalRequiredAnnotationProcessor&apos; to allow for resolving potential circular references
org.springframework.beans.factory.support.AbstractAutowireCapableBeanFactory 2015-01-23 09:56:20,524 DEBUG - Finished creating instance of bean &apos;org.springframework.context.annotation.internalRequiredAnnotationProcessor&apos;
org.springframework.beans.factory.support.DefaultSingletonBeanRegistry 2015-01-23 09:56:20,524 DEBUG - Creating shared instance of singleton bean &apos;org.springframework.context.annotation.internalCommonAnnotationProcessor&apos;
org.springframework.beans.factory.support.AbstractAutowireCapableBeanFactory 2015-01-23 09:56:20,524 DEBUG - Creating instance of bean &apos;org.springframework.context.annotation.internalCommonAnnotationProcessor&apos;
org.springframework.beans.factory.support.AbstractAutowireCapableBeanFactory 2015-01-23 09:56:20,528 DEBUG - Eagerly caching bean &apos;org.springframework.context.annotation.internalCommonAnnotationProcessor&apos; to allow for resolving potential circular references
org.springframework.beans.factory.support.AbstractAutowireCapableBeanFactory 2015-01-23 09:56:20,528 DEBUG - Finished creating instance of bean &apos;org.springframework.context.annotation.internalCommonAnnotationProcessor&apos;
org.springframework.beans.factory.support.DefaultSingletonBeanRegistry 2015-01-23 09:56:20,529 DEBUG - Creating shared instance of singleton bean &apos;org.springframework.context.annotation.internalPersistenceAnnotationProcessor&apos;
org.springframework.beans.factory.support.AbstractAutowireCapableBeanFactory 2015-01-23 09:56:20,529 DEBUG - Creating instance of bean &apos;org.springframework.context.annotation.internalPersistenceAnnotationProcessor&apos;
org.springframework.beans.factory.support.AbstractAutowireCapableBeanFactory 2015-01-23 09:56:20,530 DEBUG - Eagerly caching bean &apos;org.springframework.context.annotation.internalPersistenceAnnotationProcessor&apos; to allow for resolving potential circular references
org.springframework.beans.factory.support.AbstractAutowireCapableBeanFactory 2015-01-23 09:56:20,530 DEBUG - Finished creating instance of bean &apos;org.springframework.context.annotation.internalPersistenceAnnotationProcessor&apos;
org.springframework.beans.factory.support.DefaultSingletonBeanRegistry 2015-01-23 09:56:20,531 DEBUG - Creating shared instance of singleton bean &apos;org.springframework.context.annotation.ConfigurationClassPostProcessor.importAwareProcessor&apos;
org.springframework.beans.factory.support.AbstractAutowireCapableBeanFactory 2015-01-23 09:56:20,531 DEBUG - Creating instance of bean &apos;org.springframework.context.annotation.ConfigurationClassPostProcessor.importAwareProcessor&apos;
org.springframework.beans.factory.support.AbstractAutowireCapableBeanFactory 2015-01-23 09:56:20,531 DEBUG - Eagerly caching bean &apos;org.springframework.context.annotation.ConfigurationClassPostProcessor.importAwareProcessor&apos; to allow for resolving potential circular references
org.springframework.beans.factory.support.AbstractAutowireCapableBeanFactory 2015-01-23 09:56:20,531 DEBUG - Finished creating instance of bean &apos;org.springframework.context.annotation.ConfigurationClassPostProcessor.importAwareProcessor&apos;
org.springframework.beans.factory.support.DefaultSingletonBeanRegistry 2015-01-23 09:56:20,531 DEBUG - Creating shared instance of singleton bean &apos;org.springframework.context.annotation.ConfigurationClassPostProcessor.enhancedConfigurationProcessor&apos;
org.springframework.beans.factory.support.AbstractAutowireCapableBeanFactory 2015-01-23 09:56:20,531 DEBUG - Creating instance of bean &apos;org.springframework.context.annotation.ConfigurationClassPostProcessor.enhancedConfigurationProcessor&apos;
org.springframework.beans.factory.support.AbstractAutowireCapableBeanFactory 2015-01-23 09:56:20,532 DEBUG - Eagerly caching bean &apos;org.springframework.context.annotation.ConfigurationClassPostProcessor.enhancedConfigurationProcessor&apos; to allow for resolving potential circular references
org.springframework.beans.factory.support.AbstractAutowireCapableBeanFactory 2015-01-23 09:56:20,532 DEBUG - Finished creating instance of bean &apos;org.springframework.context.annotation.ConfigurationClassPostProcessor.enhancedConfigurationProcessor&apos;
org.springframework.beans.factory.support.DefaultSingletonBeanRegistry 2015-01-23 09:56:20,532 DEBUG - Creating shared instance of singleton bean &apos;org.springframework.aop.config.internalAutoProxyCreator&apos;
org.springframework.beans.factory.support.AbstractAutowireCapableBeanFactory 2015-01-23 09:56:20,532 DEBUG - Creating instance of bean &apos;org.springframework.aop.config.internalAutoProxyCreator&apos;
org.springframework.beans.factory.support.AbstractAutowireCapableBeanFactory 2015-01-23 09:56:20,540 DEBUG - Eagerly caching bean &apos;org.springframework.aop.config.internalAutoProxyCreator&apos; to allow for resolving potential circular references
org.springframework.core.io.support.SpringFactoriesLoader 2015-01-23 09:56:20,542 TRACE - Loaded [org.springframework.beans.BeanInfoFactory] names: [org.springframework.beans.ExtendedBeanInfoFactory]
org.springframework.beans.CachedIntrospectionResults 2015-01-23 09:56:20,543 TRACE - Getting BeanInfo for class [org.springframework.aop.framework.autoproxy.InfrastructureAdvisorAutoProxyCreator]
org.springframework.beans.CachedIntrospectionResults 2015-01-23 09:56:20,548 TRACE - Caching PropertyDescriptors for class [org.springframework.aop.framework.autoproxy.InfrastructureAdvisorAutoProxyCreator]
org.springframework.beans.CachedIntrospectionResults 2015-01-23 09:56:20,548 TRACE - Found bean property &apos;advisorAdapterRegistry&apos; of type [org.springframework.aop.framework.adapter.AdvisorAdapterRegistry]
org.springframework.beans.CachedIntrospectionResults 2015-01-23 09:56:20,548 TRACE - Found bean property &apos;applyCommonInterceptorsFirst&apos; of type [boolean]
org.springframework.beans.CachedIntrospectionResults 2015-01-23 09:56:20,549 TRACE - Found bean property &apos;beanClassLoader&apos; of type [java.lang.ClassLoader]
org.springframework.beans.CachedIntrospectionResults 2015-01-23 09:56:20,549 TRACE - Found bean property &apos;beanFactory&apos; of type [org.springframework.beans.factory.BeanFactory]
org.springframework.beans.CachedIntrospectionResults 2015-01-23 09:56:20,549 TRACE - Found bean property &apos;class&apos; of type [java.lang.Class]
org.springframework.beans.CachedIntrospectionResults 2015-01-23 09:56:20,549 TRACE - Found bean property &apos;customTargetSourceCreators&apos; of type [[Lorg.springframework.aop.framework.autoproxy.TargetSourceCreator;]
org.springframework.beans.CachedIntrospectionResults 2015-01-23 09:56:20,549 TRACE - Found bean property &apos;exposeProxy&apos; of type [boolean]
org.springframework.beans.CachedIntrospectionResults 2015-01-23 09:56:20,549 TRACE - Found bean property &apos;frozen&apos; of type [boolean]
org.springframework.beans.CachedIntrospectionResults 2015-01-23 09:56:20,550 TRACE - Found bean property &apos;interceptorNames&apos; of type [[Ljava.lang.String;]
org.springframework.beans.CachedIntrospectionResults 2015-01-23 09:56:20,550 TRACE - Found bean property &apos;opaque&apos; of type [boolean]
org.springframework.beans.CachedIntrospectionResults 2015-01-23 09:56:20,550 TRACE - Found bean property &apos;optimize&apos; of type [boolean]
org.springframework.beans.CachedIntrospectionResults 2015-01-23 09:56:20,550 TRACE - Found bean property &apos;order&apos; of type [int]
org.springframework.beans.CachedIntrospectionResults 2015-01-23 09:56:20,550 TRACE - Found bean property &apos;proxyClassLoader&apos; of type [java.lang.ClassLoader]
org.springframework.beans.CachedIntrospectionResults 2015-01-23 09:56:20,550 TRACE - Found bean property &apos;proxyTargetClass&apos; of type [boolean]
org.springframework.beans.factory.support.AbstractAutowireCapableBeanFactory 2015-01-23 09:56:20,558 DEBUG - Finished creating instance of bean &apos;org.springframework.aop.config.internalAutoProxyCreator&apos;
org.springframework.context.support.AbstractApplicationContext 2015-01-23 09:56:20,560 DEBUG - Unable to locate MessageSource with name &apos;messageSource&apos;: using default [org.springframework.context.support.DelegatingMessageSource@75a6bd5]
org.springframework.context.support.AbstractApplicationContext 2015-01-23 09:56:20,561 DEBUG - Unable to locate ApplicationEventMulticaster with name &apos;applicationEventMulticaster&apos;: using default [org.springframework.context.event.SimpleApplicationEventMulticaster@2554ab83]
org.springframework.beans.factory.support.DefaultListableBeanFactory 2015-01-23 09:56:20,564 DEBUG - Pre-instantiating singletons in org.springframework.beans.factory.support.DefaultListableBeanFactory@75897d53: defining beans [org.springframework.context.annotation.internalConfigurationAnnotationProcessor,org.springframework.context.annotation.internalAutowiredAnnotationProcessor,org.springframework.context.annotation.internalRequiredAnnotationProcessor,org.springframework.context.annotation.internalCommonAnnotationProcessor,org.springframework.context.annotation.internalPersistenceAnnotationProcessor,baseService,baseDao,dataSource,person,jperson,pperson,address,sessionFactory,transactionManager,org.springframework.aop.config.internalAutoProxyCreator,org.springframework.transaction.annotation.AnnotationTransactionAttributeSource#0,org.springframework.transaction.interceptor.TransactionInterceptor#0,org.springframework.transaction.config.internalTransactionAdvisor,org.springframework.context.annotation.ConfigurationClassPostProcessor.importAwareProcessor,org.springframework.context.annotation.ConfigurationClassPostProcessor.enhancedConfigurationProcessor]; root of factory hierarchy
org.springframework.beans.factory.support.AbstractBeanFactory 2015-01-23 09:56:20,564 DEBUG - Returning cached instance of singleton bean &apos;org.springframework.context.annotation.internalConfigurationAnnotationProcessor&apos;
org.springframework.beans.factory.support.AbstractBeanFactory 2015-01-23 09:56:20,564 DEBUG - Returning cached instance of singleton bean &apos;org.springframework.context.annotation.internalAutowiredAnnotationProcessor&apos;
org.springframework.beans.factory.support.AbstractBeanFactory 2015-01-23 09:56:20,564 DEBUG - Returning cached instance of singleton bean &apos;org.springframework.context.annotation.internalRequiredAnnotationProcessor&apos;
org.springframework.beans.factory.support.AbstractBeanFactory 2015-01-23 09:56:20,565 DEBUG - Returning cached instance of singleton bean &apos;org.springframework.context.annotation.internalCommonAnnotationProcessor&apos;
org.springframework.beans.factory.support.AbstractBeanFactory 2015-01-23 09:56:20,565 DEBUG - Returning cached instance of singleton bean &apos;org.springframework.context.annotation.internalPersistenceAnnotationProcessor&apos;
org.springframework.beans.factory.support.DefaultSingletonBeanRegistry 2015-01-23 09:56:20,565 DEBUG - Creating shared instance of singleton bean &apos;baseService&apos;
org.springframework.beans.factory.support.AbstractAutowireCapableBeanFactory 2015-01-23 09:56:20,565 DEBUG - Creating instance of bean &apos;baseService&apos;
org.springframework.beans.factory.support.DefaultSingletonBeanRegistry 2015-01-23 09:56:20,579 DEBUG - Creating shared instance of singleton bean &apos;baseDao&apos;
org.springframework.beans.factory.support.AbstractAutowireCapableBeanFactory 2015-01-23 09:56:20,579 DEBUG - Creating instance of bean &apos;baseDao&apos;
org.springframework.beans.factory.support.DefaultSingletonBeanRegistry 2015-01-23 09:56:20,581 DEBUG - Creating shared instance of singleton bean &apos;sessionFactory&apos;
org.springframework.beans.factory.support.AbstractAutowireCapableBeanFactory 2015-01-23 09:56:20,581 DEBUG - Creating instance of bean &apos;sessionFactory&apos;
org.springframework.beans.factory.support.AbstractAutowireCapableBeanFactory 2015-01-23 09:56:20,587 DEBUG - Eagerly caching bean &apos;sessionFactory&apos; to allow for resolving potential circular references
org.springframework.beans.CachedIntrospectionResults 2015-01-23 09:56:20,588 TRACE - Getting BeanInfo for class [org.springframework.orm.hibernate3.annotation.AnnotationSessionFactoryBean]
org.springframework.beans.CachedIntrospectionResults 2015-01-23 09:56:20,592 TRACE - Caching PropertyDescriptors for class [org.springframework.orm.hibernate3.annotation.AnnotationSessionFactoryBean]
org.springframework.beans.CachedIntrospectionResults 2015-01-23 09:56:20,592 TRACE - Found bean property &apos;annotatedClasses&apos; of type [[Ljava.lang.Class;]
org.springframework.beans.CachedIntrospectionResults 2015-01-23 09:56:20,593 TRACE - Found bean property &apos;annotatedPackages&apos; of type [[Ljava.lang.String;]
org.springframework.beans.CachedIntrospectionResults 2015-01-23 09:56:20,593 TRACE - Found bean property &apos;beanClassLoader&apos; of type [java.lang.ClassLoader]
org.springframework.beans.CachedIntrospectionResults 2015-01-23 09:56:20,593 TRACE - Found bean property &apos;cacheRegionFactory&apos; of type [org.hibernate.cache.RegionFactory]
org.springframework.beans.CachedIntrospectionResults 2015-01-23 09:56:20,593 TRACE - Found bean property &apos;cacheableMappingLocations&apos; of type [[Lorg.springframework.core.io.Resource;]
org.springframework.beans.CachedIntrospectionResults 2015-01-23 09:56:20,594 TRACE - Found bean property &apos;class&apos; of type [java.lang.Class]
org.springframework.beans.CachedIntrospectionResults 2015-01-23 09:56:20,594 TRACE - Found bean property &apos;collectionCacheStrategies&apos; of type [java.util.Properties]
org.springframework.beans.CachedIntrospectionResults 2015-01-23 09:56:20,594 TRACE - Found bean property &apos;configLocation&apos; of type [org.springframework.core.io.Resource]
org.springframework.beans.CachedIntrospectionResults 2015-01-23 09:56:20,594 TRACE - Found bean property &apos;configLocations&apos; of type [[Lorg.springframework.core.io.Resource;]
org.springframework.beans.CachedIntrospectionResults 2015-01-23 09:56:20,594 TRACE - Found bean property &apos;configuration&apos; of type [org.hibernate.cfg.Configuration]
org.springframework.beans.CachedIntrospectionResults 2015-01-23 09:56:20,595 TRACE - Found bean property &apos;configurationClass&apos; of type [java.lang.Class]
org.springframework.beans.CachedIntrospectionResults 2015-01-23 09:56:20,595 TRACE - Found bean property &apos;dataSource&apos; of type [javax.sql.DataSource]
org.springframework.beans.CachedIntrospectionResults 2015-01-23 09:56:20,595 TRACE - Found bean property &apos;entityCacheStrategies&apos; of type [java.util.Properties]
org.springframework.beans.CachedIntrospectionResults 2015-01-23 09:56:20,595 TRACE - Found bean property &apos;entityInterceptor&apos; of type [org.hibernate.Interceptor]
org.springframework.beans.CachedIntrospectionResults 2015-01-23 09:56:20,596 TRACE - Found bean property &apos;entityTypeFilters&apos; of type [[Lorg.springframework.core.type.filter.TypeFilter;]
org.springframework.beans.CachedIntrospectionResults 2015-01-23 09:56:20,596 TRACE - Found bean property &apos;eventListeners&apos; of type [java.util.Map]
org.springframework.beans.CachedIntrospectionResults 2015-01-23 09:56:20,596 TRACE - Found bean property &apos;exposeTransactionAwareSessionFactory&apos; of type [boolean]
org.springframework.beans.CachedIntrospectionResults 2015-01-23 09:56:20,596 TRACE - Found bean property &apos;filterDefinitions&apos; of type [[Lorg.hibernate.engine.FilterDefinition;]
org.springframework.beans.CachedIntrospectionResults 2015-01-23 09:56:20,597 TRACE - Found bean property &apos;hibernateProperties&apos; of type [java.util.Properties]
org.springframework.beans.CachedIntrospectionResults 2015-01-23 09:56:20,597 TRACE - Found bean property &apos;jdbcExceptionTranslator&apos; of type [org.springframework.jdbc.support.SQLExceptionTranslator]
org.springframework.beans.CachedIntrospectionResults 2015-01-23 09:56:20,597 TRACE - Found bean property &apos;jtaTransactionManager&apos; of type [javax.transaction.TransactionManager]
org.springframework.beans.CachedIntrospectionResults 2015-01-23 09:56:20,597 TRACE - Found bean property &apos;lobHandler&apos; of type [org.springframework.jdbc.support.lob.LobHandler]
org.springframework.beans.CachedIntrospectionResults 2015-01-23 09:56:20,597 TRACE - Found bean property &apos;mappingDirectoryLocations&apos; of type [[Lorg.springframework.core.io.Resource;]
org.springframework.beans.CachedIntrospectionResults 2015-01-23 09:56:20,597 TRACE - Found bean property &apos;mappingJarLocations&apos; of type [[Lorg.springframework.core.io.Resource;]
org.springframework.beans.CachedIntrospectionResults 2015-01-23 09:56:20,598 TRACE - Found bean property &apos;mappingLocations&apos; of type [[Lorg.springframework.core.io.Resource;]
org.springframework.beans.CachedIntrospectionResults 2015-01-23 09:56:20,598 TRACE - Found bean property &apos;mappingResources&apos; of type [[Ljava.lang.String;]
org.springframework.beans.CachedIntrospectionResults 2015-01-23 09:56:20,598 TRACE - Found bean property &apos;namingStrategy&apos; of type [org.hibernate.cfg.NamingStrategy]
org.springframework.beans.CachedIntrospectionResults 2015-01-23 09:56:20,598 TRACE - Found bean property &apos;object&apos; of type [org.hibernate.SessionFactory]
org.springframework.beans.CachedIntrospectionResults 2015-01-23 09:56:20,598 TRACE - Found bean property &apos;objectType&apos; of type [java.lang.Class]
org.springframework.beans.CachedIntrospectionResults 2015-01-23 09:56:20,599 TRACE - Found bean property &apos;packagesToScan&apos; of type [[Ljava.lang.String;]
org.springframework.beans.CachedIntrospectionResults 2015-01-23 09:56:20,599 TRACE - Found bean property &apos;resourceLoader&apos; of type [org.springframework.core.io.ResourceLoader]
org.springframework.beans.CachedIntrospectionResults 2015-01-23 09:56:20,599 TRACE - Found bean property &apos;schemaUpdate&apos; of type [boolean]
org.springframework.beans.CachedIntrospectionResults 2015-01-23 09:56:20,599 TRACE - Found bean property &apos;singleton&apos; of type [boolean]
org.springframework.beans.CachedIntrospectionResults 2015-01-23 09:56:20,599 TRACE - Found bean property &apos;typeDefinitions&apos; of type [[Lorg.springframework.orm.hibernate3.TypeDefinitionBean;]
org.springframework.beans.CachedIntrospectionResults 2015-01-23 09:56:20,600 TRACE - Found bean property &apos;useTransactionAwareDataSource&apos; of type [boolean]
org.springframework.beans.factory.support.DefaultSingletonBeanRegistry 2015-01-23 09:56:20,610 DEBUG - Creating shared instance of singleton bean &apos;dataSource&apos;
org.springframework.beans.factory.support.AbstractAutowireCapableBeanFactory 2015-01-23 09:56:20,610 DEBUG - Creating instance of bean &apos;dataSource&apos;
org.springframework.beans.factory.support.AbstractAutowireCapableBeanFactory 2015-01-23 09:56:20,674 DEBUG - Eagerly caching bean &apos;dataSource&apos; to allow for resolving potential circular references
org.springframework.beans.CachedIntrospectionResults 2015-01-23 09:56:20,674 TRACE - Getting BeanInfo for class [org.apache.commons.dbcp.BasicDataSource]
org.springframework.beans.CachedIntrospectionResults 2015-01-23 09:56:20,676 TRACE - Caching PropertyDescriptors for class [org.apache.commons.dbcp.BasicDataSource]
org.springframework.beans.CachedIntrospectionResults 2015-01-23 09:56:20,677 TRACE - Found bean property &apos;accessToUnderlyingConnectionAllowed&apos; of type [boolean]
org.springframework.beans.CachedIntrospectionResults 2015-01-23 09:56:20,677 TRACE - Found bean property &apos;class&apos; of type [java.lang.Class]
org.springframework.beans.CachedIntrospectionResults 2015-01-23 09:56:20,677 TRACE - Found bean property &apos;closed&apos; of type [boolean]
org.springframework.beans.CachedIntrospectionResults 2015-01-23 09:56:20,677 TRACE - Found bean property &apos;connection&apos; of type [java.sql.Connection]
org.springframework.beans.CachedIntrospectionResults 2015-01-23 09:56:20,677 TRACE - Found bean property &apos;connectionInitSqls&apos; of type [java.util.Collection]
org.springframework.beans.CachedIntrospectionResults 2015-01-23 09:56:20,677 TRACE - Found bean property &apos;connectionProperties&apos; of type [java.lang.String]
org.springframework.beans.CachedIntrospectionResults 2015-01-23 09:56:20,678 TRACE - Found bean property &apos;defaultAutoCommit&apos; of type [boolean]
org.springframework.beans.CachedIntrospectionResults 2015-01-23 09:56:20,678 TRACE - Found bean property &apos;defaultCatalog&apos; of type [java.lang.String]
org.springframework.beans.CachedIntrospectionResults 2015-01-23 09:56:20,678 TRACE - Found bean property &apos;defaultReadOnly&apos; of type [boolean]
org.springframework.beans.CachedIntrospectionResults 2015-01-23 09:56:20,678 TRACE - Found bean property &apos;defaultTransactionIsolation&apos; of type [int]
org.springframework.beans.CachedIntrospectionResults 2015-01-23 09:56:20,678 TRACE - Found bean property &apos;driverClassLoader&apos; of type [java.lang.ClassLoader]
org.springframework.beans.CachedIntrospectionResults 2015-01-23 09:56:20,679 TRACE - Found bean property &apos;driverClassName&apos; of type [java.lang.String]
org.springframework.beans.CachedIntrospectionResults 2015-01-23 09:56:20,679 TRACE - Found bean property &apos;initialSize&apos; of type [int]
org.springframework.beans.CachedIntrospectionResults 2015-01-23 09:56:20,679 TRACE - Found bean property &apos;logAbandoned&apos; of type [boolean]
org.springframework.beans.CachedIntrospectionResults 2015-01-23 09:56:20,679 TRACE - Found bean property &apos;logWriter&apos; of type [java.io.PrintWriter]
org.springframework.beans.CachedIntrospectionResults 2015-01-23 09:56:20,679 TRACE - Found bean property &apos;loginTimeout&apos; of type [int]
org.springframework.beans.CachedIntrospectionResults 2015-01-23 09:56:20,679 TRACE - Found bean property &apos;maxActive&apos; of type [int]
org.springframework.beans.CachedIntrospectionResults 2015-01-23 09:56:20,680 TRACE - Found bean property &apos;maxIdle&apos; of type [int]
org.springframework.beans.CachedIntrospectionResults 2015-01-23 09:56:20,680 TRACE - Found bean property &apos;maxOpenPreparedStatements&apos; of type [int]
org.springframework.beans.CachedIntrospectionResults 2015-01-23 09:56:20,680 TRACE - Found bean property &apos;maxWait&apos; of type [long]
org.springframework.beans.CachedIntrospectionResults 2015-01-23 09:56:20,680 TRACE - Found bean property &apos;minEvictableIdleTimeMillis&apos; of type [long]
org.springframework.beans.CachedIntrospectionResults 2015-01-23 09:56:20,680 TRACE - Found bean property &apos;minIdle&apos; of type [int]
org.springframework.beans.CachedIntrospectionResults 2015-01-23 09:56:20,680 TRACE - Found bean property &apos;numActive&apos; of type [int]
org.springframework.beans.CachedIntrospectionResults 2015-01-23 09:56:20,680 TRACE - Found bean property &apos;numIdle&apos; of type [int]
org.springframework.beans.CachedIntrospectionResults 2015-01-23 09:56:20,681 TRACE - Found bean property &apos;numTestsPerEvictionRun&apos; of type [int]
org.springframework.beans.CachedIntrospectionResults 2015-01-23 09:56:20,681 TRACE - Found bean property &apos;password&apos; of type [java.lang.String]
org.springframework.beans.CachedIntrospectionResults 2015-01-23 09:56:20,681 TRACE - Found bean property &apos;poolPreparedStatements&apos; of type [boolean]
org.springframework.beans.CachedIntrospectionResults 2015-01-23 09:56:20,681 TRACE - Found bean property &apos;removeAbandoned&apos; of type [boolean]
org.springframework.beans.CachedIntrospectionResults 2015-01-23 09:56:20,681 TRACE - Found bean property &apos;removeAbandonedTimeout&apos; of type [int]
org.springframework.beans.CachedIntrospectionResults 2015-01-23 09:56:20,681 TRACE - Found bean property &apos;testOnBorrow&apos; of type [boolean]
org.springframework.beans.CachedIntrospectionResults 2015-01-23 09:56:20,682 TRACE - Found bean property &apos;testOnReturn&apos; of type [boolean]
org.springframework.beans.CachedIntrospectionResults 2015-01-23 09:56:20,682 TRACE - Found bean property &apos;testWhileIdle&apos; of type [boolean]
org.springframework.beans.CachedIntrospectionResults 2015-01-23 09:56:20,682 TRACE - Found bean property &apos;timeBetweenEvictionRunsMillis&apos; of type [long]
org.springframework.beans.CachedIntrospectionResults 2015-01-23 09:56:20,682 TRACE - Found bean property &apos;url&apos; of type [java.lang.String]
org.springframework.beans.CachedIntrospectionResults 2015-01-23 09:56:20,682 TRACE - Found bean property &apos;username&apos; of type [java.lang.String]
org.springframework.beans.CachedIntrospectionResults 2015-01-23 09:56:20,683 TRACE - Found bean property &apos;validationQuery&apos; of type [java.lang.String]
org.springframework.beans.CachedIntrospectionResults 2015-01-23 09:56:20,683 TRACE - Found bean property &apos;validationQueryTimeout&apos; of type [int]
org.springframework.beans.TypeConverterDelegate 2015-01-23 09:56:20,690 TRACE - Converting String to [int] using property editor [org.springframework.beans.propertyeditors.CustomNumberEditor@318a41cf]
org.springframework.beans.TypeConverterDelegate 2015-01-23 09:56:20,692 TRACE - Converting String to [int] using property editor [org.springframework.beans.propertyeditors.CustomNumberEditor@318a41cf]
org.springframework.beans.factory.support.DefaultSingletonBeanRegistry 2015-01-23 09:56:20,693 DEBUG - Creating shared instance of singleton bean &apos;org.springframework.transaction.config.internalTransactionAdvisor&apos;
org.springframework.beans.factory.support.AbstractAutowireCapableBeanFactory 2015-01-23 09:56:20,693 DEBUG - Creating instance of bean &apos;org.springframework.transaction.config.internalTransactionAdvisor&apos;
org.springframework.aop.framework.autoproxy.AbstractAutoProxyCreator 2015-01-23 09:56:20,694 TRACE - Did not attempt to auto-proxy infrastructure class [org.springframework.transaction.interceptor.BeanFactoryTransactionAttributeSourceAdvisor]
org.springframework.beans.factory.support.AbstractAutowireCapableBeanFactory 2015-01-23 09:56:20,695 DEBUG - Eagerly caching bean &apos;org.springframework.transaction.config.internalTransactionAdvisor&apos; to allow for resolving potential circular references
org.springframework.beans.CachedIntrospectionResults 2015-01-23 09:56:20,695 TRACE - Getting BeanInfo for class [org.springframework.transaction.interceptor.BeanFactoryTransactionAttributeSourceAdvisor]
org.springframework.beans.CachedIntrospectionResults 2015-01-23 09:56:20,698 TRACE - Caching PropertyDescriptors for class [org.springframework.transaction.interceptor.BeanFactoryTransactionAttributeSourceAdvisor]
org.springframework.beans.CachedIntrospectionResults 2015-01-23 09:56:20,698 TRACE - Found bean property &apos;advice&apos; of type [org.aopalliance.aop.Advice]
org.springframework.beans.CachedIntrospectionResults 2015-01-23 09:56:20,698 TRACE - Found bean property &apos;adviceBeanName&apos; of type [java.lang.String]
org.springframework.beans.CachedIntrospectionResults 2015-01-23 09:56:20,698 TRACE - Found bean property &apos;beanFactory&apos; of type [org.springframework.beans.factory.BeanFactory]
org.springframework.beans.CachedIntrospectionResults 2015-01-23 09:56:20,698 TRACE - Found bean property &apos;class&apos; of type [java.lang.Class]
org.springframework.beans.CachedIntrospectionResults 2015-01-23 09:56:20,698 TRACE - Found bean property &apos;classFilter&apos; of type [org.springframework.aop.ClassFilter]
org.springframework.beans.CachedIntrospectionResults 2015-01-23 09:56:20,699 TRACE - Found bean property &apos;order&apos; of type [int]
org.springframework.beans.CachedIntrospectionResults 2015-01-23 09:56:20,699 TRACE - Found bean property &apos;perInstance&apos; of type [boolean]
org.springframework.beans.CachedIntrospectionResults 2015-01-23 09:56:20,699 TRACE - Found bean property &apos;pointcut&apos; of type [org.springframework.aop.Pointcut]
org.springframework.beans.CachedIntrospectionResults 2015-01-23 09:56:20,699 TRACE - Found bean property &apos;transactionAttributeSource&apos; of type [org.springframework.transaction.interceptor.TransactionAttributeSource]
org.springframework.beans.factory.support.DefaultSingletonBeanRegistry 2015-01-23 09:56:20,700 DEBUG - Creating shared instance of singleton bean &apos;org.springframework.transaction.annotation.AnnotationTransactionAttributeSource#0&apos;
org.springframework.beans.factory.support.AbstractAutowireCapableBeanFactory 2015-01-23 09:56:20,700 DEBUG - Creating instance of bean &apos;org.springframework.transaction.annotation.AnnotationTransactionAttributeSource#0&apos;
org.springframework.beans.factory.support.AbstractAutowireCapableBeanFactory 2015-01-23 09:56:20,703 DEBUG - Eagerly caching bean &apos;org.springframework.transaction.annotation.AnnotationTransactionAttributeSource#0&apos; to allow for resolving potential circular references
org.springframework.beans.CachedIntrospectionResults 2015-01-23 09:56:20,703 TRACE - Getting BeanInfo for class [org.springframework.transaction.annotation.AnnotationTransactionAttributeSource]
org.springframework.beans.CachedIntrospectionResults 2015-01-23 09:56:20,705 TRACE - Caching PropertyDescriptors for class [org.springframework.transaction.annotation.AnnotationTransactionAttributeSource]
org.springframework.beans.CachedIntrospectionResults 2015-01-23 09:56:20,705 TRACE - Found bean property &apos;class&apos; of type [java.lang.Class]
org.springframework.aop.framework.autoproxy.BeanFactoryAdvisorRetrievalHelper 2015-01-23 09:56:20,706 DEBUG - Skipping currently created advisor &apos;org.springframework.transaction.config.internalTransactionAdvisor&apos;
org.springframework.beans.factory.support.AbstractAutowireCapableBeanFactory 2015-01-23 09:56:20,707 DEBUG - Finished creating instance of bean &apos;org.springframework.transaction.annotation.AnnotationTransactionAttributeSource#0&apos;
org.springframework.beans.factory.support.AbstractAutowireCapableBeanFactory 2015-01-23 09:56:20,708 DEBUG - Finished creating instance of bean &apos;org.springframework.transaction.config.internalTransactionAdvisor&apos;
org.springframework.beans.factory.support.AbstractAutowireCapableBeanFactory 2015-01-23 09:56:20,711 DEBUG - Finished creating instance of bean &apos;dataSource&apos;
org.springframework.beans.TypeConverterDelegate 2015-01-23 09:56:20,712 TRACE - Converting String to [class java.lang.Class] using property editor [org.springframework.beans.propertyeditors.ClassEditor@7999f3da]
org.springframework.beans.TypeConverterDelegate 2015-01-23 09:56:20,712 TRACE - Converting String to [class java.lang.Class] using property editor [org.springframework.beans.propertyeditors.ClassEditor@7999f3da]
org.springframework.beans.TypeConverterDelegate 2015-01-23 09:56:20,712 TRACE - Converting String to [class java.lang.Class] using property editor [org.springframework.beans.propertyeditors.ClassEditor@7999f3da]
org.springframework.beans.TypeConverterDelegate 2015-01-23 09:56:20,712 TRACE - Converting String to [class java.lang.Class] using property editor [org.springframework.beans.propertyeditors.ClassEditor@7999f3da]
org.springframework.beans.factory.support.AbstractAutowireCapableBeanFactory 2015-01-23 09:56:20,714 DEBUG - Invoking afterPropertiesSet() on bean with name &apos;sessionFactory&apos;
org.hibernate.type.BasicTypeRegistry 2015-01-23 09:56:20,748 DEBUG - Adding type registration boolean -&gt; org.hibernate.type.BooleanType@300ae308
org.hibernate.type.BasicTypeRegistry 2015-01-23 09:56:20,748 DEBUG - Adding type registration boolean -&gt; org.hibernate.type.BooleanType@300ae308
org.hibernate.type.BasicTypeRegistry 2015-01-23 09:56:20,748 DEBUG - Adding type registration java.lang.Boolean -&gt; org.hibernate.type.BooleanType@300ae308
org.hibernate.type.BasicTypeRegistry 2015-01-23 09:56:20,749 DEBUG - Adding type registration numeric_boolean -&gt; org.hibernate.type.NumericBooleanType@ff5dc6a
org.hibernate.type.BasicTypeRegistry 2015-01-23 09:56:20,750 DEBUG - Adding type registration true_false -&gt; org.hibernate.type.TrueFalseType@74c20130
org.hibernate.type.BasicTypeRegistry 2015-01-23 09:56:20,750 DEBUG - Adding type registration yes_no -&gt; org.hibernate.type.YesNoType@4d447e6b
org.hibernate.type.BasicTypeRegistry 2015-01-23 09:56:20,751 DEBUG - Adding type registration byte -&gt; org.hibernate.type.ByteType@46a0920e
org.hibernate.type.BasicTypeRegistry 2015-01-23 09:56:20,752 DEBUG - Adding type registration byte -&gt; org.hibernate.type.ByteType@46a0920e
org.hibernate.type.BasicTypeRegistry 2015-01-23 09:56:20,752 DEBUG - Adding type registration java.lang.Byte -&gt; org.hibernate.type.ByteType@46a0920e
org.hibernate.type.BasicTypeRegistry 2015-01-23 09:56:20,753 DEBUG - Adding type registration character -&gt; org.hibernate.type.CharacterType@3b55b707
org.hibernate.type.BasicTypeRegistry 2015-01-23 09:56:20,753 DEBUG - Adding type registration char -&gt; org.hibernate.type.CharacterType@3b55b707
org.hibernate.type.BasicTypeRegistry 2015-01-23 09:56:20,753 DEBUG - Adding type registration java.lang.Character -&gt; org.hibernate.type.CharacterType@3b55b707
org.hibernate.type.BasicTypeRegistry 2015-01-23 09:56:20,755 DEBUG - Adding type registration short -&gt; org.hibernate.type.ShortType@74056619
org.hibernate.type.BasicTypeRegistry 2015-01-23 09:56:20,755 DEBUG - Adding type registration short -&gt; org.hibernate.type.ShortType@74056619
org.hibernate.type.BasicTypeRegistry 2015-01-23 09:56:20,755 DEBUG - Adding type registration java.lang.Short -&gt; org.hibernate.type.ShortType@74056619
org.hibernate.type.BasicTypeRegistry 2015-01-23 09:56:20,756 DEBUG - Adding type registration integer -&gt; org.hibernate.type.IntegerType@950a505
org.hibernate.type.BasicTypeRegistry 2015-01-23 09:56:20,756 DEBUG - Adding type registration int -&gt; org.hibernate.type.IntegerType@950a505
org.hibernate.type.BasicTypeRegistry 2015-01-23 09:56:20,756 DEBUG - Adding type registration java.lang.Integer -&gt; org.hibernate.type.IntegerType@950a505
org.hibernate.type.BasicTypeRegistry 2015-01-23 09:56:20,758 DEBUG - Adding type registration long -&gt; org.hibernate.type.LongType@46346072
org.hibernate.type.BasicTypeRegistry 2015-01-23 09:56:20,758 DEBUG - Adding type registration long -&gt; org.hibernate.type.LongType@46346072
org.hibernate.type.BasicTypeRegistry 2015-01-23 09:56:20,758 DEBUG - Adding type registration java.lang.Long -&gt; org.hibernate.type.LongType@46346072
org.hibernate.type.BasicTypeRegistry 2015-01-23 09:56:20,760 DEBUG - Adding type registration float -&gt; org.hibernate.type.FloatType@334e9cde
org.hibernate.type.BasicTypeRegistry 2015-01-23 09:56:20,760 DEBUG - Adding type registration float -&gt; org.hibernate.type.FloatType@334e9cde
org.hibernate.type.BasicTypeRegistry 2015-01-23 09:56:20,760 DEBUG - Adding type registration java.lang.Float -&gt; org.hibernate.type.FloatType@334e9cde
org.hibernate.type.BasicTypeRegistry 2015-01-23 09:56:20,761 DEBUG - Adding type registration double -&gt; org.hibernate.type.DoubleType@39955b5e
org.hibernate.type.BasicTypeRegistry 2015-01-23 09:56:20,761 DEBUG - Adding type registration double -&gt; org.hibernate.type.DoubleType@39955b5e
org.hibernate.type.BasicTypeRegistry 2015-01-23 09:56:20,761 DEBUG - Adding type registration java.lang.Double -&gt; org.hibernate.type.DoubleType@39955b5e
org.hibernate.type.BasicTypeRegistry 2015-01-23 09:56:20,762 DEBUG - Adding type registration big_decimal -&gt; org.hibernate.type.BigDecimalType@2ed208f1
org.hibernate.type.BasicTypeRegistry 2015-01-23 09:56:20,763 DEBUG - Adding type registration java.math.BigDecimal -&gt; org.hibernate.type.BigDecimalType@2ed208f1
org.hibernate.type.BasicTypeRegistry 2015-01-23 09:56:20,763 DEBUG - Adding type registration big_integer -&gt; org.hibernate.type.BigIntegerType@3dd00e4f
org.hibernate.type.BasicTypeRegistry 2015-01-23 09:56:20,764 DEBUG - Adding type registration java.math.BigInteger -&gt; org.hibernate.type.BigIntegerType@3dd00e4f
org.hibernate.type.BasicTypeRegistry 2015-01-23 09:56:20,764 DEBUG - Adding type registration string -&gt; org.hibernate.type.StringType@17e9cdb6
org.hibernate.type.BasicTypeRegistry 2015-01-23 09:56:20,765 DEBUG - Adding type registration java.lang.String -&gt; org.hibernate.type.StringType@17e9cdb6
org.hibernate.type.BasicTypeRegistry 2015-01-23 09:56:20,765 DEBUG - Adding type registration url -&gt; org.hibernate.type.UrlType@7318ff8a
org.hibernate.type.BasicTypeRegistry 2015-01-23 09:56:20,766 DEBUG - Adding type registration java.net.URL -&gt; org.hibernate.type.UrlType@7318ff8a
org.hibernate.type.BasicTypeRegistry 2015-01-23 09:56:20,767 DEBUG - Adding type registration date -&gt; org.hibernate.type.DateType@581b236
org.hibernate.type.BasicTypeRegistry 2015-01-23 09:56:20,767 DEBUG - Adding type registration java.sql.Date -&gt; org.hibernate.type.DateType@581b236
org.hibernate.type.BasicTypeRegistry 2015-01-23 09:56:20,769 DEBUG - Adding type registration time -&gt; org.hibernate.type.TimeType@54b219e4
org.hibernate.type.BasicTypeRegistry 2015-01-23 09:56:20,769 DEBUG - Adding type registration java.sql.Time -&gt; org.hibernate.type.TimeType@54b219e4
org.hibernate.type.BasicTypeRegistry 2015-01-23 09:56:20,770 DEBUG - Adding type registration timestamp -&gt; org.hibernate.type.TimestampType@3f88655e
org.hibernate.type.BasicTypeRegistry 2015-01-23 09:56:20,770 DEBUG - Adding type registration java.sql.Timestamp -&gt; org.hibernate.type.TimestampType@3f88655e
org.hibernate.type.BasicTypeRegistry 2015-01-23 09:56:20,771 DEBUG - Adding type registration java.util.Date -&gt; org.hibernate.type.TimestampType@3f88655e
org.hibernate.type.BasicTypeRegistry 2015-01-23 09:56:20,771 DEBUG - Adding type registration dbtimestamp -&gt; org.hibernate.type.DbTimestampType@103fa2aa
org.hibernate.type.BasicTypeRegistry 2015-01-23 09:56:20,772 DEBUG - Adding type registration calendar -&gt; org.hibernate.type.CalendarType@339ec220
org.hibernate.type.BasicTypeRegistry 2015-01-23 09:56:20,773 DEBUG - Adding type registration java.util.Calendar -&gt; org.hibernate.type.CalendarType@339ec220
org.hibernate.type.BasicTypeRegistry 2015-01-23 09:56:20,773 DEBUG - Adding type registration java.util.GregorianCalendar -&gt; org.hibernate.type.CalendarType@339ec220
org.hibernate.type.BasicTypeRegistry 2015-01-23 09:56:20,773 DEBUG - Adding type registration calendar_date -&gt; org.hibernate.type.CalendarDateType@1724c9d
org.hibernate.type.BasicTypeRegistry 2015-01-23 09:56:20,774 DEBUG - Adding type registration locale -&gt; org.hibernate.type.LocaleType@540adf14
org.hibernate.type.BasicTypeRegistry 2015-01-23 09:56:20,774 DEBUG - Adding type registration java.util.Locale -&gt; org.hibernate.type.LocaleType@540adf14
org.hibernate.type.BasicTypeRegistry 2015-01-23 09:56:20,775 DEBUG - Adding type registration currency -&gt; org.hibernate.type.CurrencyType@7f2d301f
org.hibernate.type.BasicTypeRegistry 2015-01-23 09:56:20,775 DEBUG - Adding type registration java.util.Currency -&gt; org.hibernate.type.CurrencyType@7f2d301f
org.hibernate.type.BasicTypeRegistry 2015-01-23 09:56:20,776 DEBUG - Adding type registration timezone -&gt; org.hibernate.type.TimeZoneType@2599930b
org.hibernate.type.BasicTypeRegistry 2015-01-23 09:56:20,776 DEBUG - Adding type registration java.util.TimeZone -&gt; org.hibernate.type.TimeZoneType@2599930b
org.hibernate.type.BasicTypeRegistry 2015-01-23 09:56:20,777 DEBUG - Adding type registration class -&gt; org.hibernate.type.ClassType@20e8d037
org.hibernate.type.BasicTypeRegistry 2015-01-23 09:56:20,777 DEBUG - Adding type registration java.lang.Class -&gt; org.hibernate.type.ClassType@20e8d037
org.hibernate.type.BasicTypeRegistry 2015-01-23 09:56:20,778 DEBUG - Adding type registration uuid-binary -&gt; org.hibernate.type.UUIDBinaryType@44343ad1
org.hibernate.type.BasicTypeRegistry 2015-01-23 09:56:20,779 DEBUG - Adding type registration java.util.UUID -&gt; org.hibernate.type.UUIDBinaryType@44343ad1
org.hibernate.type.BasicTypeRegistry 2015-01-23 09:56:20,779 DEBUG - Adding type registration uuid-char -&gt; org.hibernate.type.UUIDCharType@13fbf741
org.hibernate.type.BasicTypeRegistry 2015-01-23 09:56:20,780 DEBUG - Adding type registration pg-uuid -&gt; org.hibernate.type.PostgresUUIDType@7265fa44
org.hibernate.type.BasicTypeRegistry 2015-01-23 09:56:20,781 DEBUG - Adding type registration binary -&gt; org.hibernate.type.BinaryType@9b82279
org.hibernate.type.BasicTypeRegistry 2015-01-23 09:56:20,781 DEBUG - Adding type registration byte[] -&gt; org.hibernate.type.BinaryType@9b82279
org.hibernate.type.BasicTypeRegistry 2015-01-23 09:56:20,781 DEBUG - Adding type registration [B -&gt; org.hibernate.type.BinaryType@9b82279
org.hibernate.type.BasicTypeRegistry 2015-01-23 09:56:20,782 DEBUG - Adding type registration wrapper-binary -&gt; org.hibernate.type.WrapperBinaryType@67156949
org.hibernate.type.BasicTypeRegistry 2015-01-23 09:56:20,782 DEBUG - Adding type registration Byte[] -&gt; org.hibernate.type.WrapperBinaryType@67156949
org.hibernate.type.BasicTypeRegistry 2015-01-23 09:56:20,782 DEBUG - Adding type registration [Ljava.lang.Byte; -&gt; org.hibernate.type.WrapperBinaryType@67156949
org.hibernate.type.BasicTypeRegistry 2015-01-23 09:56:20,783 DEBUG - Adding type registration image -&gt; org.hibernate.type.ImageType@18084038
org.hibernate.type.BasicTypeRegistry 2015-01-23 09:56:20,784 DEBUG - Adding type registration characters -&gt; org.hibernate.type.CharArrayType@59eb5159
org.hibernate.type.BasicTypeRegistry 2015-01-23 09:56:20,784 DEBUG - Adding type registration char[] -&gt; org.hibernate.type.CharArrayType@59eb5159
org.hibernate.type.BasicTypeRegistry 2015-01-23 09:56:20,784 DEBUG - Adding type registration [C -&gt; org.hibernate.type.CharArrayType@59eb5159
org.hibernate.type.BasicTypeRegistry 2015-01-23 09:56:20,785 DEBUG - Adding type registration wrapper-characters -&gt; org.hibernate.type.CharacterArrayType@515487d5
org.hibernate.type.BasicTypeRegistry 2015-01-23 09:56:20,786 DEBUG - Adding type registration [Ljava.lang.Character; -&gt; org.hibernate.type.CharacterArrayType@515487d5
org.hibernate.type.BasicTypeRegistry 2015-01-23 09:56:20,786 DEBUG - Adding type registration Character[] -&gt; org.hibernate.type.CharacterArrayType@515487d5
org.hibernate.type.BasicTypeRegistry 2015-01-23 09:56:20,786 DEBUG - Adding type registration text -&gt; org.hibernate.type.TextType@1c04fc63
org.hibernate.type.BasicTypeRegistry 2015-01-23 09:56:20,791 DEBUG - Adding type registration blob -&gt; org.hibernate.type.BlobType@674f8035
org.hibernate.type.BasicTypeRegistry 2015-01-23 09:56:20,791 DEBUG - Adding type registration java.sql.Blob -&gt; org.hibernate.type.BlobType@674f8035
org.hibernate.type.BasicTypeRegistry 2015-01-23 09:56:20,792 DEBUG - Adding type registration materialized_blob -&gt; org.hibernate.type.MaterializedBlobType@fee5806
org.hibernate.type.BasicTypeRegistry 2015-01-23 09:56:20,792 DEBUG - Adding type registration wrapper_materialized_blob -&gt; org.hibernate.type.WrappedMaterializedBlobType@a0e8b13
org.hibernate.type.BasicTypeRegistry 2015-01-23 09:56:20,795 DEBUG - Adding type registration clob -&gt; org.hibernate.type.ClobType@5fd8c238
org.hibernate.type.BasicTypeRegistry 2015-01-23 09:56:20,795 DEBUG - Adding type registration java.sql.Clob -&gt; org.hibernate.type.ClobType@5fd8c238
org.hibernate.type.BasicTypeRegistry 2015-01-23 09:56:20,796 DEBUG - Adding type registration materialized_clob -&gt; org.hibernate.type.MaterializedClobType@50dcf55
org.hibernate.type.BasicTypeRegistry 2015-01-23 09:56:20,796 DEBUG - Adding type registration wrapper_characters_clob -&gt; org.hibernate.type.CharacterArrayClobType@87505bd
org.hibernate.type.BasicTypeRegistry 2015-01-23 09:56:20,797 DEBUG - Adding type registration characters_clob -&gt; org.hibernate.type.PrimitiveCharacterArrayClobType@271e1866
org.hibernate.type.BasicTypeRegistry 2015-01-23 09:56:20,798 DEBUG - Adding type registration serializable -&gt; org.hibernate.type.SerializableType@5d1c5b77
org.hibernate.type.BasicTypeRegistry 2015-01-23 09:56:20,800 DEBUG - Adding type registration object -&gt; org.hibernate.type.ObjectType@29a19259
org.hibernate.type.BasicTypeRegistry 2015-01-23 09:56:20,800 DEBUG - Adding type registration java.lang.Object -&gt; org.hibernate.type.ObjectType@29a19259
org.hibernate.type.BasicTypeRegistry 2015-01-23 09:56:20,801 DEBUG - Adding type registration imm_date -&gt; org.hibernate.type.AdaptedImmutableType@7bea4ab9
org.hibernate.type.BasicTypeRegistry 2015-01-23 09:56:20,801 DEBUG - Adding type registration imm_time -&gt; org.hibernate.type.AdaptedImmutableType@52cff73d
org.hibernate.type.BasicTypeRegistry 2015-01-23 09:56:20,801 DEBUG - Adding type registration imm_timestamp -&gt; org.hibernate.type.AdaptedImmutableType@5370f044
org.hibernate.type.BasicTypeRegistry 2015-01-23 09:56:20,801 DEBUG - Adding type registration imm_dbtimestamp -&gt; org.hibernate.type.AdaptedImmutableType@1bae2b28
org.hibernate.type.BasicTypeRegistry 2015-01-23 09:56:20,801 DEBUG - Adding type registration imm_calendar -&gt; org.hibernate.type.AdaptedImmutableType@47935d4a
org.hibernate.type.BasicTypeRegistry 2015-01-23 09:56:20,802 DEBUG - Adding type registration imm_calendar_date -&gt; org.hibernate.type.AdaptedImmutableType@1bd1c9fc
org.hibernate.type.BasicTypeRegistry 2015-01-23 09:56:20,802 DEBUG - Adding type registration imm_binary -&gt; org.hibernate.type.AdaptedImmutableType@6a23cda8
[...]
org.springframework.aop.framework.CglibAopProxy$ProxyCallbackFilter 2015-01-23 09:56:22,747 DEBUG - Method is declared on Advised interface: public abstract java.lang.Class[] org.springframework.aop.framework.Advised.getProxiedInterfaces()
org.springframework.aop.framework.CglibAopProxy$ProxyCallbackFilter 2015-01-23 09:56:22,747 DEBUG - Method is declared on Advised interface: public abstract boolean org.springframework.aop.framework.Advised.isInterfaceProxied(java.lang.Class)
org.springframework.aop.framework.CglibAopProxy$ProxyCallbackFilter 2015-01-23 09:56:22,747 DEBUG - Method is declared on Advised interface: public abstract boolean org.springframework.aop.framework.Advised.replaceAdvisor(org.springframework.aop.Advisor,org.springframework.aop.Advisor) throws org.springframework.aop.framework.AopConfigException
org.springframework.aop.framework.CglibAopProxy$ProxyCallbackFilter 2015-01-23 09:56:22,747 DEBUG - Method is declared on Advised interface: public abstract java.lang.String org.springframework.aop.framework.Advised.toProxyConfigString()
org.springframework.aop.framework.CglibAopProxy$ProxyCallbackFilter 2015-01-23 09:56:22,747 DEBUG - Method is declared on Advised interface: public abstract java.lang.Class org.springframework.aop.TargetClassAware.getTargetClass()
org.springframework.beans.factory.support.AbstractAutowireCapableBeanFactory 2015-01-23 09:56:22,761 DEBUG - Finished creating instance of bean &apos;baseService&apos;
org.springframework.beans.factory.support.AbstractBeanFactory 2015-01-23 09:56:22,761 DEBUG - Returning cached instance of singleton bean &apos;baseDao&apos;
org.springframework.beans.factory.support.AbstractBeanFactory 2015-01-23 09:56:22,761 DEBUG - Returning cached instance of singleton bean &apos;dataSource&apos;
org.springframework.beans.factory.support.DefaultSingletonBeanRegistry 2015-01-23 09:56:22,761 DEBUG - Creating shared instance of singleton bean &apos;person&apos;
org.springframework.beans.factory.support.AbstractAutowireCapableBeanFactory 2015-01-23 09:56:22,761 DEBUG - Creating instance of bean &apos;person&apos;
org.springframework.beans.factory.support.AbstractAutowireCapableBeanFactory 2015-01-23 09:56:22,763 DEBUG - Eagerly caching bean &apos;person&apos; to allow for resolving potential circular references
org.springframework.beans.CachedIntrospectionResults 2015-01-23 09:56:22,763 TRACE - Getting BeanInfo for class [nla.local.pojos.Person]
org.springframework.beans.CachedIntrospectionResults 2015-01-23 09:56:22,764 TRACE - Caching PropertyDescriptors for class [nla.local.pojos.Person]
org.springframework.beans.CachedIntrospectionResults 2015-01-23 09:56:22,764 TRACE - Found bean property &apos;class&apos; of type [java.lang.Class]
org.springframework.beans.factory.support.AbstractBeanFactory 2015-01-23 09:56:22,764 DEBUG - Returning cached instance of singleton bean &apos;org.springframework.transaction.config.internalTransactionAdvisor&apos;
org.springframework.beans.factory.support.AbstractAutowireCapableBeanFactory 2015-01-23 09:56:22,765 DEBUG - Finished creating instance of bean &apos;person&apos;
org.springframework.beans.factory.support.DefaultSingletonBeanRegistry 2015-01-23 09:56:22,765 DEBUG - Creating shared instance of singleton bean &apos;jperson&apos;
org.springframework.beans.factory.support.AbstractAutowireCapableBeanFactory 2015-01-23 09:56:22,765 DEBUG - Creating instance of bean &apos;jperson&apos;
org.springframework.beans.factory.support.AbstractAutowireCapableBeanFactory 2015-01-23 09:56:22,767 DEBUG - Eagerly caching bean &apos;jperson&apos; to allow for resolving potential circular references
org.springframework.beans.CachedIntrospectionResults 2015-01-23 09:56:22,768 TRACE - Getting BeanInfo for class [nla.local.pojos.JPerson]
org.springframework.beans.CachedIntrospectionResults 2015-01-23 09:56:22,768 TRACE - Caching PropertyDescriptors for class [nla.local.pojos.JPerson]
org.springframework.beans.CachedIntrospectionResults 2015-01-23 09:56:22,768 TRACE - Found bean property &apos;class&apos; of type [java.lang.Class]
org.springframework.beans.CachedIntrospectionResults 2015-01-23 09:56:22,769 TRACE - Found bean property &apos;subjectType&apos; of type [java.lang.Integer]
org.springframework.beans.factory.support.AbstractBeanFactory 2015-01-23 09:56:22,769 DEBUG - Returning cached instance of singleton bean &apos;org.springframework.transaction.config.internalTransactionAdvisor&apos;
org.springframework.beans.factory.support.AbstractAutowireCapableBeanFactory 2015-01-23 09:56:22,770 DEBUG - Finished creating instance of bean &apos;jperson&apos;
org.springframework.beans.factory.support.DefaultSingletonBeanRegistry 2015-01-23 09:56:22,770 DEBUG - Creating shared instance of singleton bean &apos;pperson&apos;
org.springframework.beans.factory.support.AbstractAutowireCapableBeanFactory 2015-01-23 09:56:22,770 DEBUG - Creating instance of bean &apos;pperson&apos;
org.springframework.beans.factory.support.AbstractAutowireCapableBeanFactory 2015-01-23 09:56:22,772 DEBUG - Eagerly caching bean &apos;pperson&apos; to allow for resolving potential circular references
org.springframework.beans.CachedIntrospectionResults 2015-01-23 09:56:22,772 TRACE - Getting BeanInfo for class [nla.local.pojos.PPerson]
org.springframework.beans.CachedIntrospectionResults 2015-01-23 09:56:22,773 TRACE - Caching PropertyDescriptors for class [nla.local.pojos.PPerson]
org.springframework.beans.CachedIntrospectionResults 2015-01-23 09:56:22,773 TRACE - Found bean property &apos;class&apos; of type [java.lang.Class]
org.springframework.beans.factory.support.AbstractBeanFactory 2015-01-23 09:56:22,774 DEBUG - Returning cached instance of singleton bean &apos;org.springframework.transaction.config.internalTransactionAdvisor&apos;
org.springframework.beans.factory.support.AbstractAutowireCapableBeanFactory 2015-01-23 09:56:22,774 DEBUG - Finished creating instance of bean &apos;pperson&apos;
org.springframework.beans.factory.support.DefaultSingletonBeanRegistry 2015-01-23 09:56:22,774 DEBUG - Creating shared instance of singleton bean &apos;address&apos;
org.springframework.beans.factory.support.AbstractAutowireCapableBeanFactory 2015-01-23 09:56:22,774 DEBUG - Creating instance of bean &apos;address&apos;
org.springframework.beans.factory.support.AbstractAutowireCapableBeanFactory 2015-01-23 09:56:22,776 DEBUG - Eagerly caching bean &apos;address&apos; to allow for resolving potential circular references
org.springframework.beans.CachedIntrospectionResults 2015-01-23 09:56:22,776 TRACE - Getting BeanInfo for class [nla.local.pojos.Address]
org.springframework.beans.CachedIntrospectionResults 2015-01-23 09:56:22,777 TRACE - Caching PropertyDescriptors for class [nla.local.pojos.Address]
org.springframework.beans.CachedIntrospectionResults 2015-01-23 09:56:22,777 TRACE - Found bean property &apos;class&apos; of type [java.lang.Class]
org.springframework.beans.factory.support.AbstractBeanFactory 2015-01-23 09:56:22,777 DEBUG - Returning cached instance of singleton bean &apos;org.springframework.transaction.config.internalTransactionAdvisor&apos;
org.springframework.beans.factory.support.AbstractAutowireCapableBeanFactory 2015-01-23 09:56:22,778 DEBUG - Finished creating instance of bean &apos;address&apos;
org.springframework.beans.factory.support.AbstractBeanFactory 2015-01-23 09:56:22,778 DEBUG - Returning cached instance of singleton bean &apos;sessionFactory&apos;
org.springframework.beans.factory.support.DefaultSingletonBeanRegistry 2015-01-23 09:56:22,778 DEBUG - Creating shared instance of singleton bean &apos;transactionManager&apos;
org.springframework.beans.factory.support.AbstractAutowireCapableBeanFactory 2015-01-23 09:56:22,778 DEBUG - Creating instance of bean &apos;transactionManager&apos;
org.springframework.beans.factory.support.AbstractAutowireCapableBeanFactory 2015-01-23 09:56:22,783 DEBUG - Eagerly caching bean &apos;transactionManager&apos; to allow for resolving potential circular references
org.springframework.beans.CachedIntrospectionResults 2015-01-23 09:56:22,784 TRACE - Getting BeanInfo for class [org.springframework.orm.hibernate3.HibernateTransactionManager]
org.springframework.beans.CachedIntrospectionResults 2015-01-23 09:56:22,786 TRACE - Caching PropertyDescriptors for class [org.springframework.orm.hibernate3.HibernateTransactionManager]
org.springframework.beans.CachedIntrospectionResults 2015-01-23 09:56:22,786 TRACE - Found bean property &apos;autodetectDataSource&apos; of type [boolean]
org.springframework.beans.CachedIntrospectionResults 2015-01-23 09:56:22,786 TRACE - Found bean property &apos;beanFactory&apos; of type [org.springframework.beans.factory.BeanFactory]
org.springframework.beans.CachedIntrospectionResults 2015-01-23 09:56:22,786 TRACE - Found bean property &apos;class&apos; of type [java.lang.Class]
org.springframework.beans.CachedIntrospectionResults 2015-01-23 09:56:22,786 TRACE - Found bean property &apos;dataSource&apos; of type [javax.sql.DataSource]
org.springframework.beans.CachedIntrospectionResults 2015-01-23 09:56:22,786 TRACE - Found bean property &apos;defaultTimeout&apos; of type [int]
org.springframework.beans.CachedIntrospectionResults 2015-01-23 09:56:22,786 TRACE - Found bean property &apos;earlyFlushBeforeCommit&apos; of type [boolean]
org.springframework.beans.CachedIntrospectionResults 2015-01-23 09:56:22,786 TRACE - Found bean property &apos;entityInterceptor&apos; of type [org.hibernate.Interceptor]
org.springframework.beans.CachedIntrospectionResults 2015-01-23 09:56:22,787 TRACE - Found bean property &apos;entityInterceptorBeanName&apos; of type [java.lang.String]
org.springframework.beans.CachedIntrospectionResults 2015-01-23 09:56:22,787 TRACE - Found bean property &apos;failEarlyOnGlobalRollbackOnly&apos; of type [boolean]
org.springframework.beans.CachedIntrospectionResults 2015-01-23 09:56:22,787 TRACE - Found bean property &apos;globalRollbackOnParticipationFailure&apos; of type [boolean]
org.springframework.beans.CachedIntrospectionResults 2015-01-23 09:56:22,787 TRACE - Found bean property &apos;hibernateManagedSession&apos; of type [boolean]
org.springframework.beans.CachedIntrospectionResults 2015-01-23 09:56:22,787 TRACE - Found bean property &apos;jdbcExceptionTranslator&apos; of type [org.springframework.jdbc.support.SQLExceptionTranslator]
org.springframework.beans.CachedIntrospectionResults 2015-01-23 09:56:22,787 TRACE - Found bean property &apos;nestedTransactionAllowed&apos; of type [boolean]
org.springframework.beans.CachedIntrospectionResults 2015-01-23 09:56:22,787 TRACE - Found bean property &apos;prepareConnection&apos; of type [boolean]
org.springframework.beans.CachedIntrospectionResults 2015-01-23 09:56:22,787 TRACE - Found bean property &apos;resourceFactory&apos; of type [java.lang.Object]
org.springframework.beans.CachedIntrospectionResults 2015-01-23 09:56:22,788 TRACE - Found bean property &apos;rollbackOnCommitFailure&apos; of type [boolean]
org.springframework.beans.CachedIntrospectionResults 2015-01-23 09:56:22,788 TRACE - Found bean property &apos;sessionFactory&apos; of type [org.hibernate.SessionFactory]
org.springframework.beans.CachedIntrospectionResults 2015-01-23 09:56:22,788 TRACE - Found bean property &apos;transactionSynchronization&apos; of type [int]
org.springframework.beans.CachedIntrospectionResults 2015-01-23 09:56:22,788 TRACE - Found bean property &apos;transactionSynchronizationName&apos; of type [java.lang.String]
org.springframework.beans.CachedIntrospectionResults 2015-01-23 09:56:22,788 TRACE - Found bean property &apos;validateExistingTransaction&apos; of type [boolean]
org.springframework.beans.factory.support.AbstractBeanFactory 2015-01-23 09:56:22,790 DEBUG - Returning cached instance of singleton bean &apos;sessionFactory&apos;
org.springframework.beans.factory.support.AbstractBeanFactory 2015-01-23 09:56:22,790 DEBUG - Returning cached instance of singleton bean &apos;dataSource&apos;
org.springframework.beans.factory.support.AbstractAutowireCapableBeanFactory 2015-01-23 09:56:22,790 DEBUG - Invoking afterPropertiesSet() on bean with name &apos;transactionManager&apos;
org.springframework.beans.factory.support.AbstractBeanFactory 2015-01-23 09:56:22,790 DEBUG - Returning cached instance of singleton bean &apos;org.springframework.transaction.config.internalTransactionAdvisor&apos;
org.springframework.beans.factory.support.AbstractAutowireCapableBeanFactory 2015-01-23 09:56:22,791 DEBUG - Finished creating instance of bean &apos;transactionManager&apos;
org.springframework.beans.factory.support.AbstractBeanFactory 2015-01-23 09:56:22,792 DEBUG - Returning cached instance of singleton bean &apos;org.springframework.aop.config.internalAutoProxyCreator&apos;
org.springframework.beans.factory.support.AbstractBeanFactory 2015-01-23 09:56:22,792 DEBUG - Returning cached instance of singleton bean &apos;org.springframework.transaction.annotation.AnnotationTransactionAttributeSource#0&apos;
org.springframework.beans.factory.support.AbstractBeanFactory 2015-01-23 09:56:22,792 DEBUG - Returning cached instance of singleton bean &apos;org.springframework.transaction.interceptor.TransactionInterceptor#0&apos;
org.springframework.beans.factory.support.AbstractBeanFactory 2015-01-23 09:56:22,792 DEBUG - Returning cached instance of singleton bean &apos;org.springframework.transaction.config.internalTransactionAdvisor&apos;
org.springframework.beans.factory.support.AbstractBeanFactory 2015-01-23 09:56:22,792 DEBUG - Returning cached instance of singleton bean &apos;org.springframework.context.annotation.ConfigurationClassPostProcessor.importAwareProcessor&apos;
org.springframework.beans.factory.support.AbstractBeanFactory 2015-01-23 09:56:22,792 DEBUG - Returning cached instance of singleton bean &apos;org.springframework.context.annotation.ConfigurationClassPostProcessor.enhancedConfigurationProcessor&apos;
org.springframework.context.support.AbstractApplicationContext 2015-01-23 09:56:22,793 DEBUG - Unable to locate LifecycleProcessor with name &apos;lifecycleProcessor&apos;: using default [org.springframework.context.support.DefaultLifecycleProcessor@3d086816]
org.springframework.beans.factory.support.AbstractBeanFactory 2015-01-23 09:56:22,793 DEBUG - Returning cached instance of singleton bean &apos;lifecycleProcessor&apos;
org.springframework.context.support.AbstractApplicationContext 2015-01-23 09:56:22,793 TRACE - Publishing event in org.springframework.context.support.ClassPathXmlApplicationContext@752dc320: org.springframework.context.event.ContextRefreshedEvent[source=org.springframework.context.support.ClassPathXmlApplicationContext@752dc320: startup date [Fri Jan 23 09:56:20 GMT+03:00 2015]; root of context hierarchy]
org.springframework.core.env.PropertySourcesPropertyResolver 2015-01-23 09:56:22,795 TRACE - getProperty(&quot;spring.liveBeansView.mbeanDomain&quot;, String)
org.springframework.core.env.PropertySourcesPropertyResolver 2015-01-23 09:56:22,795 DEBUG - Searching for key &apos;spring.liveBeansView.mbeanDomain&apos; in [systemProperties]
org.springframework.core.env.PropertySourcesPropertyResolver 2015-01-23 09:56:22,795 DEBUG - Searching for key &apos;spring.liveBeansView.mbeanDomain&apos; in [systemEnvironment]
org.springframework.core.env.EnumerablePropertySource 2015-01-23 09:56:22,795 TRACE - PropertySource [systemEnvironment] does not contain &apos;spring.liveBeansView.mbeanDomain&apos;
org.springframework.core.env.EnumerablePropertySource 2015-01-23 09:56:22,795 TRACE - PropertySource [systemEnvironment] does not contain &apos;spring_liveBeansView_mbeanDomain&apos;
org.springframework.core.env.EnumerablePropertySource 2015-01-23 09:56:22,795 TRACE - PropertySource [systemEnvironment] does not contain &apos;SPRING.LIVEBEANSVIEW.MBEANDOMAIN&apos;
org.springframework.core.env.EnumerablePropertySource 2015-01-23 09:56:22,796 TRACE - PropertySource [systemEnvironment] does not contain &apos;SPRING_LIVEBEANSVIEW_MBEANDOMAIN&apos;
org.springframework.core.env.PropertySourcesPropertyResolver 2015-01-23 09:56:22,796 DEBUG - Could not find key &apos;spring.liveBeansView.mbeanDomain&apos; in any property source. Returning [null]
org.springframework.beans.factory.support.AbstractBeanFactory 2015-01-23 09:56:22,796 DEBUG - Returning cached instance of singleton bean &apos;baseService&apos;
org.springframework.beans.factory.support.AbstractBeanFactory 2015-01-23 09:56:22,798 DEBUG - Returning cached instance of singleton bean &apos;transactionManager&apos;
org.springframework.transaction.support.TransactionSynchronizationManager 2015-01-23 09:56:22,801 TRACE - Initializing transaction synchronization
org.springframework.transaction.interceptor.TransactionAspectSupport 2015-01-23 09:56:22,802 TRACE - Getting transaction for [nla.local.services.BaseService.getNamedQuery]
org.springframework.orm.hibernate3.SessionFactoryUtils 2015-01-23 09:56:22,821 DEBUG - Opening Hibernate Session
org.hibernate.impl.SessionImpl 2015-01-23 09:56:22,841 DEBUG - opened session at timestamp: 14219961828
org.springframework.orm.hibernate3.SessionFactoryUtils 2015-01-23 09:56:22,842 DEBUG - Registering Spring transaction synchronization for new Hibernate Session
org.hibernate.impl.SessionImpl 2015-01-23 09:56:22,843 TRACE - setting flush mode to: MANUAL
org.springframework.transaction.support.TransactionSynchronizationManager 2015-01-23 09:56:22,844 TRACE - Bound value [org.springframework.orm.hibernate3.SessionHolder@37d08490] for key [org.hibernate.impl.SessionFactoryImpl@7c0eb30c] to thread [main]
org.springframework.transaction.support.TransactionSynchronizationManager 2015-01-23 09:56:22,844 TRACE - Retrieved value [org.springframework.orm.hibernate3.SessionHolder@37d08490] for key [org.hibernate.impl.SessionFactoryImpl@7c0eb30c] bound to thread [main]
org.springframework.transaction.interceptor.TransactionAspectSupport 2015-01-23 09:56:22,844 TRACE - Completing transaction for [nla.local.services.BaseService.getNamedQuery] after exception: org.hibernate.MappingException: Named query not known: SUBJECT_LT
org.springframework.transaction.interceptor.RuleBasedTransactionAttribute 2015-01-23 09:56:22,844 TRACE - Applying rules to determine whether transaction should rollback on org.hibernate.MappingException: Named query not known: SUBJECT_LT
org.springframework.transaction.interceptor.RuleBasedTransactionAttribute 2015-01-23 09:56:22,844 TRACE - Winning rollback rule is: null
org.springframework.transaction.interceptor.RuleBasedTransactionAttribute 2015-01-23 09:56:22,844 TRACE - No relevant rollback rule found: applying default rules
org.springframework.transaction.support.AbstractPlatformTransactionManager 2015-01-23 09:56:22,844 TRACE - Triggering beforeCompletion synchronization
org.springframework.transaction.support.TransactionSynchronizationManager 2015-01-23 09:56:22,845 TRACE - Removed value [org.springframework.orm.hibernate3.SessionHolder@37d08490] for key [org.hibernate.impl.SessionFactoryImpl@7c0eb30c] from thread [main]
org.springframework.transaction.support.AbstractPlatformTransactionManager 2015-01-23 09:56:22,845 DEBUG - Should roll back transaction but cannot - no transaction available
org.springframework.transaction.support.AbstractPlatformTransactionManager 2015-01-23 09:56:22,845 TRACE - Triggering afterCompletion synchronization
org.hibernate.impl.SessionImpl 2015-01-23 09:56:22,845 TRACE - after transaction completion
org.springframework.orm.hibernate3.SessionFactoryUtils 2015-01-23 09:56:22,845 DEBUG - Closing Hibernate Session
org.hibernate.impl.SessionImpl 2015-01-23 09:56:22,845 TRACE - closing session
org.hibernate.jdbc.ConnectionManager 2015-01-23 09:56:22,845 TRACE - connection already null in cleanup : no action
org.springframework.transaction.support.TransactionSynchronizationManager 2015-01-23 09:56:22,846 TRACE - Clearing transaction synchronization
</system-err>
  </testcase>
</testsuite>